<protocol>
<prepared roomId="b13ab6a3-9a95-4716-9515-151c9367a070">
  <reservation>6cb502b0-1c1e-4020-9a93-446805ad851c</reservation>
  <reservation>3faf6ac2-08b7-4a0a-aaca-e849549bd567</reservation>
</prepared>
<observed roomId="b13ab6a3-9a95-4716-9515-151c9367a070"/>
<room roomId="b13ab6a3-9a95-4716-9515-151c9367a070">
  <data class="memento">
    <state class="state" turn="0" startPlayer="RED" currentPlayer="RED">
      <red displayName="Mensch Spieler 1" color="RED" index="0" carrots="68" salads="5">
        <cards>
          <type>TAKE_OR_DROP_CARROTS</type>
          <type>EAT_SALAD</type>
          <type>HURRY_AHEAD</type>
          <type>FALL_BACK</type>
        </cards>
      </red>
      <blue displayName="Mensch Spieler 2" color="BLUE" index="0" carrots="68" salads="5">
        <cards>
          <type>TAKE_OR_DROP_CARROTS</type>
          <type>EAT_SALAD</type>
          <type>HURRY_AHEAD</type>
          <type>FALL_BACK</type>
        </cards>
      </blue>
      <board>
        <fields index="0" type="START"/>
        <fields index="1" type="POSITION_2"/>
        <fields index="2" type="HARE"/>
        <fields index="3" type="CARROT"/>
        <fields index="4" type="CARROT"/>
        <fields index="5" type="POSITION_1"/>
        <fields index="6" type="HARE"/>
        <fields index="7" type="CARROT"/>
        <fields index="8" type="CARROT"/>
        <fields index="9" type="HARE"/>
        <fields index="10" type="SALAD"/>
        <fields index="11" type="HEDGEHOG"/>
        <fields index="12" type="CARROT"/>
        <fields index="13" type="HARE"/>
        <fields index="14" type="CARROT"/>
        <fields index="15" type="HEDGEHOG"/>
        <fields index="16" type="POSITION_1"/>
        <fields index="17" type="CARROT"/>
        <fields index="18" type="POSITION_2"/>
        <fields index="19" type="HEDGEHOG"/>
        <fields index="20" type="CARROT"/>
        <fields index="21" type="CARROT"/>
        <fields index="22" type="SALAD"/>
        <fields index="23" type="POSITION_2"/>
        <fields index="24" type="HEDGEHOG"/>
        <fields index="25" type="HARE"/>
        <fields index="26" type="CARROT"/>
        <fields index="27" type="POSITION_2"/>
        <fields index="28" type="CARROT"/>
        <fields index="29" type="CARROT"/>
        <fields index="30" type="HEDGEHOG"/>
        <fields index="31" type="HARE"/>
        <fields index="32" type="CARROT"/>
        <fields index="33" type="CARROT"/>
        <fields index="34" type="POSITION_1"/>
        <fields index="35" type="POSITION_2"/>
        <fields index="36" type="HARE"/>
        <fields index="37" type="HEDGEHOG"/>
        <fields index="38" type="POSITION_2"/>
        <fields index="39" type="CARROT"/>
        <fields index="40" type="HARE"/>
        <fields index="41" type="CARROT"/>
        <fields index="42" type="SALAD"/>
        <fields index="43" type="HEDGEHOG"/>
        <fields index="44" type="POSITION_2"/>
        <fields index="45" type="HARE"/>
        <fields index="46" type="CARROT"/>
        <fields index="47" type="CARROT"/>
        <fields index="48" type="POSITION_1"/>
        <fields index="49" type="CARROT"/>
        <fields index="50" type="HEDGEHOG"/>
        <fields index="51" type="CARROT"/>
        <fields index="52" type="POSITION_2"/>
        <fields index="53" type="CARROT"/>
        <fields index="54" type="CARROT"/>
        <fields index="55" type="HARE"/>
        <fields index="56" type="HEDGEHOG"/>
        <fields index="57" type="SALAD"/>
        <fields index="58" type="POSITION_1"/>
        <fields index="59" type="CARROT"/>
        <fields index="60" type="HARE"/>
        <fields index="61" type="CARROT"/>
        <fields index="62" type="CARROT"/>
        <fields index="63" type="HARE"/>
        <fields index="64" type="GOAL"/>
      </board>
    </state>
  </data>
</room>
<room roomId="b13ab6a3-9a95-4716-9515-151c9367a070">
  <data class="memento">
    <state class="state" turn="1" startPlayer="RED" currentPlayer="BLUE">
      <red displayName="Mensch Spieler 1" color="RED" index="6" carrots="57" salads="4">
        <cards>
          <type>TAKE_OR_DROP_CARROTS</type>
          <type>HURRY_AHEAD</type>
          <type>FALL_BACK</type>
        </cards>
        <lastNonSkipAction class="card" order="1" type="EAT_SALAD" value="0"/>
      </red>
      <blue displayName="Mensch Spieler 2" color="BLUE" index="0" carrots="68" salads="5">
        <cards>
          <type>TAKE_OR_DROP_CARROTS</type>
          <type>EAT_SALAD</type>
          <type>HURRY_AHEAD</type>
          <type>FALL_BACK</type>
        </cards>
      </blue>
      <board>
        <fields index="0" type="START"/>
        <fields index="1" type="POSITION_2"/>
        <fields index="2" type="HARE"/>
        <fields index="3" type="CARROT"/>
        <fields index="4" type="CARROT"/>
        <fields index="5" type="POSITION_1"/>
        <fields index="6" type="HARE"/>
        <fields index="7" type="CARROT"/>
        <fields index="8" type="CARROT"/>
        <fields index="9" type="HARE"/>
        <fields index="10" type="SALAD"/>
        <fields index="11" type="HEDGEHOG"/>
        <fields index="12" type="CARROT"/>
        <fields index="13" type="HARE"/>
        <fields index="14" type="CARROT"/>
        <fields index="15" type="HEDGEHOG"/>
        <fields index="16" type="POSITION_1"/>
        <fields index="17" type="CARROT"/>
        <fields index="18" type="POSITION_2"/>
        <fields index="19" type="HEDGEHOG"/>
        <fields index="20" type="CARROT"/>
        <fields index="21" type="CARROT"/>
        <fields index="22" type="SALAD"/>
        <fields index="23" type="POSITION_2"/>
        <fields index="24" type="HEDGEHOG"/>
        <fields index="25" type="HARE"/>
        <fields index="26" type="CARROT"/>
        <fields index="27" type="POSITION_2"/>
        <fields index="28" type="CARROT"/>
        <fields index="29" type="CARROT"/>
        <fields index="30" type="HEDGEHOG"/>
        <fields index="31" type="HARE"/>
        <fields index="32" type="CARROT"/>
        <fields index="33" type="CARROT"/>
        <fields index="34" type="POSITION_1"/>
        <fields index="35" type="POSITION_2"/>
        <fields index="36" type="HARE"/>
        <fields index="37" type="HEDGEHOG"/>
        <fields index="38" type="POSITION_2"/>
        <fields index="39" type="CARROT"/>
        <fields index="40" type="HARE"/>
        <fields index="41" type="CARROT"/>
        <fields index="42" type="SALAD"/>
        <fields index="43" type="HEDGEHOG"/>
        <fields index="44" type="POSITION_2"/>
        <fields index="45" type="HARE"/>
        <fields index="46" type="CARROT"/>
        <fields index="47" type="CARROT"/>
        <fields index="48" type="POSITION_1"/>
        <fields index="49" type="CARROT"/>
        <fields index="50" type="HEDGEHOG"/>
        <fields index="51" type="CARROT"/>
        <fields index="52" type="POSITION_2"/>
        <fields index="53" type="CARROT"/>
        <fields index="54" type="CARROT"/>
        <fields index="55" type="HARE"/>
        <fields index="56" type="HEDGEHOG"/>
        <fields index="57" type="SALAD"/>
        <fields index="58" type="POSITION_1"/>
        <fields index="59" type="CARROT"/>
        <fields index="60" type="HARE"/>
        <fields index="61" type="CARROT"/>
        <fields index="62" type="CARROT"/>
        <fields index="63" type="HARE"/>
        <fields index="64" type="GOAL"/>
      </board>
      <lastMove>
        <advance order="0" distance="6"/>
        <card order="1" type="EAT_SALAD" value="0"/>
      </lastMove>
    </state>
  </data>
</room>
<room roomId="b13ab6a3-9a95-4716-9515-151c9367a070">
  <data class="memento">
    <state class="state" turn="2" startPlayer="RED" currentPlayer="RED">
      <red displayName="Mensch Spieler 1" color="RED" index="6" carrots="57" salads="4">
        <cards>
          <type>TAKE_OR_DROP_CARROTS</type>
          <type>HURRY_AHEAD</type>
          <type>FALL_BACK</type>
        </cards>
        <lastNonSkipAction class="card" order="1" type="EAT_SALAD" value="0"/>
      </red>
      <blue displayName="Mensch Spieler 2" color="BLUE" index="10" carrots="13" salads="5">
        <cards>
          <type>TAKE_OR_DROP_CARROTS</type>
          <type>EAT_SALAD</type>
          <type>HURRY_AHEAD</type>
          <type>FALL_BACK</type>
        </cards>
        <lastNonSkipAction class="advance" order="0" distance="10"/>
      </blue>
      <board>
        <fields index="0" type="START"/>
        <fields index="1" type="POSITION_2"/>
        <fields index="2" type="HARE"/>
        <fields index="3" type="CARROT"/>
        <fields index="4" type="CARROT"/>
        <fields index="5" type="POSITION_1"/>
        <fields index="6" type="HARE"/>
        <fields index="7" type="CARROT"/>
        <fields index="8" type="CARROT"/>
        <fields index="9" type="HARE"/>
        <fields index="10" type="SALAD"/>
        <fields index="11" type="HEDGEHOG"/>
        <fields index="12" type="CARROT"/>
        <fields index="13" type="HARE"/>
        <fields index="14" type="CARROT"/>
        <fields index="15" type="HEDGEHOG"/>
        <fields index="16" type="POSITION_1"/>
        <fields index="17" type="CARROT"/>
        <fields index="18" type="POSITION_2"/>
        <fields index="19" type="HEDGEHOG"/>
        <fields index="20" type="CARROT"/>
        <fields index="21" type="CARROT"/>
        <fields index="22" type="SALAD"/>
        <fields index="23" type="POSITION_2"/>
        <fields index="24" type="HEDGEHOG"/>
        <fields index="25" type="HARE"/>
        <fields index="26" type="CARROT"/>
        <fields index="27" type="POSITION_2"/>
        <fields index="28" type="CARROT"/>
        <fields index="29" type="CARROT"/>
        <fields index="30" type="HEDGEHOG"/>
        <fields index="31" type="HARE"/>
        <fields index="32" type="CARROT"/>
        <fields index="33" type="CARROT"/>
        <fields index="34" type="POSITION_1"/>
        <fields index="35" type="POSITION_2"/>
        <fields index="36" type="HARE"/>
        <fields index="37" type="HEDGEHOG"/>
        <fields index="38" type="POSITION_2"/>
        <fields index="39" type="CARROT"/>
        <fields index="40" type="HARE"/>
        <fields index="41" type="CARROT"/>
        <fields index="42" type="SALAD"/>
        <fields index="43" type="HEDGEHOG"/>
        <fields index="44" type="POSITION_2"/>
        <fields index="45" type="HARE"/>
        <fields index="46" type="CARROT"/>
        <fields index="47" type="CARROT"/>
        <fields index="48" type="POSITION_1"/>
        <fields index="49" type="CARROT"/>
        <fields index="50" type="HEDGEHOG"/>
        <fields index="51" type="CARROT"/>
        <fields index="52" type="POSITION_2"/>
        <fields index="53" type="CARROT"/>
        <fields index="54" type="CARROT"/>
        <fields index="55" type="HARE"/>
        <fields index="56" type="HEDGEHOG"/>
        <fields index="57" type="SALAD"/>
        <fields index="58" type="POSITION_1"/>
        <fields index="59" type="CARROT"/>
        <fields index="60" type="HARE"/>
        <fields index="61" type="CARROT"/>
        <fields index="62" type="CARROT"/>
        <fields index="63" type="HARE"/>
        <fields index="64" type="GOAL"/>
      </board>
      <lastMove>
        <advance order="0" distance="10"/>
      </lastMove>
    </state>
  </data>
</room>
<room roomId="b13ab6a3-9a95-4716-9515-151c9367a070">
  <data class="memento">
    <state class="state" turn="3" startPlayer="RED" currentPlayer="BLUE">
      <red displayName="Mensch Spieler 1" color="RED" index="9" carrots="51" salads="4">
        <cards>
          <type>HURRY_AHEAD</type>
          <type>FALL_BACK</type>
        </cards>
        <lastNonSkipAction class="card" order="1" type="TAKE_OR_DROP_CARROTS" value="0"/>
      </red>
      <blue displayName="Mensch Spieler 2" color="BLUE" index="10" carrots="13" salads="5">
        <cards>
          <type>TAKE_OR_DROP_CARROTS</type>
          <type>EAT_SALAD</type>
          <type>HURRY_AHEAD</type>
          <type>FALL_BACK</type>
        </cards>
        <lastNonSkipAction class="advance" order="0" distance="10"/>
      </blue>
      <board>
        <fields index="0" type="START"/>
        <fields index="1" type="POSITION_2"/>
        <fields index="2" type="HARE"/>
        <fields index="3" type="CARROT"/>
        <fields index="4" type="CARROT"/>
        <fields index="5" type="POSITION_1"/>
        <fields index="6" type="HARE"/>
        <fields index="7" type="CARROT"/>
        <fields index="8" type="CARROT"/>
        <fields index="9" type="HARE"/>
        <fields index="10" type="SALAD"/>
        <fields index="11" type="HEDGEHOG"/>
        <fields index="12" type="CARROT"/>
        <fields index="13" type="HARE"/>
        <fields index="14" type="CARROT"/>
        <fields index="15" type="HEDGEHOG"/>
        <fields index="16" type="POSITION_1"/>
        <fields index="17" type="CARROT"/>
        <fields index="18" type="POSITION_2"/>
        <fields index="19" type="HEDGEHOG"/>
        <fields index="20" type="CARROT"/>
        <fields index="21" type="CARROT"/>
        <fields index="22" type="SALAD"/>
        <fields index="23" type="POSITION_2"/>
        <fields index="24" type="HEDGEHOG"/>
        <fields index="25" type="HARE"/>
        <fields index="26" type="CARROT"/>
        <fields index="27" type="POSITION_2"/>
        <fields index="28" type="CARROT"/>
        <fields index="29" type="CARROT"/>
        <fields index="30" type="HEDGEHOG"/>
        <fields index="31" type="HARE"/>
        <fields index="32" type="CARROT"/>
        <fields index="33" type="CARROT"/>
        <fields index="34" type="POSITION_1"/>
        <fields index="35" type="POSITION_2"/>
        <fields index="36" type="HARE"/>
        <fields index="37" type="HEDGEHOG"/>
        <fields index="38" type="POSITION_2"/>
        <fields index="39" type="CARROT"/>
        <fields index="40" type="HARE"/>
        <fields index="41" type="CARROT"/>
        <fields index="42" type="SALAD"/>
        <fields index="43" type="HEDGEHOG"/>
        <fields index="44" type="POSITION_2"/>
        <fields index="45" type="HARE"/>
        <fields index="46" type="CARROT"/>
        <fields index="47" type="CARROT"/>
        <fields index="48" type="POSITION_1"/>
        <fields index="49" type="CARROT"/>
        <fields index="50" type="HEDGEHOG"/>
        <fields index="51" type="CARROT"/>
        <fields index="52" type="POSITION_2"/>
        <fields index="53" type="CARROT"/>
        <fields index="54" type="CARROT"/>
        <fields index="55" type="HARE"/>
        <fields index="56" type="HEDGEHOG"/>
        <fields index="57" type="SALAD"/>
        <fields index="58" type="POSITION_1"/>
        <fields index="59" type="CARROT"/>
        <fields index="60" type="HARE"/>
        <fields index="61" type="CARROT"/>
        <fields index="62" type="CARROT"/>
        <fields index="63" type="HARE"/>
        <fields index="64" type="GOAL"/>
      </board>
      <lastMove>
        <advance order="0" distance="3"/>
        <card order="1" type="TAKE_OR_DROP_CARROTS" value="0"/>
      </lastMove>
    </state>
  </data>
</room>
<room roomId="b13ab6a3-9a95-4716-9515-151c9367a070">
  <data class="memento">
    <state class="state" turn="4" startPlayer="RED" currentPlayer="RED">
      <red displayName="Mensch Spieler 1" color="RED" index="9" carrots="51" salads="4">
        <cards>
          <type>HURRY_AHEAD</type>
          <type>FALL_BACK</type>
        </cards>
        <lastNonSkipAction class="card" order="1" type="TAKE_OR_DROP_CARROTS" value="0"/>
      </red>
      <blue displayName="Mensch Spieler 2" color="BLUE" index="10" carrots="23" salads="4">
        <cards>
          <type>TAKE_OR_DROP_CARROTS</type>
          <type>EAT_SALAD</type>
          <type>HURRY_AHEAD</type>
          <type>FALL_BACK</type>
        </cards>
        <lastNonSkipAction class="eatSalad" order="0"/>
      </blue>
      <board>
        <fields index="0" type="START"/>
        <fields index="1" type="POSITION_2"/>
        <fields index="2" type="HARE"/>
        <fields index="3" type="CARROT"/>
        <fields index="4" type="CARROT"/>
        <fields index="5" type="POSITION_1"/>
        <fields index="6" type="HARE"/>
        <fields index="7" type="CARROT"/>
        <fields index="8" type="CARROT"/>
        <fields index="9" type="HARE"/>
        <fields index="10" type="SALAD"/>
        <fields index="11" type="HEDGEHOG"/>
        <fields index="12" type="CARROT"/>
        <fields index="13" type="HARE"/>
        <fields index="14" type="CARROT"/>
        <fields index="15" type="HEDGEHOG"/>
        <fields index="16" type="POSITION_1"/>
        <fields index="17" type="CARROT"/>
        <fields index="18" type="POSITION_2"/>
        <fields index="19" type="HEDGEHOG"/>
        <fields index="20" type="CARROT"/>
        <fields index="21" type="CARROT"/>
        <fields index="22" type="SALAD"/>
        <fields index="23" type="POSITION_2"/>
        <fields index="24" type="HEDGEHOG"/>
        <fields index="25" type="HARE"/>
        <fields index="26" type="CARROT"/>
        <fields index="27" type="POSITION_2"/>
        <fields index="28" type="CARROT"/>
        <fields index="29" type="CARROT"/>
        <fields index="30" type="HEDGEHOG"/>
        <fields index="31" type="HARE"/>
        <fields index="32" type="CARROT"/>
        <fields index="33" type="CARROT"/>
        <fields index="34" type="POSITION_1"/>
        <fields index="35" type="POSITION_2"/>
        <fields index="36" type="HARE"/>
        <fields index="37" type="HEDGEHOG"/>
        <fields index="38" type="POSITION_2"/>
        <fields index="39" type="CARROT"/>
        <fields index="40" type="HARE"/>
        <fields index="41" type="CARROT"/>
        <fields index="42" type="SALAD"/>
        <fields index="43" type="HEDGEHOG"/>
        <fields index="44" type="POSITION_2"/>
        <fields index="45" type="HARE"/>
        <fields index="46" type="CARROT"/>
        <fields index="47" type="CARROT"/>
        <fields index="48" type="POSITION_1"/>
        <fields index="49" type="CARROT"/>
        <fields index="50" type="HEDGEHOG"/>
        <fields index="51" type="CARROT"/>
        <fields index="52" type="POSITION_2"/>
        <fields index="53" type="CARROT"/>
        <fields index="54" type="CARROT"/>
        <fields index="55" type="HARE"/>
        <fields index="56" type="HEDGEHOG"/>
        <fields index="57" type="SALAD"/>
        <fields index="58" type="POSITION_1"/>
        <fields index="59" type="CARROT"/>
        <fields index="60" type="HARE"/>
        <fields index="61" type="CARROT"/>
        <fields index="62" type="CARROT"/>
        <fields index="63" type="HARE"/>
        <fields index="64" type="GOAL"/>
      </board>
      <lastMove>
        <eatSalad order="0"/>
      </lastMove>
    </state>
  </data>
</room>
<room roomId="b13ab6a3-9a95-4716-9515-151c9367a070">
  <data class="memento">
    <state class="state" turn="5" startPlayer="RED" currentPlayer="BLUE">
      <red displayName="Mensch Spieler 1" color="RED" index="12" carrots="45" salads="4">
        <cards>
          <type>HURRY_AHEAD</type>
          <type>FALL_BACK</type>
        </cards>
        <lastNonSkipAction class="advance" order="0" distance="3"/>
      </red>
      <blue displayName="Mensch Spieler 2" color="BLUE" index="10" carrots="23" salads="4">
        <cards>
          <type>TAKE_OR_DROP_CARROTS</type>
          <type>EAT_SALAD</type>
          <type>HURRY_AHEAD</type>
          <type>FALL_BACK</type>
        </cards>
        <lastNonSkipAction class="eatSalad" order="0"/>
      </blue>
      <board>
        <fields index="0" type="START"/>
        <fields index="1" type="POSITION_2"/>
        <fields index="2" type="HARE"/>
        <fields index="3" type="CARROT"/>
        <fields index="4" type="CARROT"/>
        <fields index="5" type="POSITION_1"/>
        <fields index="6" type="HARE"/>
        <fields index="7" type="CARROT"/>
        <fields index="8" type="CARROT"/>
        <fields index="9" type="HARE"/>
        <fields index="10" type="SALAD"/>
        <fields index="11" type="HEDGEHOG"/>
        <fields index="12" type="CARROT"/>
        <fields index="13" type="HARE"/>
        <fields index="14" type="CARROT"/>
        <fields index="15" type="HEDGEHOG"/>
        <fields index="16" type="POSITION_1"/>
        <fields index="17" type="CARROT"/>
        <fields index="18" type="POSITION_2"/>
        <fields index="19" type="HEDGEHOG"/>
        <fields index="20" type="CARROT"/>
        <fields index="21" type="CARROT"/>
        <fields index="22" type="SALAD"/>
        <fields index="23" type="POSITION_2"/>
        <fields index="24" type="HEDGEHOG"/>
        <fields index="25" type="HARE"/>
        <fields index="26" type="CARROT"/>
        <fields index="27" type="POSITION_2"/>
        <fields index="28" type="CARROT"/>
        <fields index="29" type="CARROT"/>
        <fields index="30" type="HEDGEHOG"/>
        <fields index="31" type="HARE"/>
        <fields index="32" type="CARROT"/>
        <fields index="33" type="CARROT"/>
        <fields index="34" type="POSITION_1"/>
        <fields index="35" type="POSITION_2"/>
        <fields index="36" type="HARE"/>
        <fields index="37" type="HEDGEHOG"/>
        <fields index="38" type="POSITION_2"/>
        <fields index="39" type="CARROT"/>
        <fields index="40" type="HARE"/>
        <fields index="41" type="CARROT"/>
        <fields index="42" type="SALAD"/>
        <fields index="43" type="HEDGEHOG"/>
        <fields index="44" type="POSITION_2"/>
        <fields index="45" type="HARE"/>
        <fields index="46" type="CARROT"/>
        <fields index="47" type="CARROT"/>
        <fields index="48" type="POSITION_1"/>
        <fields index="49" type="CARROT"/>
        <fields index="50" type="HEDGEHOG"/>
        <fields index="51" type="CARROT"/>
        <fields index="52" type="POSITION_2"/>
        <fields index="53" type="CARROT"/>
        <fields index="54" type="CARROT"/>
        <fields index="55" type="HARE"/>
        <fields index="56" type="HEDGEHOG"/>
        <fields index="57" type="SALAD"/>
        <fields index="58" type="POSITION_1"/>
        <fields index="59" type="CARROT"/>
        <fields index="60" type="HARE"/>
        <fields index="61" type="CARROT"/>
        <fields index="62" type="CARROT"/>
        <fields index="63" type="HARE"/>
        <fields index="64" type="GOAL"/>
      </board>
      <lastMove>
        <advance order="0" distance="3"/>
      </lastMove>
    </state>
  </data>
</room>
<room roomId="b13ab6a3-9a95-4716-9515-151c9367a070">
  <data class="memento">
    <state class="state" turn="6" startPlayer="RED" currentPlayer="RED">
      <red displayName="Mensch Spieler 1" color="RED" index="12" carrots="45" salads="4">
        <cards>
          <type>HURRY_AHEAD</type>
          <type>FALL_BACK</type>
        </cards>
        <lastNonSkipAction class="advance" order="0" distance="3"/>
      </red>
      <blue displayName="Mensch Spieler 2" color="BLUE" index="13" carrots="27" salads="3">
        <cards>
          <type>TAKE_OR_DROP_CARROTS</type>
          <type>HURRY_AHEAD</type>
          <type>FALL_BACK</type>
        </cards>
        <lastNonSkipAction class="card" order="1" type="EAT_SALAD" value="0"/>
      </blue>
      <board>
        <fields index="0" type="START"/>
        <fields index="1" type="POSITION_2"/>
        <fields index="2" type="HARE"/>
        <fields index="3" type="CARROT"/>
        <fields index="4" type="CARROT"/>
        <fields index="5" type="POSITION_1"/>
        <fields index="6" type="HARE"/>
        <fields index="7" type="CARROT"/>
        <fields index="8" type="CARROT"/>
        <fields index="9" type="HARE"/>
        <fields index="10" type="SALAD"/>
        <fields index="11" type="HEDGEHOG"/>
        <fields index="12" type="CARROT"/>
        <fields index="13" type="HARE"/>
        <fields index="14" type="CARROT"/>
        <fields index="15" type="HEDGEHOG"/>
        <fields index="16" type="POSITION_1"/>
        <fields index="17" type="CARROT"/>
        <fields index="18" type="POSITION_2"/>
        <fields index="19" type="HEDGEHOG"/>
        <fields index="20" type="CARROT"/>
        <fields index="21" type="CARROT"/>
        <fields index="22" type="SALAD"/>
        <fields index="23" type="POSITION_2"/>
        <fields index="24" type="HEDGEHOG"/>
        <fields index="25" type="HARE"/>
        <fields index="26" type="CARROT"/>
        <fields index="27" type="POSITION_2"/>
        <fields index="28" type="CARROT"/>
        <fields index="29" type="CARROT"/>
        <fields index="30" type="HEDGEHOG"/>
        <fields index="31" type="HARE"/>
        <fields index="32" type="CARROT"/>
        <fields index="33" type="CARROT"/>
        <fields index="34" type="POSITION_1"/>
        <fields index="35" type="POSITION_2"/>
        <fields index="36" type="HARE"/>
        <fields index="37" type="HEDGEHOG"/>
        <fields index="38" type="POSITION_2"/>
        <fields index="39" type="CARROT"/>
        <fields index="40" type="HARE"/>
        <fields index="41" type="CARROT"/>
        <fields index="42" type="SALAD"/>
        <fields index="43" type="HEDGEHOG"/>
        <fields index="44" type="POSITION_2"/>
        <fields index="45" type="HARE"/>
        <fields index="46" type="CARROT"/>
        <fields index="47" type="CARROT"/>
        <fields index="48" type="POSITION_1"/>
        <fields index="49" type="CARROT"/>
        <fields index="50" type="HEDGEHOG"/>
        <fields index="51" type="CARROT"/>
        <fields index="52" type="POSITION_2"/>
        <fields index="53" type="CARROT"/>
        <fields index="54" type="CARROT"/>
        <fields index="55" type="HARE"/>
        <fields index="56" type="HEDGEHOG"/>
        <fields index="57" type="SALAD"/>
        <fields index="58" type="POSITION_1"/>
        <fields index="59" type="CARROT"/>
        <fields index="60" type="HARE"/>
        <fields index="61" type="CARROT"/>
        <fields index="62" type="CARROT"/>
        <fields index="63" type="HARE"/>
        <fields index="64" type="GOAL"/>
      </board>
      <lastMove>
        <advance order="0" distance="3"/>
        <card order="1" type="EAT_SALAD" value="0"/>
      </lastMove>
    </state>
  </data>
</room>
<room roomId="b13ab6a3-9a95-4716-9515-151c9367a070">
  <data class="memento">
    <state class="state" turn="7" startPlayer="RED" currentPlayer="BLUE">
      <red displayName="Mensch Spieler 1" color="RED" index="11" carrots="55" salads="4">
        <cards>
          <type>HURRY_AHEAD</type>
          <type>FALL_BACK</type>
        </cards>
        <lastNonSkipAction class="fallBack" order="0"/>
      </red>
      <blue displayName="Mensch Spieler 2" color="BLUE" index="13" carrots="27" salads="3">
        <cards>
          <type>TAKE_OR_DROP_CARROTS</type>
          <type>HURRY_AHEAD</type>
          <type>FALL_BACK</type>
        </cards>
        <lastNonSkipAction class="card" order="1" type="EAT_SALAD" value="0"/>
      </blue>
      <board>
        <fields index="0" type="START"/>
        <fields index="1" type="POSITION_2"/>
        <fields index="2" type="HARE"/>
        <fields index="3" type="CARROT"/>
        <fields index="4" type="CARROT"/>
        <fields index="5" type="POSITION_1"/>
        <fields index="6" type="HARE"/>
        <fields index="7" type="CARROT"/>
        <fields index="8" type="CARROT"/>
        <fields index="9" type="HARE"/>
        <fields index="10" type="SALAD"/>
        <fields index="11" type="HEDGEHOG"/>
        <fields index="12" type="CARROT"/>
        <fields index="13" type="HARE"/>
        <fields index="14" type="CARROT"/>
        <fields index="15" type="HEDGEHOG"/>
        <fields index="16" type="POSITION_1"/>
        <fields index="17" type="CARROT"/>
        <fields index="18" type="POSITION_2"/>
        <fields index="19" type="HEDGEHOG"/>
        <fields index="20" type="CARROT"/>
        <fields index="21" type="CARROT"/>
        <fields index="22" type="SALAD"/>
        <fields index="23" type="POSITION_2"/>
        <fields index="24" type="HEDGEHOG"/>
        <fields index="25" type="HARE"/>
        <fields index="26" type="CARROT"/>
        <fields index="27" type="POSITION_2"/>
        <fields index="28" type="CARROT"/>
        <fields index="29" type="CARROT"/>
        <fields index="30" type="HEDGEHOG"/>
        <fields index="31" type="HARE"/>
        <fields index="32" type="CARROT"/>
        <fields index="33" type="CARROT"/>
        <fields index="34" type="POSITION_1"/>
        <fields index="35" type="POSITION_2"/>
        <fields index="36" type="HARE"/>
        <fields index="37" type="HEDGEHOG"/>
        <fields index="38" type="POSITION_2"/>
        <fields index="39" type="CARROT"/>
        <fields index="40" type="HARE"/>
        <fields index="41" type="CARROT"/>
        <fields index="42" type="SALAD"/>
        <fields index="43" type="HEDGEHOG"/>
        <fields index="44" type="POSITION_2"/>
        <fields index="45" type="HARE"/>
        <fields index="46" type="CARROT"/>
        <fields index="47" type="CARROT"/>
        <fields index="48" type="POSITION_1"/>
        <fields index="49" type="CARROT"/>
        <fields index="50" type="HEDGEHOG"/>
        <fields index="51" type="CARROT"/>
        <fields index="52" type="POSITION_2"/>
        <fields index="53" type="CARROT"/>
        <fields index="54" type="CARROT"/>
        <fields index="55" type="HARE"/>
        <fields index="56" type="HEDGEHOG"/>
        <fields index="57" type="SALAD"/>
        <fields index="58" type="POSITION_1"/>
        <fields index="59" type="CARROT"/>
        <fields index="60" type="HARE"/>
        <fields index="61" type="CARROT"/>
        <fields index="62" type="CARROT"/>
        <fields index="63" type="HARE"/>
        <fields index="64" type="GOAL"/>
      </board>
      <lastMove>
        <fallBack order="0"/>
      </lastMove>
    </state>
  </data>
</room>
<room roomId="b13ab6a3-9a95-4716-9515-151c9367a070">
  <data class="memento">
    <state class="state" turn="8" startPlayer="RED" currentPlayer="RED">
      <red displayName="Mensch Spieler 1" color="RED" index="11" carrots="55" salads="4">
        <cards>
          <type>HURRY_AHEAD</type>
          <type>FALL_BACK</type>
        </cards>
        <lastNonSkipAction class="fallBack" order="0"/>
      </red>
      <blue displayName="Mensch Spieler 2" color="BLUE" index="18" carrots="12" salads="3">
        <cards>
          <type>TAKE_OR_DROP_CARROTS</type>
          <type>HURRY_AHEAD</type>
          <type>FALL_BACK</type>
        </cards>
        <lastNonSkipAction class="advance" order="0" distance="5"/>
      </blue>
      <board>
        <fields index="0" type="START"/>
        <fields index="1" type="POSITION_2"/>
        <fields index="2" type="HARE"/>
        <fields index="3" type="CARROT"/>
        <fields index="4" type="CARROT"/>
        <fields index="5" type="POSITION_1"/>
        <fields index="6" type="HARE"/>
        <fields index="7" type="CARROT"/>
        <fields index="8" type="CARROT"/>
        <fields index="9" type="HARE"/>
        <fields index="10" type="SALAD"/>
        <fields index="11" type="HEDGEHOG"/>
        <fields index="12" type="CARROT"/>
        <fields index="13" type="HARE"/>
        <fields index="14" type="CARROT"/>
        <fields index="15" type="HEDGEHOG"/>
        <fields index="16" type="POSITION_1"/>
        <fields index="17" type="CARROT"/>
        <fields index="18" type="POSITION_2"/>
        <fields index="19" type="HEDGEHOG"/>
        <fields index="20" type="CARROT"/>
        <fields index="21" type="CARROT"/>
        <fields index="22" type="SALAD"/>
        <fields index="23" type="POSITION_2"/>
        <fields index="24" type="HEDGEHOG"/>
        <fields index="25" type="HARE"/>
        <fields index="26" type="CARROT"/>
        <fields index="27" type="POSITION_2"/>
        <fields index="28" type="CARROT"/>
        <fields index="29" type="CARROT"/>
        <fields index="30" type="HEDGEHOG"/>
        <fields index="31" type="HARE"/>
        <fields index="32" type="CARROT"/>
        <fields index="33" type="CARROT"/>
        <fields index="34" type="POSITION_1"/>
        <fields index="35" type="POSITION_2"/>
        <fields index="36" type="HARE"/>
        <fields index="37" type="HEDGEHOG"/>
        <fields index="38" type="POSITION_2"/>
        <fields index="39" type="CARROT"/>
        <fields index="40" type="HARE"/>
        <fields index="41" type="CARROT"/>
        <fields index="42" type="SALAD"/>
        <fields index="43" type="HEDGEHOG"/>
        <fields index="44" type="POSITION_2"/>
        <fields index="45" type="HARE"/>
        <fields index="46" type="CARROT"/>
        <fields index="47" type="CARROT"/>
        <fields index="48" type="POSITION_1"/>
        <fields index="49" type="CARROT"/>
        <fields index="50" type="HEDGEHOG"/>
        <fields index="51" type="CARROT"/>
        <fields index="52" type="POSITION_2"/>
        <fields index="53" type="CARROT"/>
        <fields index="54" type="CARROT"/>
        <fields index="55" type="HARE"/>
        <fields index="56" type="HEDGEHOG"/>
        <fields index="57" type="SALAD"/>
        <fields index="58" type="POSITION_1"/>
        <fields index="59" type="CARROT"/>
        <fields index="60" type="HARE"/>
        <fields index="61" type="CARROT"/>
        <fields index="62" type="CARROT"/>
        <fields index="63" type="HARE"/>
        <fields index="64" type="GOAL"/>
      </board>
      <lastMove>
        <advance order="0" distance="5"/>
      </lastMove>
    </state>
  </data>
</room>
<room roomId="b13ab6a3-9a95-4716-9515-151c9367a070">
  <data class="memento">
    <state class="state" turn="9" startPlayer="RED" currentPlayer="BLUE">
      <red displayName="Mensch Spieler 1" color="RED" index="14" carrots="49" salads="4">
        <cards>
          <type>HURRY_AHEAD</type>
          <type>FALL_BACK</type>
        </cards>
        <lastNonSkipAction class="advance" order="0" distance="3"/>
      </red>
      <blue displayName="Mensch Spieler 2" color="BLUE" index="18" carrots="12" salads="3">
        <cards>
          <type>TAKE_OR_DROP_CARROTS</type>
          <type>HURRY_AHEAD</type>
          <type>FALL_BACK</type>
        </cards>
        <lastNonSkipAction class="advance" order="0" distance="5"/>
      </blue>
      <board>
        <fields index="0" type="START"/>
        <fields index="1" type="POSITION_2"/>
        <fields index="2" type="HARE"/>
        <fields index="3" type="CARROT"/>
        <fields index="4" type="CARROT"/>
        <fields index="5" type="POSITION_1"/>
        <fields index="6" type="HARE"/>
        <fields index="7" type="CARROT"/>
        <fields index="8" type="CARROT"/>
        <fields index="9" type="HARE"/>
        <fields index="10" type="SALAD"/>
        <fields index="11" type="HEDGEHOG"/>
        <fields index="12" type="CARROT"/>
        <fields index="13" type="HARE"/>
        <fields index="14" type="CARROT"/>
        <fields index="15" type="HEDGEHOG"/>
        <fields index="16" type="POSITION_1"/>
        <fields index="17" type="CARROT"/>
        <fields index="18" type="POSITION_2"/>
        <fields index="19" type="HEDGEHOG"/>
        <fields index="20" type="CARROT"/>
        <fields index="21" type="CARROT"/>
        <fields index="22" type="SALAD"/>
        <fields index="23" type="POSITION_2"/>
        <fields index="24" type="HEDGEHOG"/>
        <fields index="25" type="HARE"/>
        <fields index="26" type="CARROT"/>
        <fields index="27" type="POSITION_2"/>
        <fields index="28" type="CARROT"/>
        <fields index="29" type="CARROT"/>
        <fields index="30" type="HEDGEHOG"/>
        <fields index="31" type="HARE"/>
        <fields index="32" type="CARROT"/>
        <fields index="33" type="CARROT"/>
        <fields index="34" type="POSITION_1"/>
        <fields index="35" type="POSITION_2"/>
        <fields index="36" type="HARE"/>
        <fields index="37" type="HEDGEHOG"/>
        <fields index="38" type="POSITION_2"/>
        <fields index="39" type="CARROT"/>
        <fields index="40" type="HARE"/>
        <fields index="41" type="CARROT"/>
        <fields index="42" type="SALAD"/>
        <fields index="43" type="HEDGEHOG"/>
        <fields index="44" type="POSITION_2"/>
        <fields index="45" type="HARE"/>
        <fields index="46" type="CARROT"/>
        <fields index="47" type="CARROT"/>
        <fields index="48" type="POSITION_1"/>
        <fields index="49" type="CARROT"/>
        <fields index="50" type="HEDGEHOG"/>
        <fields index="51" type="CARROT"/>
        <fields index="52" type="POSITION_2"/>
        <fields index="53" type="CARROT"/>
        <fields index="54" type="CARROT"/>
        <fields index="55" type="HARE"/>
        <fields index="56" type="HEDGEHOG"/>
        <fields index="57" type="SALAD"/>
        <fields index="58" type="POSITION_1"/>
        <fields index="59" type="CARROT"/>
        <fields index="60" type="HARE"/>
        <fields index="61" type="CARROT"/>
        <fields index="62" type="CARROT"/>
        <fields index="63" type="HARE"/>
        <fields index="64" type="GOAL"/>
      </board>
      <lastMove>
        <advance order="0" distance="3"/>
      </lastMove>
    </state>
  </data>
</room>
<room roomId="b13ab6a3-9a95-4716-9515-151c9367a070">
  <data class="memento">
    <state class="state" turn="10" startPlayer="RED" currentPlayer="RED">
      <red displayName="Mensch Spieler 1" color="RED" index="14" carrots="49" salads="4">
        <cards>
          <type>HURRY_AHEAD</type>
          <type>FALL_BACK</type>
        </cards>
        <lastNonSkipAction class="advance" order="0" distance="3"/>
      </red>
      <blue displayName="Mensch Spieler 2" color="BLUE" index="20" carrots="9" salads="3">
        <cards>
          <type>TAKE_OR_DROP_CARROTS</type>
          <type>HURRY_AHEAD</type>
          <type>FALL_BACK</type>
        </cards>
        <lastNonSkipAction class="advance" order="0" distance="2"/>
      </blue>
      <board>
        <fields index="0" type="START"/>
        <fields index="1" type="POSITION_2"/>
        <fields index="2" type="HARE"/>
        <fields index="3" type="CARROT"/>
        <fields index="4" type="CARROT"/>
        <fields index="5" type="POSITION_1"/>
        <fields index="6" type="HARE"/>
        <fields index="7" type="CARROT"/>
        <fields index="8" type="CARROT"/>
        <fields index="9" type="HARE"/>
        <fields index="10" type="SALAD"/>
        <fields index="11" type="HEDGEHOG"/>
        <fields index="12" type="CARROT"/>
        <fields index="13" type="HARE"/>
        <fields index="14" type="CARROT"/>
        <fields index="15" type="HEDGEHOG"/>
        <fields index="16" type="POSITION_1"/>
        <fields index="17" type="CARROT"/>
        <fields index="18" type="POSITION_2"/>
        <fields index="19" type="HEDGEHOG"/>
        <fields index="20" type="CARROT"/>
        <fields index="21" type="CARROT"/>
        <fields index="22" type="SALAD"/>
        <fields index="23" type="POSITION_2"/>
        <fields index="24" type="HEDGEHOG"/>
        <fields index="25" type="HARE"/>
        <fields index="26" type="CARROT"/>
        <fields index="27" type="POSITION_2"/>
        <fields index="28" type="CARROT"/>
        <fields index="29" type="CARROT"/>
        <fields index="30" type="HEDGEHOG"/>
        <fields index="31" type="HARE"/>
        <fields index="32" type="CARROT"/>
        <fields index="33" type="CARROT"/>
        <fields index="34" type="POSITION_1"/>
        <fields index="35" type="POSITION_2"/>
        <fields index="36" type="HARE"/>
        <fields index="37" type="HEDGEHOG"/>
        <fields index="38" type="POSITION_2"/>
        <fields index="39" type="CARROT"/>
        <fields index="40" type="HARE"/>
        <fields index="41" type="CARROT"/>
        <fields index="42" type="SALAD"/>
        <fields index="43" type="HEDGEHOG"/>
        <fields index="44" type="POSITION_2"/>
        <fields index="45" type="HARE"/>
        <fields index="46" type="CARROT"/>
        <fields index="47" type="CARROT"/>
        <fields index="48" type="POSITION_1"/>
        <fields index="49" type="CARROT"/>
        <fields index="50" type="HEDGEHOG"/>
        <fields index="51" type="CARROT"/>
        <fields index="52" type="POSITION_2"/>
        <fields index="53" type="CARROT"/>
        <fields index="54" type="CARROT"/>
        <fields index="55" type="HARE"/>
        <fields index="56" type="HEDGEHOG"/>
        <fields index="57" type="SALAD"/>
        <fields index="58" type="POSITION_1"/>
        <fields index="59" type="CARROT"/>
        <fields index="60" type="HARE"/>
        <fields index="61" type="CARROT"/>
        <fields index="62" type="CARROT"/>
        <fields index="63" type="HARE"/>
        <fields index="64" type="GOAL"/>
      </board>
      <lastMove>
        <advance order="0" distance="2"/>
      </lastMove>
    </state>
  </data>
</room>
<room roomId="b13ab6a3-9a95-4716-9515-151c9367a070">
  <data class="memento">
    <state class="state" turn="11" startPlayer="RED" currentPlayer="BLUE">
      <red displayName="Mensch Spieler 1" color="RED" index="22" carrots="13" salads="4">
        <cards>
          <type>HURRY_AHEAD</type>
          <type>FALL_BACK</type>
        </cards>
        <lastNonSkipAction class="advance" order="0" distance="8"/>
      </red>
      <blue displayName="Mensch Spieler 2" color="BLUE" index="20" carrots="9" salads="3">
        <cards>
          <type>TAKE_OR_DROP_CARROTS</type>
          <type>HURRY_AHEAD</type>
          <type>FALL_BACK</type>
        </cards>
        <lastNonSkipAction class="advance" order="0" distance="2"/>
      </blue>
      <board>
        <fields index="0" type="START"/>
        <fields index="1" type="POSITION_2"/>
        <fields index="2" type="HARE"/>
        <fields index="3" type="CARROT"/>
        <fields index="4" type="CARROT"/>
        <fields index="5" type="POSITION_1"/>
        <fields index="6" type="HARE"/>
        <fields index="7" type="CARROT"/>
        <fields index="8" type="CARROT"/>
        <fields index="9" type="HARE"/>
        <fields index="10" type="SALAD"/>
        <fields index="11" type="HEDGEHOG"/>
        <fields index="12" type="CARROT"/>
        <fields index="13" type="HARE"/>
        <fields index="14" type="CARROT"/>
        <fields index="15" type="HEDGEHOG"/>
        <fields index="16" type="POSITION_1"/>
        <fields index="17" type="CARROT"/>
        <fields index="18" type="POSITION_2"/>
        <fields index="19" type="HEDGEHOG"/>
        <fields index="20" type="CARROT"/>
        <fields index="21" type="CARROT"/>
        <fields index="22" type="SALAD"/>
        <fields index="23" type="POSITION_2"/>
        <fields index="24" type="HEDGEHOG"/>
        <fields index="25" type="HARE"/>
        <fields index="26" type="CARROT"/>
        <fields index="27" type="POSITION_2"/>
        <fields index="28" type="CARROT"/>
        <fields index="29" type="CARROT"/>
        <fields index="30" type="HEDGEHOG"/>
        <fields index="31" type="HARE"/>
        <fields index="32" type="CARROT"/>
        <fields index="33" type="CARROT"/>
        <fields index="34" type="POSITION_1"/>
        <fields index="35" type="POSITION_2"/>
        <fields index="36" type="HARE"/>
        <fields index="37" type="HEDGEHOG"/>
        <fields index="38" type="POSITION_2"/>
        <fields index="39" type="CARROT"/>
        <fields index="40" type="HARE"/>
        <fields index="41" type="CARROT"/>
        <fields index="42" type="SALAD"/>
        <fields index="43" type="HEDGEHOG"/>
        <fields index="44" type="POSITION_2"/>
        <fields index="45" type="HARE"/>
        <fields index="46" type="CARROT"/>
        <fields index="47" type="CARROT"/>
        <fields index="48" type="POSITION_1"/>
        <fields index="49" type="CARROT"/>
        <fields index="50" type="HEDGEHOG"/>
        <fields index="51" type="CARROT"/>
        <fields index="52" type="POSITION_2"/>
        <fields index="53" type="CARROT"/>
        <fields index="54" type="CARROT"/>
        <fields index="55" type="HARE"/>
        <fields index="56" type="HEDGEHOG"/>
        <fields index="57" type="SALAD"/>
        <fields index="58" type="POSITION_1"/>
        <fields index="59" type="CARROT"/>
        <fields index="60" type="HARE"/>
        <fields index="61" type="CARROT"/>
        <fields index="62" type="CARROT"/>
        <fields index="63" type="HARE"/>
        <fields index="64" type="GOAL"/>
      </board>
      <lastMove>
        <advance order="0" distance="8"/>
      </lastMove>
    </state>
  </data>
</room>
<room roomId="b13ab6a3-9a95-4716-9515-151c9367a070">
  <data class="memento">
    <state class="state" turn="12" startPlayer="RED" currentPlayer="RED">
      <red displayName="Mensch Spieler 1" color="RED" index="22" carrots="13" salads="4">
        <cards>
          <type>HURRY_AHEAD</type>
          <type>FALL_BACK</type>
        </cards>
        <lastNonSkipAction class="advance" order="0" distance="8"/>
      </red>
      <blue displayName="Mensch Spieler 2" color="BLUE" index="19" carrots="19" salads="3">
        <cards>
          <type>TAKE_OR_DROP_CARROTS</type>
          <type>HURRY_AHEAD</type>
          <type>FALL_BACK</type>
        </cards>
        <lastNonSkipAction class="fallBack" order="0"/>
      </blue>
      <board>
        <fields index="0" type="START"/>
        <fields index="1" type="POSITION_2"/>
        <fields index="2" type="HARE"/>
        <fields index="3" type="CARROT"/>
        <fields index="4" type="CARROT"/>
        <fields index="5" type="POSITION_1"/>
        <fields index="6" type="HARE"/>
        <fields index="7" type="CARROT"/>
        <fields index="8" type="CARROT"/>
        <fields index="9" type="HARE"/>
        <fields index="10" type="SALAD"/>
        <fields index="11" type="HEDGEHOG"/>
        <fields index="12" type="CARROT"/>
        <fields index="13" type="HARE"/>
        <fields index="14" type="CARROT"/>
        <fields index="15" type="HEDGEHOG"/>
        <fields index="16" type="POSITION_1"/>
        <fields index="17" type="CARROT"/>
        <fields index="18" type="POSITION_2"/>
        <fields index="19" type="HEDGEHOG"/>
        <fields index="20" type="CARROT"/>
        <fields index="21" type="CARROT"/>
        <fields index="22" type="SALAD"/>
        <fields index="23" type="POSITION_2"/>
        <fields index="24" type="HEDGEHOG"/>
        <fields index="25" type="HARE"/>
        <fields index="26" type="CARROT"/>
        <fields index="27" type="POSITION_2"/>
        <fields index="28" type="CARROT"/>
        <fields index="29" type="CARROT"/>
        <fields index="30" type="HEDGEHOG"/>
        <fields index="31" type="HARE"/>
        <fields index="32" type="CARROT"/>
        <fields index="33" type="CARROT"/>
        <fields index="34" type="POSITION_1"/>
        <fields index="35" type="POSITION_2"/>
        <fields index="36" type="HARE"/>
        <fields index="37" type="HEDGEHOG"/>
        <fields index="38" type="POSITION_2"/>
        <fields index="39" type="CARROT"/>
        <fields index="40" type="HARE"/>
        <fields index="41" type="CARROT"/>
        <fields index="42" type="SALAD"/>
        <fields index="43" type="HEDGEHOG"/>
        <fields index="44" type="POSITION_2"/>
        <fields index="45" type="HARE"/>
        <fields index="46" type="CARROT"/>
        <fields index="47" type="CARROT"/>
        <fields index="48" type="POSITION_1"/>
        <fields index="49" type="CARROT"/>
        <fields index="50" type="HEDGEHOG"/>
        <fields index="51" type="CARROT"/>
        <fields index="52" type="POSITION_2"/>
        <fields index="53" type="CARROT"/>
        <fields index="54" type="CARROT"/>
        <fields index="55" type="HARE"/>
        <fields index="56" type="HEDGEHOG"/>
        <fields index="57" type="SALAD"/>
        <fields index="58" type="POSITION_1"/>
        <fields index="59" type="CARROT"/>
        <fields index="60" type="HARE"/>
        <fields index="61" type="CARROT"/>
        <fields index="62" type="CARROT"/>
        <fields index="63" type="HARE"/>
        <fields index="64" type="GOAL"/>
      </board>
      <lastMove>
        <fallBack order="0"/>
      </lastMove>
    </state>
  </data>
</room>
<room roomId="b13ab6a3-9a95-4716-9515-151c9367a070">
  <data class="memento">
    <state class="state" turn="13" startPlayer="RED" currentPlayer="BLUE">
      <red displayName="Mensch Spieler 1" color="RED" index="22" carrots="23" salads="3">
        <cards>
          <type>HURRY_AHEAD</type>
          <type>FALL_BACK</type>
        </cards>
        <lastNonSkipAction class="eatSalad" order="0"/>
      </red>
      <blue displayName="Mensch Spieler 2" color="BLUE" index="19" carrots="19" salads="3">
        <cards>
          <type>TAKE_OR_DROP_CARROTS</type>
          <type>HURRY_AHEAD</type>
          <type>FALL_BACK</type>
        </cards>
        <lastNonSkipAction class="fallBack" order="0"/>
      </blue>
      <board>
        <fields index="0" type="START"/>
        <fields index="1" type="POSITION_2"/>
        <fields index="2" type="HARE"/>
        <fields index="3" type="CARROT"/>
        <fields index="4" type="CARROT"/>
        <fields index="5" type="POSITION_1"/>
        <fields index="6" type="HARE"/>
        <fields index="7" type="CARROT"/>
        <fields index="8" type="CARROT"/>
        <fields index="9" type="HARE"/>
        <fields index="10" type="SALAD"/>
        <fields index="11" type="HEDGEHOG"/>
        <fields index="12" type="CARROT"/>
        <fields index="13" type="HARE"/>
        <fields index="14" type="CARROT"/>
        <fields index="15" type="HEDGEHOG"/>
        <fields index="16" type="POSITION_1"/>
        <fields index="17" type="CARROT"/>
        <fields index="18" type="POSITION_2"/>
        <fields index="19" type="HEDGEHOG"/>
        <fields index="20" type="CARROT"/>
        <fields index="21" type="CARROT"/>
        <fields index="22" type="SALAD"/>
        <fields index="23" type="POSITION_2"/>
        <fields index="24" type="HEDGEHOG"/>
        <fields index="25" type="HARE"/>
        <fields index="26" type="CARROT"/>
        <fields index="27" type="POSITION_2"/>
        <fields index="28" type="CARROT"/>
        <fields index="29" type="CARROT"/>
        <fields index="30" type="HEDGEHOG"/>
        <fields index="31" type="HARE"/>
        <fields index="32" type="CARROT"/>
        <fields index="33" type="CARROT"/>
        <fields index="34" type="POSITION_1"/>
        <fields index="35" type="POSITION_2"/>
        <fields index="36" type="HARE"/>
        <fields index="37" type="HEDGEHOG"/>
        <fields index="38" type="POSITION_2"/>
        <fields index="39" type="CARROT"/>
        <fields index="40" type="HARE"/>
        <fields index="41" type="CARROT"/>
        <fields index="42" type="SALAD"/>
        <fields index="43" type="HEDGEHOG"/>
        <fields index="44" type="POSITION_2"/>
        <fields index="45" type="HARE"/>
        <fields index="46" type="CARROT"/>
        <fields index="47" type="CARROT"/>
        <fields index="48" type="POSITION_1"/>
        <fields index="49" type="CARROT"/>
        <fields index="50" type="HEDGEHOG"/>
        <fields index="51" type="CARROT"/>
        <fields index="52" type="POSITION_2"/>
        <fields index="53" type="CARROT"/>
        <fields index="54" type="CARROT"/>
        <fields index="55" type="HARE"/>
        <fields index="56" type="HEDGEHOG"/>
        <fields index="57" type="SALAD"/>
        <fields index="58" type="POSITION_1"/>
        <fields index="59" type="CARROT"/>
        <fields index="60" type="HARE"/>
        <fields index="61" type="CARROT"/>
        <fields index="62" type="CARROT"/>
        <fields index="63" type="HARE"/>
        <fields index="64" type="GOAL"/>
      </board>
      <lastMove>
        <eatSalad order="0"/>
      </lastMove>
    </state>
  </data>
</room>
<room roomId="b13ab6a3-9a95-4716-9515-151c9367a070">
  <data class="memento">
    <state class="state" turn="14" startPlayer="RED" currentPlayer="RED">
      <red displayName="Mensch Spieler 1" color="RED" index="22" carrots="23" salads="3">
        <cards>
          <type>HURRY_AHEAD</type>
          <type>FALL_BACK</type>
        </cards>
        <lastNonSkipAction class="eatSalad" order="0"/>
      </red>
      <blue displayName="Mensch Spieler 2" color="BLUE" index="15" carrots="59" salads="3">
        <cards>
          <type>TAKE_OR_DROP_CARROTS</type>
          <type>HURRY_AHEAD</type>
          <type>FALL_BACK</type>
        </cards>
        <lastNonSkipAction class="fallBack" order="0"/>
      </blue>
      <board>
        <fields index="0" type="START"/>
        <fields index="1" type="POSITION_2"/>
        <fields index="2" type="HARE"/>
        <fields index="3" type="CARROT"/>
        <fields index="4" type="CARROT"/>
        <fields index="5" type="POSITION_1"/>
        <fields index="6" type="HARE"/>
        <fields index="7" type="CARROT"/>
        <fields index="8" type="CARROT"/>
        <fields index="9" type="HARE"/>
        <fields index="10" type="SALAD"/>
        <fields index="11" type="HEDGEHOG"/>
        <fields index="12" type="CARROT"/>
        <fields index="13" type="HARE"/>
        <fields index="14" type="CARROT"/>
        <fields index="15" type="HEDGEHOG"/>
        <fields index="16" type="POSITION_1"/>
        <fields index="17" type="CARROT"/>
        <fields index="18" type="POSITION_2"/>
        <fields index="19" type="HEDGEHOG"/>
        <fields index="20" type="CARROT"/>
        <fields index="21" type="CARROT"/>
        <fields index="22" type="SALAD"/>
        <fields index="23" type="POSITION_2"/>
        <fields index="24" type="HEDGEHOG"/>
        <fields index="25" type="HARE"/>
        <fields index="26" type="CARROT"/>
        <fields index="27" type="POSITION_2"/>
        <fields index="28" type="CARROT"/>
        <fields index="29" type="CARROT"/>
        <fields index="30" type="HEDGEHOG"/>
        <fields index="31" type="HARE"/>
        <fields index="32" type="CARROT"/>
        <fields index="33" type="CARROT"/>
        <fields index="34" type="POSITION_1"/>
        <fields index="35" type="POSITION_2"/>
        <fields index="36" type="HARE"/>
        <fields index="37" type="HEDGEHOG"/>
        <fields index="38" type="POSITION_2"/>
        <fields index="39" type="CARROT"/>
        <fields index="40" type="HARE"/>
        <fields index="41" type="CARROT"/>
        <fields index="42" type="SALAD"/>
        <fields index="43" type="HEDGEHOG"/>
        <fields index="44" type="POSITION_2"/>
        <fields index="45" type="HARE"/>
        <fields index="46" type="CARROT"/>
        <fields index="47" type="CARROT"/>
        <fields index="48" type="POSITION_1"/>
        <fields index="49" type="CARROT"/>
        <fields index="50" type="HEDGEHOG"/>
        <fields index="51" type="CARROT"/>
        <fields index="52" type="POSITION_2"/>
        <fields index="53" type="CARROT"/>
        <fields index="54" type="CARROT"/>
        <fields index="55" type="HARE"/>
        <fields index="56" type="HEDGEHOG"/>
        <fields index="57" type="SALAD"/>
        <fields index="58" type="POSITION_1"/>
        <fields index="59" type="CARROT"/>
        <fields index="60" type="HARE"/>
        <fields index="61" type="CARROT"/>
        <fields index="62" type="CARROT"/>
        <fields index="63" type="HARE"/>
        <fields index="64" type="GOAL"/>
      </board>
      <lastMove>
        <fallBack order="0"/>
      </lastMove>
    </state>
  </data>
</room>
<room roomId="b13ab6a3-9a95-4716-9515-151c9367a070">
  <data class="memento">
    <state class="state" turn="15" startPlayer="RED" currentPlayer="BLUE">
      <red displayName="Mensch Spieler 1" color="RED" index="26" carrots="13" salads="3">
        <cards>
          <type>HURRY_AHEAD</type>
          <type>FALL_BACK</type>
        </cards>
        <lastNonSkipAction class="advance" order="0" distance="4"/>
      </red>
      <blue displayName="Mensch Spieler 2" color="BLUE" index="15" carrots="59" salads="3">
        <cards>
          <type>TAKE_OR_DROP_CARROTS</type>
          <type>HURRY_AHEAD</type>
          <type>FALL_BACK</type>
        </cards>
        <lastNonSkipAction class="fallBack" order="0"/>
      </blue>
      <board>
        <fields index="0" type="START"/>
        <fields index="1" type="POSITION_2"/>
        <fields index="2" type="HARE"/>
        <fields index="3" type="CARROT"/>
        <fields index="4" type="CARROT"/>
        <fields index="5" type="POSITION_1"/>
        <fields index="6" type="HARE"/>
        <fields index="7" type="CARROT"/>
        <fields index="8" type="CARROT"/>
        <fields index="9" type="HARE"/>
        <fields index="10" type="SALAD"/>
        <fields index="11" type="HEDGEHOG"/>
        <fields index="12" type="CARROT"/>
        <fields index="13" type="HARE"/>
        <fields index="14" type="CARROT"/>
        <fields index="15" type="HEDGEHOG"/>
        <fields index="16" type="POSITION_1"/>
        <fields index="17" type="CARROT"/>
        <fields index="18" type="POSITION_2"/>
        <fields index="19" type="HEDGEHOG"/>
        <fields index="20" type="CARROT"/>
        <fields index="21" type="CARROT"/>
        <fields index="22" type="SALAD"/>
        <fields index="23" type="POSITION_2"/>
        <fields index="24" type="HEDGEHOG"/>
        <fields index="25" type="HARE"/>
        <fields index="26" type="CARROT"/>
        <fields index="27" type="POSITION_2"/>
        <fields index="28" type="CARROT"/>
        <fields index="29" type="CARROT"/>
        <fields index="30" type="HEDGEHOG"/>
        <fields index="31" type="HARE"/>
        <fields index="32" type="CARROT"/>
        <fields index="33" type="CARROT"/>
        <fields index="34" type="POSITION_1"/>
        <fields index="35" type="POSITION_2"/>
        <fields index="36" type="HARE"/>
        <fields index="37" type="HEDGEHOG"/>
        <fields index="38" type="POSITION_2"/>
        <fields index="39" type="CARROT"/>
        <fields index="40" type="HARE"/>
        <fields index="41" type="CARROT"/>
        <fields index="42" type="SALAD"/>
        <fields index="43" type="HEDGEHOG"/>
        <fields index="44" type="POSITION_2"/>
        <fields index="45" type="HARE"/>
        <fields index="46" type="CARROT"/>
        <fields index="47" type="CARROT"/>
        <fields index="48" type="POSITION_1"/>
        <fields index="49" type="CARROT"/>
        <fields index="50" type="HEDGEHOG"/>
        <fields index="51" type="CARROT"/>
        <fields index="52" type="POSITION_2"/>
        <fields index="53" type="CARROT"/>
        <fields index="54" type="CARROT"/>
        <fields index="55" type="HARE"/>
        <fields index="56" type="HEDGEHOG"/>
        <fields index="57" type="SALAD"/>
        <fields index="58" type="POSITION_1"/>
        <fields index="59" type="CARROT"/>
        <fields index="60" type="HARE"/>
        <fields index="61" type="CARROT"/>
        <fields index="62" type="CARROT"/>
        <fields index="63" type="HARE"/>
        <fields index="64" type="GOAL"/>
      </board>
      <lastMove>
        <advance order="0" distance="4"/>
      </lastMove>
    </state>
  </data>
</room>
<room roomId="b13ab6a3-9a95-4716-9515-151c9367a070">
  <data class="memento">
    <state class="state" turn="16" startPlayer="RED" currentPlayer="RED">
      <red displayName="Mensch Spieler 1" color="RED" index="26" carrots="13" salads="3">
        <cards>
          <type>HURRY_AHEAD</type>
          <type>FALL_BACK</type>
        </cards>
        <lastNonSkipAction class="advance" order="0" distance="4"/>
      </red>
      <blue displayName="Mensch Spieler 2" color="BLUE" index="22" carrots="31" salads="3">
        <cards>
          <type>TAKE_OR_DROP_CARROTS</type>
          <type>HURRY_AHEAD</type>
          <type>FALL_BACK</type>
        </cards>
        <lastNonSkipAction class="advance" order="0" distance="7"/>
      </blue>
      <board>
        <fields index="0" type="START"/>
        <fields index="1" type="POSITION_2"/>
        <fields index="2" type="HARE"/>
        <fields index="3" type="CARROT"/>
        <fields index="4" type="CARROT"/>
        <fields index="5" type="POSITION_1"/>
        <fields index="6" type="HARE"/>
        <fields index="7" type="CARROT"/>
        <fields index="8" type="CARROT"/>
        <fields index="9" type="HARE"/>
        <fields index="10" type="SALAD"/>
        <fields index="11" type="HEDGEHOG"/>
        <fields index="12" type="CARROT"/>
        <fields index="13" type="HARE"/>
        <fields index="14" type="CARROT"/>
        <fields index="15" type="HEDGEHOG"/>
        <fields index="16" type="POSITION_1"/>
        <fields index="17" type="CARROT"/>
        <fields index="18" type="POSITION_2"/>
        <fields index="19" type="HEDGEHOG"/>
        <fields index="20" type="CARROT"/>
        <fields index="21" type="CARROT"/>
        <fields index="22" type="SALAD"/>
        <fields index="23" type="POSITION_2"/>
        <fields index="24" type="HEDGEHOG"/>
        <fields index="25" type="HARE"/>
        <fields index="26" type="CARROT"/>
        <fields index="27" type="POSITION_2"/>
        <fields index="28" type="CARROT"/>
        <fields index="29" type="CARROT"/>
        <fields index="30" type="HEDGEHOG"/>
        <fields index="31" type="HARE"/>
        <fields index="32" type="CARROT"/>
        <fields index="33" type="CARROT"/>
        <fields index="34" type="POSITION_1"/>
        <fields index="35" type="POSITION_2"/>
        <fields index="36" type="HARE"/>
        <fields index="37" type="HEDGEHOG"/>
        <fields index="38" type="POSITION_2"/>
        <fields index="39" type="CARROT"/>
        <fields index="40" type="HARE"/>
        <fields index="41" type="CARROT"/>
        <fields index="42" type="SALAD"/>
        <fields index="43" type="HEDGEHOG"/>
        <fields index="44" type="POSITION_2"/>
        <fields index="45" type="HARE"/>
        <fields index="46" type="CARROT"/>
        <fields index="47" type="CARROT"/>
        <fields index="48" type="POSITION_1"/>
        <fields index="49" type="CARROT"/>
        <fields index="50" type="HEDGEHOG"/>
        <fields index="51" type="CARROT"/>
        <fields index="52" type="POSITION_2"/>
        <fields index="53" type="CARROT"/>
        <fields index="54" type="CARROT"/>
        <fields index="55" type="HARE"/>
        <fields index="56" type="HEDGEHOG"/>
        <fields index="57" type="SALAD"/>
        <fields index="58" type="POSITION_1"/>
        <fields index="59" type="CARROT"/>
        <fields index="60" type="HARE"/>
        <fields index="61" type="CARROT"/>
        <fields index="62" type="CARROT"/>
        <fields index="63" type="HARE"/>
        <fields index="64" type="GOAL"/>
      </board>
      <lastMove>
        <advance order="0" distance="7"/>
      </lastMove>
    </state>
  </data>
</room>
<room roomId="b13ab6a3-9a95-4716-9515-151c9367a070">
  <data class="memento">
    <state class="state" turn="17" startPlayer="RED" currentPlayer="BLUE">
      <red displayName="Mensch Spieler 1" color="RED" index="27" carrots="12" salads="3">
        <cards>
          <type>HURRY_AHEAD</type>
          <type>FALL_BACK</type>
        </cards>
        <lastNonSkipAction class="advance" order="0" distance="1"/>
      </red>
      <blue displayName="Mensch Spieler 2" color="BLUE" index="22" carrots="31" salads="3">
        <cards>
          <type>TAKE_OR_DROP_CARROTS</type>
          <type>HURRY_AHEAD</type>
          <type>FALL_BACK</type>
        </cards>
        <lastNonSkipAction class="advance" order="0" distance="7"/>
      </blue>
      <board>
        <fields index="0" type="START"/>
        <fields index="1" type="POSITION_2"/>
        <fields index="2" type="HARE"/>
        <fields index="3" type="CARROT"/>
        <fields index="4" type="CARROT"/>
        <fields index="5" type="POSITION_1"/>
        <fields index="6" type="HARE"/>
        <fields index="7" type="CARROT"/>
        <fields index="8" type="CARROT"/>
        <fields index="9" type="HARE"/>
        <fields index="10" type="SALAD"/>
        <fields index="11" type="HEDGEHOG"/>
        <fields index="12" type="CARROT"/>
        <fields index="13" type="HARE"/>
        <fields index="14" type="CARROT"/>
        <fields index="15" type="HEDGEHOG"/>
        <fields index="16" type="POSITION_1"/>
        <fields index="17" type="CARROT"/>
        <fields index="18" type="POSITION_2"/>
        <fields index="19" type="HEDGEHOG"/>
        <fields index="20" type="CARROT"/>
        <fields index="21" type="CARROT"/>
        <fields index="22" type="SALAD"/>
        <fields index="23" type="POSITION_2"/>
        <fields index="24" type="HEDGEHOG"/>
        <fields index="25" type="HARE"/>
        <fields index="26" type="CARROT"/>
        <fields index="27" type="POSITION_2"/>
        <fields index="28" type="CARROT"/>
        <fields index="29" type="CARROT"/>
        <fields index="30" type="HEDGEHOG"/>
        <fields index="31" type="HARE"/>
        <fields index="32" type="CARROT"/>
        <fields index="33" type="CARROT"/>
        <fields index="34" type="POSITION_1"/>
        <fields index="35" type="POSITION_2"/>
        <fields index="36" type="HARE"/>
        <fields index="37" type="HEDGEHOG"/>
        <fields index="38" type="POSITION_2"/>
        <fields index="39" type="CARROT"/>
        <fields index="40" type="HARE"/>
        <fields index="41" type="CARROT"/>
        <fields index="42" type="SALAD"/>
        <fields index="43" type="HEDGEHOG"/>
        <fields index="44" type="POSITION_2"/>
        <fields index="45" type="HARE"/>
        <fields index="46" type="CARROT"/>
        <fields index="47" type="CARROT"/>
        <fields index="48" type="POSITION_1"/>
        <fields index="49" type="CARROT"/>
        <fields index="50" type="HEDGEHOG"/>
        <fields index="51" type="CARROT"/>
        <fields index="52" type="POSITION_2"/>
        <fields index="53" type="CARROT"/>
        <fields index="54" type="CARROT"/>
        <fields index="55" type="HARE"/>
        <fields index="56" type="HEDGEHOG"/>
        <fields index="57" type="SALAD"/>
        <fields index="58" type="POSITION_1"/>
        <fields index="59" type="CARROT"/>
        <fields index="60" type="HARE"/>
        <fields index="61" type="CARROT"/>
        <fields index="62" type="CARROT"/>
        <fields index="63" type="HARE"/>
        <fields index="64" type="GOAL"/>
      </board>
      <lastMove>
        <advance order="0" distance="1"/>
      </lastMove>
    </state>
  </data>
</room>
<room roomId="b13ab6a3-9a95-4716-9515-151c9367a070">
  <data class="memento">
    <state class="state" turn="18" startPlayer="RED" currentPlayer="RED">
      <red displayName="Mensch Spieler 1" color="RED" index="27" carrots="12" salads="3">
        <cards>
          <type>HURRY_AHEAD</type>
          <type>FALL_BACK</type>
        </cards>
        <lastNonSkipAction class="advance" order="0" distance="1"/>
      </red>
      <blue displayName="Mensch Spieler 2" color="BLUE" index="22" carrots="61" salads="2">
        <cards>
          <type>TAKE_OR_DROP_CARROTS</type>
          <type>HURRY_AHEAD</type>
          <type>FALL_BACK</type>
        </cards>
        <lastNonSkipAction class="eatSalad" order="0"/>
      </blue>
      <board>
        <fields index="0" type="START"/>
        <fields index="1" type="POSITION_2"/>
        <fields index="2" type="HARE"/>
        <fields index="3" type="CARROT"/>
        <fields index="4" type="CARROT"/>
        <fields index="5" type="POSITION_1"/>
        <fields index="6" type="HARE"/>
        <fields index="7" type="CARROT"/>
        <fields index="8" type="CARROT"/>
        <fields index="9" type="HARE"/>
        <fields index="10" type="SALAD"/>
        <fields index="11" type="HEDGEHOG"/>
        <fields index="12" type="CARROT"/>
        <fields index="13" type="HARE"/>
        <fields index="14" type="CARROT"/>
        <fields index="15" type="HEDGEHOG"/>
        <fields index="16" type="POSITION_1"/>
        <fields index="17" type="CARROT"/>
        <fields index="18" type="POSITION_2"/>
        <fields index="19" type="HEDGEHOG"/>
        <fields index="20" type="CARROT"/>
        <fields index="21" type="CARROT"/>
        <fields index="22" type="SALAD"/>
        <fields index="23" type="POSITION_2"/>
        <fields index="24" type="HEDGEHOG"/>
        <fields index="25" type="HARE"/>
        <fields index="26" type="CARROT"/>
        <fields index="27" type="POSITION_2"/>
        <fields index="28" type="CARROT"/>
        <fields index="29" type="CARROT"/>
        <fields index="30" type="HEDGEHOG"/>
        <fields index="31" type="HARE"/>
        <fields index="32" type="CARROT"/>
        <fields index="33" type="CARROT"/>
        <fields index="34" type="POSITION_1"/>
        <fields index="35" type="POSITION_2"/>
        <fields index="36" type="HARE"/>
        <fields index="37" type="HEDGEHOG"/>
        <fields index="38" type="POSITION_2"/>
        <fields index="39" type="CARROT"/>
        <fields index="40" type="HARE"/>
        <fields index="41" type="CARROT"/>
        <fields index="42" type="SALAD"/>
        <fields index="43" type="HEDGEHOG"/>
        <fields index="44" type="POSITION_2"/>
        <fields index="45" type="HARE"/>
        <fields index="46" type="CARROT"/>
        <fields index="47" type="CARROT"/>
        <fields index="48" type="POSITION_1"/>
        <fields index="49" type="CARROT"/>
        <fields index="50" type="HEDGEHOG"/>
        <fields index="51" type="CARROT"/>
        <fields index="52" type="POSITION_2"/>
        <fields index="53" type="CARROT"/>
        <fields index="54" type="CARROT"/>
        <fields index="55" type="HARE"/>
        <fields index="56" type="HEDGEHOG"/>
        <fields index="57" type="SALAD"/>
        <fields index="58" type="POSITION_1"/>
        <fields index="59" type="CARROT"/>
        <fields index="60" type="HARE"/>
        <fields index="61" type="CARROT"/>
        <fields index="62" type="CARROT"/>
        <fields index="63" type="HARE"/>
        <fields index="64" type="GOAL"/>
      </board>
      <lastMove>
        <eatSalad order="0"/>
      </lastMove>
    </state>
  </data>
</room>
<room roomId="b13ab6a3-9a95-4716-9515-151c9367a070">
  <data class="memento">
    <state class="state" turn="19" startPlayer="RED" currentPlayer="BLUE">
      <red displayName="Mensch Spieler 1" color="RED" index="28" carrots="11" salads="3">
        <cards>
          <type>HURRY_AHEAD</type>
          <type>FALL_BACK</type>
        </cards>
        <lastNonSkipAction class="advance" order="0" distance="1"/>
      </red>
      <blue displayName="Mensch Spieler 2" color="BLUE" index="22" carrots="61" salads="2">
        <cards>
          <type>TAKE_OR_DROP_CARROTS</type>
          <type>HURRY_AHEAD</type>
          <type>FALL_BACK</type>
        </cards>
        <lastNonSkipAction class="eatSalad" order="0"/>
      </blue>
      <board>
        <fields index="0" type="START"/>
        <fields index="1" type="POSITION_2"/>
        <fields index="2" type="HARE"/>
        <fields index="3" type="CARROT"/>
        <fields index="4" type="CARROT"/>
        <fields index="5" type="POSITION_1"/>
        <fields index="6" type="HARE"/>
        <fields index="7" type="CARROT"/>
        <fields index="8" type="CARROT"/>
        <fields index="9" type="HARE"/>
        <fields index="10" type="SALAD"/>
        <fields index="11" type="HEDGEHOG"/>
        <fields index="12" type="CARROT"/>
        <fields index="13" type="HARE"/>
        <fields index="14" type="CARROT"/>
        <fields index="15" type="HEDGEHOG"/>
        <fields index="16" type="POSITION_1"/>
        <fields index="17" type="CARROT"/>
        <fields index="18" type="POSITION_2"/>
        <fields index="19" type="HEDGEHOG"/>
        <fields index="20" type="CARROT"/>
        <fields index="21" type="CARROT"/>
        <fields index="22" type="SALAD"/>
        <fields index="23" type="POSITION_2"/>
        <fields index="24" type="HEDGEHOG"/>
        <fields index="25" type="HARE"/>
        <fields index="26" type="CARROT"/>
        <fields index="27" type="POSITION_2"/>
        <fields index="28" type="CARROT"/>
        <fields index="29" type="CARROT"/>
        <fields index="30" type="HEDGEHOG"/>
        <fields index="31" type="HARE"/>
        <fields index="32" type="CARROT"/>
        <fields index="33" type="CARROT"/>
        <fields index="34" type="POSITION_1"/>
        <fields index="35" type="POSITION_2"/>
        <fields index="36" type="HARE"/>
        <fields index="37" type="HEDGEHOG"/>
        <fields index="38" type="POSITION_2"/>
        <fields index="39" type="CARROT"/>
        <fields index="40" type="HARE"/>
        <fields index="41" type="CARROT"/>
        <fields index="42" type="SALAD"/>
        <fields index="43" type="HEDGEHOG"/>
        <fields index="44" type="POSITION_2"/>
        <fields index="45" type="HARE"/>
        <fields index="46" type="CARROT"/>
        <fields index="47" type="CARROT"/>
        <fields index="48" type="POSITION_1"/>
        <fields index="49" type="CARROT"/>
        <fields index="50" type="HEDGEHOG"/>
        <fields index="51" type="CARROT"/>
        <fields index="52" type="POSITION_2"/>
        <fields index="53" type="CARROT"/>
        <fields index="54" type="CARROT"/>
        <fields index="55" type="HARE"/>
        <fields index="56" type="HEDGEHOG"/>
        <fields index="57" type="SALAD"/>
        <fields index="58" type="POSITION_1"/>
        <fields index="59" type="CARROT"/>
        <fields index="60" type="HARE"/>
        <fields index="61" type="CARROT"/>
        <fields index="62" type="CARROT"/>
        <fields index="63" type="HARE"/>
        <fields index="64" type="GOAL"/>
      </board>
      <lastMove>
        <advance order="0" distance="1"/>
      </lastMove>
    </state>
  </data>
</room>
<room roomId="b13ab6a3-9a95-4716-9515-151c9367a070">
  <data class="memento">
    <state class="state" turn="20" startPlayer="RED" currentPlayer="RED">
      <red displayName="Mensch Spieler 1" color="RED" index="28" carrots="11" salads="3">
        <cards>
          <type>HURRY_AHEAD</type>
          <type>FALL_BACK</type>
        </cards>
        <lastNonSkipAction class="advance" order="0" distance="1"/>
      </red>
      <blue displayName="Mensch Spieler 2" color="BLUE" index="25" carrots="55" salads="2">
        <cards>
          <type>HURRY_AHEAD</type>
          <type>FALL_BACK</type>
        </cards>
        <lastNonSkipAction class="card" order="1" type="TAKE_OR_DROP_CARROTS" value="0"/>
      </blue>
      <board>
        <fields index="0" type="START"/>
        <fields index="1" type="POSITION_2"/>
        <fields index="2" type="HARE"/>
        <fields index="3" type="CARROT"/>
        <fields index="4" type="CARROT"/>
        <fields index="5" type="POSITION_1"/>
        <fields index="6" type="HARE"/>
        <fields index="7" type="CARROT"/>
        <fields index="8" type="CARROT"/>
        <fields index="9" type="HARE"/>
        <fields index="10" type="SALAD"/>
        <fields index="11" type="HEDGEHOG"/>
        <fields index="12" type="CARROT"/>
        <fields index="13" type="HARE"/>
        <fields index="14" type="CARROT"/>
        <fields index="15" type="HEDGEHOG"/>
        <fields index="16" type="POSITION_1"/>
        <fields index="17" type="CARROT"/>
        <fields index="18" type="POSITION_2"/>
        <fields index="19" type="HEDGEHOG"/>
        <fields index="20" type="CARROT"/>
        <fields index="21" type="CARROT"/>
        <fields index="22" type="SALAD"/>
        <fields index="23" type="POSITION_2"/>
        <fields index="24" type="HEDGEHOG"/>
        <fields index="25" type="HARE"/>
        <fields index="26" type="CARROT"/>
        <fields index="27" type="POSITION_2"/>
        <fields index="28" type="CARROT"/>
        <fields index="29" type="CARROT"/>
        <fields index="30" type="HEDGEHOG"/>
        <fields index="31" type="HARE"/>
        <fields index="32" type="CARROT"/>
        <fields index="33" type="CARROT"/>
        <fields index="34" type="POSITION_1"/>
        <fields index="35" type="POSITION_2"/>
        <fields index="36" type="HARE"/>
        <fields index="37" type="HEDGEHOG"/>
        <fields index="38" type="POSITION_2"/>
        <fields index="39" type="CARROT"/>
        <fields index="40" type="HARE"/>
        <fields index="41" type="CARROT"/>
        <fields index="42" type="SALAD"/>
        <fields index="43" type="HEDGEHOG"/>
        <fields index="44" type="POSITION_2"/>
        <fields index="45" type="HARE"/>
        <fields index="46" type="CARROT"/>
        <fields index="47" type="CARROT"/>
        <fields index="48" type="POSITION_1"/>
        <fields index="49" type="CARROT"/>
        <fields index="50" type="HEDGEHOG"/>
        <fields index="51" type="CARROT"/>
        <fields index="52" type="POSITION_2"/>
        <fields index="53" type="CARROT"/>
        <fields index="54" type="CARROT"/>
        <fields index="55" type="HARE"/>
        <fields index="56" type="HEDGEHOG"/>
        <fields index="57" type="SALAD"/>
        <fields index="58" type="POSITION_1"/>
        <fields index="59" type="CARROT"/>
        <fields index="60" type="HARE"/>
        <fields index="61" type="CARROT"/>
        <fields index="62" type="CARROT"/>
        <fields index="63" type="HARE"/>
        <fields index="64" type="GOAL"/>
      </board>
      <lastMove>
        <advance order="0" distance="3"/>
        <card order="1" type="TAKE_OR_DROP_CARROTS" value="0"/>
      </lastMove>
    </state>
  </data>
</room>
<room roomId="b13ab6a3-9a95-4716-9515-151c9367a070">
  <data class="memento">
    <state class="state" turn="21" startPlayer="RED" currentPlayer="BLUE">
      <red displayName="Mensch Spieler 1" color="RED" index="29" carrots="10" salads="3">
        <cards>
          <type>HURRY_AHEAD</type>
          <type>FALL_BACK</type>
        </cards>
        <lastNonSkipAction class="advance" order="0" distance="1"/>
      </red>
      <blue displayName="Mensch Spieler 2" color="BLUE" index="25" carrots="55" salads="2">
        <cards>
          <type>HURRY_AHEAD</type>
          <type>FALL_BACK</type>
        </cards>
        <lastNonSkipAction class="card" order="1" type="TAKE_OR_DROP_CARROTS" value="0"/>
      </blue>
      <board>
        <fields index="0" type="START"/>
        <fields index="1" type="POSITION_2"/>
        <fields index="2" type="HARE"/>
        <fields index="3" type="CARROT"/>
        <fields index="4" type="CARROT"/>
        <fields index="5" type="POSITION_1"/>
        <fields index="6" type="HARE"/>
        <fields index="7" type="CARROT"/>
        <fields index="8" type="CARROT"/>
        <fields index="9" type="HARE"/>
        <fields index="10" type="SALAD"/>
        <fields index="11" type="HEDGEHOG"/>
        <fields index="12" type="CARROT"/>
        <fields index="13" type="HARE"/>
        <fields index="14" type="CARROT"/>
        <fields index="15" type="HEDGEHOG"/>
        <fields index="16" type="POSITION_1"/>
        <fields index="17" type="CARROT"/>
        <fields index="18" type="POSITION_2"/>
        <fields index="19" type="HEDGEHOG"/>
        <fields index="20" type="CARROT"/>
        <fields index="21" type="CARROT"/>
        <fields index="22" type="SALAD"/>
        <fields index="23" type="POSITION_2"/>
        <fields index="24" type="HEDGEHOG"/>
        <fields index="25" type="HARE"/>
        <fields index="26" type="CARROT"/>
        <fields index="27" type="POSITION_2"/>
        <fields index="28" type="CARROT"/>
        <fields index="29" type="CARROT"/>
        <fields index="30" type="HEDGEHOG"/>
        <fields index="31" type="HARE"/>
        <fields index="32" type="CARROT"/>
        <fields index="33" type="CARROT"/>
        <fields index="34" type="POSITION_1"/>
        <fields index="35" type="POSITION_2"/>
        <fields index="36" type="HARE"/>
        <fields index="37" type="HEDGEHOG"/>
        <fields index="38" type="POSITION_2"/>
        <fields index="39" type="CARROT"/>
        <fields index="40" type="HARE"/>
        <fields index="41" type="CARROT"/>
        <fields index="42" type="SALAD"/>
        <fields index="43" type="HEDGEHOG"/>
        <fields index="44" type="POSITION_2"/>
        <fields index="45" type="HARE"/>
        <fields index="46" type="CARROT"/>
        <fields index="47" type="CARROT"/>
        <fields index="48" type="POSITION_1"/>
        <fields index="49" type="CARROT"/>
        <fields index="50" type="HEDGEHOG"/>
        <fields index="51" type="CARROT"/>
        <fields index="52" type="POSITION_2"/>
        <fields index="53" type="CARROT"/>
        <fields index="54" type="CARROT"/>
        <fields index="55" type="HARE"/>
        <fields index="56" type="HEDGEHOG"/>
        <fields index="57" type="SALAD"/>
        <fields index="58" type="POSITION_1"/>
        <fields index="59" type="CARROT"/>
        <fields index="60" type="HARE"/>
        <fields index="61" type="CARROT"/>
        <fields index="62" type="CARROT"/>
        <fields index="63" type="HARE"/>
        <fields index="64" type="GOAL"/>
      </board>
      <lastMove>
        <advance order="0" distance="1"/>
      </lastMove>
    </state>
  </data>
</room>
<room roomId="b13ab6a3-9a95-4716-9515-151c9367a070">
  <data class="memento">
    <state class="state" turn="22" startPlayer="RED" currentPlayer="RED">
      <red displayName="Mensch Spieler 1" color="RED" index="29" carrots="10" salads="3">
        <cards>
          <type>HURRY_AHEAD</type>
          <type>FALL_BACK</type>
        </cards>
        <lastNonSkipAction class="advance" order="0" distance="1"/>
      </red>
      <blue displayName="Mensch Spieler 2" color="BLUE" index="28" carrots="49" salads="2">
        <cards>
          <type>HURRY_AHEAD</type>
          <type>FALL_BACK</type>
        </cards>
        <lastNonSkipAction class="advance" order="0" distance="3"/>
      </blue>
      <board>
        <fields index="0" type="START"/>
        <fields index="1" type="POSITION_2"/>
        <fields index="2" type="HARE"/>
        <fields index="3" type="CARROT"/>
        <fields index="4" type="CARROT"/>
        <fields index="5" type="POSITION_1"/>
        <fields index="6" type="HARE"/>
        <fields index="7" type="CARROT"/>
        <fields index="8" type="CARROT"/>
        <fields index="9" type="HARE"/>
        <fields index="10" type="SALAD"/>
        <fields index="11" type="HEDGEHOG"/>
        <fields index="12" type="CARROT"/>
        <fields index="13" type="HARE"/>
        <fields index="14" type="CARROT"/>
        <fields index="15" type="HEDGEHOG"/>
        <fields index="16" type="POSITION_1"/>
        <fields index="17" type="CARROT"/>
        <fields index="18" type="POSITION_2"/>
        <fields index="19" type="HEDGEHOG"/>
        <fields index="20" type="CARROT"/>
        <fields index="21" type="CARROT"/>
        <fields index="22" type="SALAD"/>
        <fields index="23" type="POSITION_2"/>
        <fields index="24" type="HEDGEHOG"/>
        <fields index="25" type="HARE"/>
        <fields index="26" type="CARROT"/>
        <fields index="27" type="POSITION_2"/>
        <fields index="28" type="CARROT"/>
        <fields index="29" type="CARROT"/>
        <fields index="30" type="HEDGEHOG"/>
        <fields index="31" type="HARE"/>
        <fields index="32" type="CARROT"/>
        <fields index="33" type="CARROT"/>
        <fields index="34" type="POSITION_1"/>
        <fields index="35" type="POSITION_2"/>
        <fields index="36" type="HARE"/>
        <fields index="37" type="HEDGEHOG"/>
        <fields index="38" type="POSITION_2"/>
        <fields index="39" type="CARROT"/>
        <fields index="40" type="HARE"/>
        <fields index="41" type="CARROT"/>
        <fields index="42" type="SALAD"/>
        <fields index="43" type="HEDGEHOG"/>
        <fields index="44" type="POSITION_2"/>
        <fields index="45" type="HARE"/>
        <fields index="46" type="CARROT"/>
        <fields index="47" type="CARROT"/>
        <fields index="48" type="POSITION_1"/>
        <fields index="49" type="CARROT"/>
        <fields index="50" type="HEDGEHOG"/>
        <fields index="51" type="CARROT"/>
        <fields index="52" type="POSITION_2"/>
        <fields index="53" type="CARROT"/>
        <fields index="54" type="CARROT"/>
        <fields index="55" type="HARE"/>
        <fields index="56" type="HEDGEHOG"/>
        <fields index="57" type="SALAD"/>
        <fields index="58" type="POSITION_1"/>
        <fields index="59" type="CARROT"/>
        <fields index="60" type="HARE"/>
        <fields index="61" type="CARROT"/>
        <fields index="62" type="CARROT"/>
        <fields index="63" type="HARE"/>
        <fields index="64" type="GOAL"/>
      </board>
      <lastMove>
        <advance order="0" distance="3"/>
      </lastMove>
    </state>
  </data>
</room>
<room roomId="b13ab6a3-9a95-4716-9515-151c9367a070">
  <data class="memento">
    <state class="state" turn="23" startPlayer="RED" currentPlayer="BLUE">
      <red displayName="Mensch Spieler 1" color="RED" index="32" carrots="4" salads="3">
        <cards>
          <type>HURRY_AHEAD</type>
          <type>FALL_BACK</type>
        </cards>
        <lastNonSkipAction class="advance" order="0" distance="3"/>
      </red>
      <blue displayName="Mensch Spieler 2" color="BLUE" index="28" carrots="49" salads="2">
        <cards>
          <type>HURRY_AHEAD</type>
          <type>FALL_BACK</type>
        </cards>
        <lastNonSkipAction class="advance" order="0" distance="3"/>
      </blue>
      <board>
        <fields index="0" type="START"/>
        <fields index="1" type="POSITION_2"/>
        <fields index="2" type="HARE"/>
        <fields index="3" type="CARROT"/>
        <fields index="4" type="CARROT"/>
        <fields index="5" type="POSITION_1"/>
        <fields index="6" type="HARE"/>
        <fields index="7" type="CARROT"/>
        <fields index="8" type="CARROT"/>
        <fields index="9" type="HARE"/>
        <fields index="10" type="SALAD"/>
        <fields index="11" type="HEDGEHOG"/>
        <fields index="12" type="CARROT"/>
        <fields index="13" type="HARE"/>
        <fields index="14" type="CARROT"/>
        <fields index="15" type="HEDGEHOG"/>
        <fields index="16" type="POSITION_1"/>
        <fields index="17" type="CARROT"/>
        <fields index="18" type="POSITION_2"/>
        <fields index="19" type="HEDGEHOG"/>
        <fields index="20" type="CARROT"/>
        <fields index="21" type="CARROT"/>
        <fields index="22" type="SALAD"/>
        <fields index="23" type="POSITION_2"/>
        <fields index="24" type="HEDGEHOG"/>
        <fields index="25" type="HARE"/>
        <fields index="26" type="CARROT"/>
        <fields index="27" type="POSITION_2"/>
        <fields index="28" type="CARROT"/>
        <fields index="29" type="CARROT"/>
        <fields index="30" type="HEDGEHOG"/>
        <fields index="31" type="HARE"/>
        <fields index="32" type="CARROT"/>
        <fields index="33" type="CARROT"/>
        <fields index="34" type="POSITION_1"/>
        <fields index="35" type="POSITION_2"/>
        <fields index="36" type="HARE"/>
        <fields index="37" type="HEDGEHOG"/>
        <fields index="38" type="POSITION_2"/>
        <fields index="39" type="CARROT"/>
        <fields index="40" type="HARE"/>
        <fields index="41" type="CARROT"/>
        <fields index="42" type="SALAD"/>
        <fields index="43" type="HEDGEHOG"/>
        <fields index="44" type="POSITION_2"/>
        <fields index="45" type="HARE"/>
        <fields index="46" type="CARROT"/>
        <fields index="47" type="CARROT"/>
        <fields index="48" type="POSITION_1"/>
        <fields index="49" type="CARROT"/>
        <fields index="50" type="HEDGEHOG"/>
        <fields index="51" type="CARROT"/>
        <fields index="52" type="POSITION_2"/>
        <fields index="53" type="CARROT"/>
        <fields index="54" type="CARROT"/>
        <fields index="55" type="HARE"/>
        <fields index="56" type="HEDGEHOG"/>
        <fields index="57" type="SALAD"/>
        <fields index="58" type="POSITION_1"/>
        <fields index="59" type="CARROT"/>
        <fields index="60" type="HARE"/>
        <fields index="61" type="CARROT"/>
        <fields index="62" type="CARROT"/>
        <fields index="63" type="HARE"/>
        <fields index="64" type="GOAL"/>
      </board>
      <lastMove>
        <advance order="0" distance="3"/>
      </lastMove>
    </state>
  </data>
</room>
<room roomId="b13ab6a3-9a95-4716-9515-151c9367a070">
  <data class="memento">
    <state class="state" turn="24" startPlayer="RED" currentPlayer="RED">
      <red displayName="Mensch Spieler 1" color="RED" index="32" carrots="4" salads="3">
        <cards>
          <type>HURRY_AHEAD</type>
          <type>FALL_BACK</type>
        </cards>
        <lastNonSkipAction class="advance" order="0" distance="3"/>
      </red>
      <blue displayName="Mensch Spieler 2" color="BLUE" index="33" carrots="34" salads="2">
        <cards>
          <type>HURRY_AHEAD</type>
          <type>FALL_BACK</type>
        </cards>
        <lastNonSkipAction class="advance" order="0" distance="5"/>
      </blue>
      <board>
        <fields index="0" type="START"/>
        <fields index="1" type="POSITION_2"/>
        <fields index="2" type="HARE"/>
        <fields index="3" type="CARROT"/>
        <fields index="4" type="CARROT"/>
        <fields index="5" type="POSITION_1"/>
        <fields index="6" type="HARE"/>
        <fields index="7" type="CARROT"/>
        <fields index="8" type="CARROT"/>
        <fields index="9" type="HARE"/>
        <fields index="10" type="SALAD"/>
        <fields index="11" type="HEDGEHOG"/>
        <fields index="12" type="CARROT"/>
        <fields index="13" type="HARE"/>
        <fields index="14" type="CARROT"/>
        <fields index="15" type="HEDGEHOG"/>
        <fields index="16" type="POSITION_1"/>
        <fields index="17" type="CARROT"/>
        <fields index="18" type="POSITION_2"/>
        <fields index="19" type="HEDGEHOG"/>
        <fields index="20" type="CARROT"/>
        <fields index="21" type="CARROT"/>
        <fields index="22" type="SALAD"/>
        <fields index="23" type="POSITION_2"/>
        <fields index="24" type="HEDGEHOG"/>
        <fields index="25" type="HARE"/>
        <fields index="26" type="CARROT"/>
        <fields index="27" type="POSITION_2"/>
        <fields index="28" type="CARROT"/>
        <fields index="29" type="CARROT"/>
        <fields index="30" type="HEDGEHOG"/>
        <fields index="31" type="HARE"/>
        <fields index="32" type="CARROT"/>
        <fields index="33" type="CARROT"/>
        <fields index="34" type="POSITION_1"/>
        <fields index="35" type="POSITION_2"/>
        <fields index="36" type="HARE"/>
        <fields index="37" type="HEDGEHOG"/>
        <fields index="38" type="POSITION_2"/>
        <fields index="39" type="CARROT"/>
        <fields index="40" type="HARE"/>
        <fields index="41" type="CARROT"/>
        <fields index="42" type="SALAD"/>
        <fields index="43" type="HEDGEHOG"/>
        <fields index="44" type="POSITION_2"/>
        <fields index="45" type="HARE"/>
        <fields index="46" type="CARROT"/>
        <fields index="47" type="CARROT"/>
        <fields index="48" type="POSITION_1"/>
        <fields index="49" type="CARROT"/>
        <fields index="50" type="HEDGEHOG"/>
        <fields index="51" type="CARROT"/>
        <fields index="52" type="POSITION_2"/>
        <fields index="53" type="CARROT"/>
        <fields index="54" type="CARROT"/>
        <fields index="55" type="HARE"/>
        <fields index="56" type="HEDGEHOG"/>
        <fields index="57" type="SALAD"/>
        <fields index="58" type="POSITION_1"/>
        <fields index="59" type="CARROT"/>
        <fields index="60" type="HARE"/>
        <fields index="61" type="CARROT"/>
        <fields index="62" type="CARROT"/>
        <fields index="63" type="HARE"/>
        <fields index="64" type="GOAL"/>
      </board>
      <lastMove>
        <advance order="0" distance="5"/>
      </lastMove>
    </state>
  </data>
</room>
<room roomId="b13ab6a3-9a95-4716-9515-151c9367a070">
  <data class="memento">
    <state class="state" turn="25" startPlayer="RED" currentPlayer="BLUE">
      <red displayName="Mensch Spieler 1" color="RED" index="30" carrots="24" salads="3">
        <cards>
          <type>HURRY_AHEAD</type>
          <type>FALL_BACK</type>
        </cards>
        <lastNonSkipAction class="fallBack" order="0"/>
      </red>
      <blue displayName="Mensch Spieler 2" color="BLUE" index="33" carrots="34" salads="2">
        <cards>
          <type>HURRY_AHEAD</type>
          <type>FALL_BACK</type>
        </cards>
        <lastNonSkipAction class="advance" order="0" distance="5"/>
      </blue>
      <board>
        <fields index="0" type="START"/>
        <fields index="1" type="POSITION_2"/>
        <fields index="2" type="HARE"/>
        <fields index="3" type="CARROT"/>
        <fields index="4" type="CARROT"/>
        <fields index="5" type="POSITION_1"/>
        <fields index="6" type="HARE"/>
        <fields index="7" type="CARROT"/>
        <fields index="8" type="CARROT"/>
        <fields index="9" type="HARE"/>
        <fields index="10" type="SALAD"/>
        <fields index="11" type="HEDGEHOG"/>
        <fields index="12" type="CARROT"/>
        <fields index="13" type="HARE"/>
        <fields index="14" type="CARROT"/>
        <fields index="15" type="HEDGEHOG"/>
        <fields index="16" type="POSITION_1"/>
        <fields index="17" type="CARROT"/>
        <fields index="18" type="POSITION_2"/>
        <fields index="19" type="HEDGEHOG"/>
        <fields index="20" type="CARROT"/>
        <fields index="21" type="CARROT"/>
        <fields index="22" type="SALAD"/>
        <fields index="23" type="POSITION_2"/>
        <fields index="24" type="HEDGEHOG"/>
        <fields index="25" type="HARE"/>
        <fields index="26" type="CARROT"/>
        <fields index="27" type="POSITION_2"/>
        <fields index="28" type="CARROT"/>
        <fields index="29" type="CARROT"/>
        <fields index="30" type="HEDGEHOG"/>
        <fields index="31" type="HARE"/>
        <fields index="32" type="CARROT"/>
        <fields index="33" type="CARROT"/>
        <fields index="34" type="POSITION_1"/>
        <fields index="35" type="POSITION_2"/>
        <fields index="36" type="HARE"/>
        <fields index="37" type="HEDGEHOG"/>
        <fields index="38" type="POSITION_2"/>
        <fields index="39" type="CARROT"/>
        <fields index="40" type="HARE"/>
        <fields index="41" type="CARROT"/>
        <fields index="42" type="SALAD"/>
        <fields index="43" type="HEDGEHOG"/>
        <fields index="44" type="POSITION_2"/>
        <fields index="45" type="HARE"/>
        <fields index="46" type="CARROT"/>
        <fields index="47" type="CARROT"/>
        <fields index="48" type="POSITION_1"/>
        <fields index="49" type="CARROT"/>
        <fields index="50" type="HEDGEHOG"/>
        <fields index="51" type="CARROT"/>
        <fields index="52" type="POSITION_2"/>
        <fields index="53" type="CARROT"/>
        <fields index="54" type="CARROT"/>
        <fields index="55" type="HARE"/>
        <fields index="56" type="HEDGEHOG"/>
        <fields index="57" type="SALAD"/>
        <fields index="58" type="POSITION_1"/>
        <fields index="59" type="CARROT"/>
        <fields index="60" type="HARE"/>
        <fields index="61" type="CARROT"/>
        <fields index="62" type="CARROT"/>
        <fields index="63" type="HARE"/>
        <fields index="64" type="GOAL"/>
      </board>
      <lastMove>
        <fallBack order="0"/>
      </lastMove>
    </state>
  </data>
</room>
<room roomId="b13ab6a3-9a95-4716-9515-151c9367a070">
  <data class="memento">
    <state class="state" turn="26" startPlayer="RED" currentPlayer="RED">
      <red displayName="Mensch Spieler 1" color="RED" index="30" carrots="24" salads="3">
        <cards>
          <type>HURRY_AHEAD</type>
          <type>FALL_BACK</type>
        </cards>
        <lastNonSkipAction class="fallBack" order="0"/>
      </red>
      <blue displayName="Mensch Spieler 2" color="BLUE" index="35" carrots="31" salads="2">
        <cards>
          <type>HURRY_AHEAD</type>
          <type>FALL_BACK</type>
        </cards>
        <lastNonSkipAction class="advance" order="0" distance="2"/>
      </blue>
      <board>
        <fields index="0" type="START"/>
        <fields index="1" type="POSITION_2"/>
        <fields index="2" type="HARE"/>
        <fields index="3" type="CARROT"/>
        <fields index="4" type="CARROT"/>
        <fields index="5" type="POSITION_1"/>
        <fields index="6" type="HARE"/>
        <fields index="7" type="CARROT"/>
        <fields index="8" type="CARROT"/>
        <fields index="9" type="HARE"/>
        <fields index="10" type="SALAD"/>
        <fields index="11" type="HEDGEHOG"/>
        <fields index="12" type="CARROT"/>
        <fields index="13" type="HARE"/>
        <fields index="14" type="CARROT"/>
        <fields index="15" type="HEDGEHOG"/>
        <fields index="16" type="POSITION_1"/>
        <fields index="17" type="CARROT"/>
        <fields index="18" type="POSITION_2"/>
        <fields index="19" type="HEDGEHOG"/>
        <fields index="20" type="CARROT"/>
        <fields index="21" type="CARROT"/>
        <fields index="22" type="SALAD"/>
        <fields index="23" type="POSITION_2"/>
        <fields index="24" type="HEDGEHOG"/>
        <fields index="25" type="HARE"/>
        <fields index="26" type="CARROT"/>
        <fields index="27" type="POSITION_2"/>
        <fields index="28" type="CARROT"/>
        <fields index="29" type="CARROT"/>
        <fields index="30" type="HEDGEHOG"/>
        <fields index="31" type="HARE"/>
        <fields index="32" type="CARROT"/>
        <fields index="33" type="CARROT"/>
        <fields index="34" type="POSITION_1"/>
        <fields index="35" type="POSITION_2"/>
        <fields index="36" type="HARE"/>
        <fields index="37" type="HEDGEHOG"/>
        <fields index="38" type="POSITION_2"/>
        <fields index="39" type="CARROT"/>
        <fields index="40" type="HARE"/>
        <fields index="41" type="CARROT"/>
        <fields index="42" type="SALAD"/>
        <fields index="43" type="HEDGEHOG"/>
        <fields index="44" type="POSITION_2"/>
        <fields index="45" type="HARE"/>
        <fields index="46" type="CARROT"/>
        <fields index="47" type="CARROT"/>
        <fields index="48" type="POSITION_1"/>
        <fields index="49" type="CARROT"/>
        <fields index="50" type="HEDGEHOG"/>
        <fields index="51" type="CARROT"/>
        <fields index="52" type="POSITION_2"/>
        <fields index="53" type="CARROT"/>
        <fields index="54" type="CARROT"/>
        <fields index="55" type="HARE"/>
        <fields index="56" type="HEDGEHOG"/>
        <fields index="57" type="SALAD"/>
        <fields index="58" type="POSITION_1"/>
        <fields index="59" type="CARROT"/>
        <fields index="60" type="HARE"/>
        <fields index="61" type="CARROT"/>
        <fields index="62" type="CARROT"/>
        <fields index="63" type="HARE"/>
        <fields index="64" type="GOAL"/>
      </board>
      <lastMove>
        <advance order="0" distance="2"/>
      </lastMove>
    </state>
  </data>
</room>
<room roomId="b13ab6a3-9a95-4716-9515-151c9367a070">
  <data class="memento">
    <state class="state" turn="27" startPlayer="RED" currentPlayer="BLUE">
      <red displayName="Mensch Spieler 1" color="RED" index="33" carrots="18" salads="3">
        <cards>
          <type>HURRY_AHEAD</type>
          <type>FALL_BACK</type>
        </cards>
        <lastNonSkipAction class="advance" order="0" distance="3"/>
      </red>
      <blue displayName="Mensch Spieler 2" color="BLUE" index="35" carrots="31" salads="2">
        <cards>
          <type>HURRY_AHEAD</type>
          <type>FALL_BACK</type>
        </cards>
        <lastNonSkipAction class="advance" order="0" distance="2"/>
      </blue>
      <board>
        <fields index="0" type="START"/>
        <fields index="1" type="POSITION_2"/>
        <fields index="2" type="HARE"/>
        <fields index="3" type="CARROT"/>
        <fields index="4" type="CARROT"/>
        <fields index="5" type="POSITION_1"/>
        <fields index="6" type="HARE"/>
        <fields index="7" type="CARROT"/>
        <fields index="8" type="CARROT"/>
        <fields index="9" type="HARE"/>
        <fields index="10" type="SALAD"/>
        <fields index="11" type="HEDGEHOG"/>
        <fields index="12" type="CARROT"/>
        <fields index="13" type="HARE"/>
        <fields index="14" type="CARROT"/>
        <fields index="15" type="HEDGEHOG"/>
        <fields index="16" type="POSITION_1"/>
        <fields index="17" type="CARROT"/>
        <fields index="18" type="POSITION_2"/>
        <fields index="19" type="HEDGEHOG"/>
        <fields index="20" type="CARROT"/>
        <fields index="21" type="CARROT"/>
        <fields index="22" type="SALAD"/>
        <fields index="23" type="POSITION_2"/>
        <fields index="24" type="HEDGEHOG"/>
        <fields index="25" type="HARE"/>
        <fields index="26" type="CARROT"/>
        <fields index="27" type="POSITION_2"/>
        <fields index="28" type="CARROT"/>
        <fields index="29" type="CARROT"/>
        <fields index="30" type="HEDGEHOG"/>
        <fields index="31" type="HARE"/>
        <fields index="32" type="CARROT"/>
        <fields index="33" type="CARROT"/>
        <fields index="34" type="POSITION_1"/>
        <fields index="35" type="POSITION_2"/>
        <fields index="36" type="HARE"/>
        <fields index="37" type="HEDGEHOG"/>
        <fields index="38" type="POSITION_2"/>
        <fields index="39" type="CARROT"/>
        <fields index="40" type="HARE"/>
        <fields index="41" type="CARROT"/>
        <fields index="42" type="SALAD"/>
        <fields index="43" type="HEDGEHOG"/>
        <fields index="44" type="POSITION_2"/>
        <fields index="45" type="HARE"/>
        <fields index="46" type="CARROT"/>
        <fields index="47" type="CARROT"/>
        <fields index="48" type="POSITION_1"/>
        <fields index="49" type="CARROT"/>
        <fields index="50" type="HEDGEHOG"/>
        <fields index="51" type="CARROT"/>
        <fields index="52" type="POSITION_2"/>
        <fields index="53" type="CARROT"/>
        <fields index="54" type="CARROT"/>
        <fields index="55" type="HARE"/>
        <fields index="56" type="HEDGEHOG"/>
        <fields index="57" type="SALAD"/>
        <fields index="58" type="POSITION_1"/>
        <fields index="59" type="CARROT"/>
        <fields index="60" type="HARE"/>
        <fields index="61" type="CARROT"/>
        <fields index="62" type="CARROT"/>
        <fields index="63" type="HARE"/>
        <fields index="64" type="GOAL"/>
      </board>
      <lastMove>
        <advance order="0" distance="3"/>
      </lastMove>
    </state>
  </data>
</room>
<room roomId="b13ab6a3-9a95-4716-9515-151c9367a070">
  <data class="memento">
    <state class="state" turn="28" startPlayer="RED" currentPlayer="RED">
      <red displayName="Mensch Spieler 1" color="RED" index="33" carrots="18" salads="3">
        <cards>
          <type>HURRY_AHEAD</type>
          <type>FALL_BACK</type>
        </cards>
        <lastNonSkipAction class="advance" order="0" distance="3"/>
      </red>
      <blue displayName="Mensch Spieler 2" color="BLUE" index="38" carrots="25" salads="2">
        <cards>
          <type>HURRY_AHEAD</type>
          <type>FALL_BACK</type>
        </cards>
        <lastNonSkipAction class="advance" order="0" distance="3"/>
      </blue>
      <board>
        <fields index="0" type="START"/>
        <fields index="1" type="POSITION_2"/>
        <fields index="2" type="HARE"/>
        <fields index="3" type="CARROT"/>
        <fields index="4" type="CARROT"/>
        <fields index="5" type="POSITION_1"/>
        <fields index="6" type="HARE"/>
        <fields index="7" type="CARROT"/>
        <fields index="8" type="CARROT"/>
        <fields index="9" type="HARE"/>
        <fields index="10" type="SALAD"/>
        <fields index="11" type="HEDGEHOG"/>
        <fields index="12" type="CARROT"/>
        <fields index="13" type="HARE"/>
        <fields index="14" type="CARROT"/>
        <fields index="15" type="HEDGEHOG"/>
        <fields index="16" type="POSITION_1"/>
        <fields index="17" type="CARROT"/>
        <fields index="18" type="POSITION_2"/>
        <fields index="19" type="HEDGEHOG"/>
        <fields index="20" type="CARROT"/>
        <fields index="21" type="CARROT"/>
        <fields index="22" type="SALAD"/>
        <fields index="23" type="POSITION_2"/>
        <fields index="24" type="HEDGEHOG"/>
        <fields index="25" type="HARE"/>
        <fields index="26" type="CARROT"/>
        <fields index="27" type="POSITION_2"/>
        <fields index="28" type="CARROT"/>
        <fields index="29" type="CARROT"/>
        <fields index="30" type="HEDGEHOG"/>
        <fields index="31" type="HARE"/>
        <fields index="32" type="CARROT"/>
        <fields index="33" type="CARROT"/>
        <fields index="34" type="POSITION_1"/>
        <fields index="35" type="POSITION_2"/>
        <fields index="36" type="HARE"/>
        <fields index="37" type="HEDGEHOG"/>
        <fields index="38" type="POSITION_2"/>
        <fields index="39" type="CARROT"/>
        <fields index="40" type="HARE"/>
        <fields index="41" type="CARROT"/>
        <fields index="42" type="SALAD"/>
        <fields index="43" type="HEDGEHOG"/>
        <fields index="44" type="POSITION_2"/>
        <fields index="45" type="HARE"/>
        <fields index="46" type="CARROT"/>
        <fields index="47" type="CARROT"/>
        <fields index="48" type="POSITION_1"/>
        <fields index="49" type="CARROT"/>
        <fields index="50" type="HEDGEHOG"/>
        <fields index="51" type="CARROT"/>
        <fields index="52" type="POSITION_2"/>
        <fields index="53" type="CARROT"/>
        <fields index="54" type="CARROT"/>
        <fields index="55" type="HARE"/>
        <fields index="56" type="HEDGEHOG"/>
        <fields index="57" type="SALAD"/>
        <fields index="58" type="POSITION_1"/>
        <fields index="59" type="CARROT"/>
        <fields index="60" type="HARE"/>
        <fields index="61" type="CARROT"/>
        <fields index="62" type="CARROT"/>
        <fields index="63" type="HARE"/>
        <fields index="64" type="GOAL"/>
      </board>
      <lastMove>
        <advance order="0" distance="3"/>
      </lastMove>
    </state>
  </data>
</room>
<room roomId="b13ab6a3-9a95-4716-9515-151c9367a070">
  <data class="memento">
    <state class="state" turn="29" startPlayer="RED" currentPlayer="BLUE">
      <red displayName="Mensch Spieler 1" color="RED" index="35" carrots="15" salads="3">
        <cards>
          <type>HURRY_AHEAD</type>
          <type>FALL_BACK</type>
        </cards>
        <lastNonSkipAction class="advance" order="0" distance="2"/>
      </red>
      <blue displayName="Mensch Spieler 2" color="BLUE" index="38" carrots="25" salads="2">
        <cards>
          <type>HURRY_AHEAD</type>
          <type>FALL_BACK</type>
        </cards>
        <lastNonSkipAction class="advance" order="0" distance="3"/>
      </blue>
      <board>
        <fields index="0" type="START"/>
        <fields index="1" type="POSITION_2"/>
        <fields index="2" type="HARE"/>
        <fields index="3" type="CARROT"/>
        <fields index="4" type="CARROT"/>
        <fields index="5" type="POSITION_1"/>
        <fields index="6" type="HARE"/>
        <fields index="7" type="CARROT"/>
        <fields index="8" type="CARROT"/>
        <fields index="9" type="HARE"/>
        <fields index="10" type="SALAD"/>
        <fields index="11" type="HEDGEHOG"/>
        <fields index="12" type="CARROT"/>
        <fields index="13" type="HARE"/>
        <fields index="14" type="CARROT"/>
        <fields index="15" type="HEDGEHOG"/>
        <fields index="16" type="POSITION_1"/>
        <fields index="17" type="CARROT"/>
        <fields index="18" type="POSITION_2"/>
        <fields index="19" type="HEDGEHOG"/>
        <fields index="20" type="CARROT"/>
        <fields index="21" type="CARROT"/>
        <fields index="22" type="SALAD"/>
        <fields index="23" type="POSITION_2"/>
        <fields index="24" type="HEDGEHOG"/>
        <fields index="25" type="HARE"/>
        <fields index="26" type="CARROT"/>
        <fields index="27" type="POSITION_2"/>
        <fields index="28" type="CARROT"/>
        <fields index="29" type="CARROT"/>
        <fields index="30" type="HEDGEHOG"/>
        <fields index="31" type="HARE"/>
        <fields index="32" type="CARROT"/>
        <fields index="33" type="CARROT"/>
        <fields index="34" type="POSITION_1"/>
        <fields index="35" type="POSITION_2"/>
        <fields index="36" type="HARE"/>
        <fields index="37" type="HEDGEHOG"/>
        <fields index="38" type="POSITION_2"/>
        <fields index="39" type="CARROT"/>
        <fields index="40" type="HARE"/>
        <fields index="41" type="CARROT"/>
        <fields index="42" type="SALAD"/>
        <fields index="43" type="HEDGEHOG"/>
        <fields index="44" type="POSITION_2"/>
        <fields index="45" type="HARE"/>
        <fields index="46" type="CARROT"/>
        <fields index="47" type="CARROT"/>
        <fields index="48" type="POSITION_1"/>
        <fields index="49" type="CARROT"/>
        <fields index="50" type="HEDGEHOG"/>
        <fields index="51" type="CARROT"/>
        <fields index="52" type="POSITION_2"/>
        <fields index="53" type="CARROT"/>
        <fields index="54" type="CARROT"/>
        <fields index="55" type="HARE"/>
        <fields index="56" type="HEDGEHOG"/>
        <fields index="57" type="SALAD"/>
        <fields index="58" type="POSITION_1"/>
        <fields index="59" type="CARROT"/>
        <fields index="60" type="HARE"/>
        <fields index="61" type="CARROT"/>
        <fields index="62" type="CARROT"/>
        <fields index="63" type="HARE"/>
        <fields index="64" type="GOAL"/>
      </board>
      <lastMove>
        <advance order="0" distance="2"/>
      </lastMove>
    </state>
  </data>
</room>
<room roomId="b13ab6a3-9a95-4716-9515-151c9367a070">
  <data class="memento">
    <state class="state" turn="30" startPlayer="RED" currentPlayer="RED">
      <red displayName="Mensch Spieler 1" color="RED" index="35" carrots="45" salads="3">
        <cards>
          <type>HURRY_AHEAD</type>
          <type>FALL_BACK</type>
        </cards>
        <lastNonSkipAction class="advance" order="0" distance="2"/>
      </red>
      <blue displayName="Mensch Spieler 2" color="BLUE" index="42" carrots="15" salads="2">
        <cards>
          <type>HURRY_AHEAD</type>
          <type>FALL_BACK</type>
        </cards>
        <lastNonSkipAction class="advance" order="0" distance="4"/>
      </blue>
      <board>
        <fields index="0" type="START"/>
        <fields index="1" type="POSITION_2"/>
        <fields index="2" type="HARE"/>
        <fields index="3" type="CARROT"/>
        <fields index="4" type="CARROT"/>
        <fields index="5" type="POSITION_1"/>
        <fields index="6" type="HARE"/>
        <fields index="7" type="CARROT"/>
        <fields index="8" type="CARROT"/>
        <fields index="9" type="HARE"/>
        <fields index="10" type="SALAD"/>
        <fields index="11" type="HEDGEHOG"/>
        <fields index="12" type="CARROT"/>
        <fields index="13" type="HARE"/>
        <fields index="14" type="CARROT"/>
        <fields index="15" type="HEDGEHOG"/>
        <fields index="16" type="POSITION_1"/>
        <fields index="17" type="CARROT"/>
        <fields index="18" type="POSITION_2"/>
        <fields index="19" type="HEDGEHOG"/>
        <fields index="20" type="CARROT"/>
        <fields index="21" type="CARROT"/>
        <fields index="22" type="SALAD"/>
        <fields index="23" type="POSITION_2"/>
        <fields index="24" type="HEDGEHOG"/>
        <fields index="25" type="HARE"/>
        <fields index="26" type="CARROT"/>
        <fields index="27" type="POSITION_2"/>
        <fields index="28" type="CARROT"/>
        <fields index="29" type="CARROT"/>
        <fields index="30" type="HEDGEHOG"/>
        <fields index="31" type="HARE"/>
        <fields index="32" type="CARROT"/>
        <fields index="33" type="CARROT"/>
        <fields index="34" type="POSITION_1"/>
        <fields index="35" type="POSITION_2"/>
        <fields index="36" type="HARE"/>
        <fields index="37" type="HEDGEHOG"/>
        <fields index="38" type="POSITION_2"/>
        <fields index="39" type="CARROT"/>
        <fields index="40" type="HARE"/>
        <fields index="41" type="CARROT"/>
        <fields index="42" type="SALAD"/>
        <fields index="43" type="HEDGEHOG"/>
        <fields index="44" type="POSITION_2"/>
        <fields index="45" type="HARE"/>
        <fields index="46" type="CARROT"/>
        <fields index="47" type="CARROT"/>
        <fields index="48" type="POSITION_1"/>
        <fields index="49" type="CARROT"/>
        <fields index="50" type="HEDGEHOG"/>
        <fields index="51" type="CARROT"/>
        <fields index="52" type="POSITION_2"/>
        <fields index="53" type="CARROT"/>
        <fields index="54" type="CARROT"/>
        <fields index="55" type="HARE"/>
        <fields index="56" type="HEDGEHOG"/>
        <fields index="57" type="SALAD"/>
        <fields index="58" type="POSITION_1"/>
        <fields index="59" type="CARROT"/>
        <fields index="60" type="HARE"/>
        <fields index="61" type="CARROT"/>
        <fields index="62" type="CARROT"/>
        <fields index="63" type="HARE"/>
        <fields index="64" type="GOAL"/>
      </board>
      <lastMove>
        <advance order="0" distance="4"/>
      </lastMove>
    </state>
  </data>
</room>
<room roomId="b13ab6a3-9a95-4716-9515-151c9367a070">
  <data class="memento">
    <state class="state" turn="31" startPlayer="RED" currentPlayer="BLUE">
      <red displayName="Mensch Spieler 1" color="RED" index="41" carrots="24" salads="3">
        <cards>
          <type>HURRY_AHEAD</type>
          <type>FALL_BACK</type>
        </cards>
        <lastNonSkipAction class="advance" order="0" distance="6"/>
      </red>
      <blue displayName="Mensch Spieler 2" color="BLUE" index="42" carrots="15" salads="2">
        <cards>
          <type>HURRY_AHEAD</type>
          <type>FALL_BACK</type>
        </cards>
        <lastNonSkipAction class="advance" order="0" distance="4"/>
      </blue>
      <board>
        <fields index="0" type="START"/>
        <fields index="1" type="POSITION_2"/>
        <fields index="2" type="HARE"/>
        <fields index="3" type="CARROT"/>
        <fields index="4" type="CARROT"/>
        <fields index="5" type="POSITION_1"/>
        <fields index="6" type="HARE"/>
        <fields index="7" type="CARROT"/>
        <fields index="8" type="CARROT"/>
        <fields index="9" type="HARE"/>
        <fields index="10" type="SALAD"/>
        <fields index="11" type="HEDGEHOG"/>
        <fields index="12" type="CARROT"/>
        <fields index="13" type="HARE"/>
        <fields index="14" type="CARROT"/>
        <fields index="15" type="HEDGEHOG"/>
        <fields index="16" type="POSITION_1"/>
        <fields index="17" type="CARROT"/>
        <fields index="18" type="POSITION_2"/>
        <fields index="19" type="HEDGEHOG"/>
        <fields index="20" type="CARROT"/>
        <fields index="21" type="CARROT"/>
        <fields index="22" type="SALAD"/>
        <fields index="23" type="POSITION_2"/>
        <fields index="24" type="HEDGEHOG"/>
        <fields index="25" type="HARE"/>
        <fields index="26" type="CARROT"/>
        <fields index="27" type="POSITION_2"/>
        <fields index="28" type="CARROT"/>
        <fields index="29" type="CARROT"/>
        <fields index="30" type="HEDGEHOG"/>
        <fields index="31" type="HARE"/>
        <fields index="32" type="CARROT"/>
        <fields index="33" type="CARROT"/>
        <fields index="34" type="POSITION_1"/>
        <fields index="35" type="POSITION_2"/>
        <fields index="36" type="HARE"/>
        <fields index="37" type="HEDGEHOG"/>
        <fields index="38" type="POSITION_2"/>
        <fields index="39" type="CARROT"/>
        <fields index="40" type="HARE"/>
        <fields index="41" type="CARROT"/>
        <fields index="42" type="SALAD"/>
        <fields index="43" type="HEDGEHOG"/>
        <fields index="44" type="POSITION_2"/>
        <fields index="45" type="HARE"/>
        <fields index="46" type="CARROT"/>
        <fields index="47" type="CARROT"/>
        <fields index="48" type="POSITION_1"/>
        <fields index="49" type="CARROT"/>
        <fields index="50" type="HEDGEHOG"/>
        <fields index="51" type="CARROT"/>
        <fields index="52" type="POSITION_2"/>
        <fields index="53" type="CARROT"/>
        <fields index="54" type="CARROT"/>
        <fields index="55" type="HARE"/>
        <fields index="56" type="HEDGEHOG"/>
        <fields index="57" type="SALAD"/>
        <fields index="58" type="POSITION_1"/>
        <fields index="59" type="CARROT"/>
        <fields index="60" type="HARE"/>
        <fields index="61" type="CARROT"/>
        <fields index="62" type="CARROT"/>
        <fields index="63" type="HARE"/>
        <fields index="64" type="GOAL"/>
      </board>
      <lastMove>
        <advance order="0" distance="6"/>
      </lastMove>
    </state>
  </data>
</room>
<room roomId="b13ab6a3-9a95-4716-9515-151c9367a070">
  <data class="memento">
    <state class="state" turn="32" startPlayer="RED" currentPlayer="RED">
      <red displayName="Mensch Spieler 1" color="RED" index="41" carrots="24" salads="3">
        <cards>
          <type>HURRY_AHEAD</type>
          <type>FALL_BACK</type>
        </cards>
        <lastNonSkipAction class="advance" order="0" distance="6"/>
      </red>
      <blue displayName="Mensch Spieler 2" color="BLUE" index="42" carrots="25" salads="1">
        <cards>
          <type>HURRY_AHEAD</type>
          <type>FALL_BACK</type>
        </cards>
        <lastNonSkipAction class="eatSalad" order="0"/>
      </blue>
      <board>
        <fields index="0" type="START"/>
        <fields index="1" type="POSITION_2"/>
        <fields index="2" type="HARE"/>
        <fields index="3" type="CARROT"/>
        <fields index="4" type="CARROT"/>
        <fields index="5" type="POSITION_1"/>
        <fields index="6" type="HARE"/>
        <fields index="7" type="CARROT"/>
        <fields index="8" type="CARROT"/>
        <fields index="9" type="HARE"/>
        <fields index="10" type="SALAD"/>
        <fields index="11" type="HEDGEHOG"/>
        <fields index="12" type="CARROT"/>
        <fields index="13" type="HARE"/>
        <fields index="14" type="CARROT"/>
        <fields index="15" type="HEDGEHOG"/>
        <fields index="16" type="POSITION_1"/>
        <fields index="17" type="CARROT"/>
        <fields index="18" type="POSITION_2"/>
        <fields index="19" type="HEDGEHOG"/>
        <fields index="20" type="CARROT"/>
        <fields index="21" type="CARROT"/>
        <fields index="22" type="SALAD"/>
        <fields index="23" type="POSITION_2"/>
        <fields index="24" type="HEDGEHOG"/>
        <fields index="25" type="HARE"/>
        <fields index="26" type="CARROT"/>
        <fields index="27" type="POSITION_2"/>
        <fields index="28" type="CARROT"/>
        <fields index="29" type="CARROT"/>
        <fields index="30" type="HEDGEHOG"/>
        <fields index="31" type="HARE"/>
        <fields index="32" type="CARROT"/>
        <fields index="33" type="CARROT"/>
        <fields index="34" type="POSITION_1"/>
        <fields index="35" type="POSITION_2"/>
        <fields index="36" type="HARE"/>
        <fields index="37" type="HEDGEHOG"/>
        <fields index="38" type="POSITION_2"/>
        <fields index="39" type="CARROT"/>
        <fields index="40" type="HARE"/>
        <fields index="41" type="CARROT"/>
        <fields index="42" type="SALAD"/>
        <fields index="43" type="HEDGEHOG"/>
        <fields index="44" type="POSITION_2"/>
        <fields index="45" type="HARE"/>
        <fields index="46" type="CARROT"/>
        <fields index="47" type="CARROT"/>
        <fields index="48" type="POSITION_1"/>
        <fields index="49" type="CARROT"/>
        <fields index="50" type="HEDGEHOG"/>
        <fields index="51" type="CARROT"/>
        <fields index="52" type="POSITION_2"/>
        <fields index="53" type="CARROT"/>
        <fields index="54" type="CARROT"/>
        <fields index="55" type="HARE"/>
        <fields index="56" type="HEDGEHOG"/>
        <fields index="57" type="SALAD"/>
        <fields index="58" type="POSITION_1"/>
        <fields index="59" type="CARROT"/>
        <fields index="60" type="HARE"/>
        <fields index="61" type="CARROT"/>
        <fields index="62" type="CARROT"/>
        <fields index="63" type="HARE"/>
        <fields index="64" type="GOAL"/>
      </board>
      <lastMove>
        <eatSalad order="0"/>
      </lastMove>
    </state>
  </data>
</room>
<room roomId="b13ab6a3-9a95-4716-9515-151c9367a070">
  <data class="memento">
    <state class="state" turn="33" startPlayer="RED" currentPlayer="BLUE">
      <red displayName="Mensch Spieler 1" color="RED" index="37" carrots="64" salads="3">
        <cards>
          <type>HURRY_AHEAD</type>
          <type>FALL_BACK</type>
        </cards>
        <lastNonSkipAction class="fallBack" order="0"/>
      </red>
      <blue displayName="Mensch Spieler 2" color="BLUE" index="42" carrots="25" salads="1">
        <cards>
          <type>HURRY_AHEAD</type>
          <type>FALL_BACK</type>
        </cards>
        <lastNonSkipAction class="eatSalad" order="0"/>
      </blue>
      <board>
        <fields index="0" type="START"/>
        <fields index="1" type="POSITION_2"/>
        <fields index="2" type="HARE"/>
        <fields index="3" type="CARROT"/>
        <fields index="4" type="CARROT"/>
        <fields index="5" type="POSITION_1"/>
        <fields index="6" type="HARE"/>
        <fields index="7" type="CARROT"/>
        <fields index="8" type="CARROT"/>
        <fields index="9" type="HARE"/>
        <fields index="10" type="SALAD"/>
        <fields index="11" type="HEDGEHOG"/>
        <fields index="12" type="CARROT"/>
        <fields index="13" type="HARE"/>
        <fields index="14" type="CARROT"/>
        <fields index="15" type="HEDGEHOG"/>
        <fields index="16" type="POSITION_1"/>
        <fields index="17" type="CARROT"/>
        <fields index="18" type="POSITION_2"/>
        <fields index="19" type="HEDGEHOG"/>
        <fields index="20" type="CARROT"/>
        <fields index="21" type="CARROT"/>
        <fields index="22" type="SALAD"/>
        <fields index="23" type="POSITION_2"/>
        <fields index="24" type="HEDGEHOG"/>
        <fields index="25" type="HARE"/>
        <fields index="26" type="CARROT"/>
        <fields index="27" type="POSITION_2"/>
        <fields index="28" type="CARROT"/>
        <fields index="29" type="CARROT"/>
        <fields index="30" type="HEDGEHOG"/>
        <fields index="31" type="HARE"/>
        <fields index="32" type="CARROT"/>
        <fields index="33" type="CARROT"/>
        <fields index="34" type="POSITION_1"/>
        <fields index="35" type="POSITION_2"/>
        <fields index="36" type="HARE"/>
        <fields index="37" type="HEDGEHOG"/>
        <fields index="38" type="POSITION_2"/>
        <fields index="39" type="CARROT"/>
        <fields index="40" type="HARE"/>
        <fields index="41" type="CARROT"/>
        <fields index="42" type="SALAD"/>
        <fields index="43" type="HEDGEHOG"/>
        <fields index="44" type="POSITION_2"/>
        <fields index="45" type="HARE"/>
        <fields index="46" type="CARROT"/>
        <fields index="47" type="CARROT"/>
        <fields index="48" type="POSITION_1"/>
        <fields index="49" type="CARROT"/>
        <fields index="50" type="HEDGEHOG"/>
        <fields index="51" type="CARROT"/>
        <fields index="52" type="POSITION_2"/>
        <fields index="53" type="CARROT"/>
        <fields index="54" type="CARROT"/>
        <fields index="55" type="HARE"/>
        <fields index="56" type="HEDGEHOG"/>
        <fields index="57" type="SALAD"/>
        <fields index="58" type="POSITION_1"/>
        <fields index="59" type="CARROT"/>
        <fields index="60" type="HARE"/>
        <fields index="61" type="CARROT"/>
        <fields index="62" type="CARROT"/>
        <fields index="63" type="HARE"/>
        <fields index="64" type="GOAL"/>
      </board>
      <lastMove>
        <fallBack order="0"/>
      </lastMove>
    </state>
  </data>
</room>
<room roomId="b13ab6a3-9a95-4716-9515-151c9367a070">
  <data class="memento">
    <state class="state" turn="34" startPlayer="RED" currentPlayer="RED">
      <red displayName="Mensch Spieler 1" color="RED" index="37" carrots="64" salads="3">
        <cards>
          <type>HURRY_AHEAD</type>
          <type>FALL_BACK</type>
        </cards>
        <lastNonSkipAction class="fallBack" order="0"/>
      </red>
      <blue displayName="Mensch Spieler 2" color="BLUE" index="47" carrots="10" salads="1">
        <cards>
          <type>HURRY_AHEAD</type>
          <type>FALL_BACK</type>
        </cards>
        <lastNonSkipAction class="advance" order="0" distance="5"/>
      </blue>
      <board>
        <fields index="0" type="START"/>
        <fields index="1" type="POSITION_2"/>
        <fields index="2" type="HARE"/>
        <fields index="3" type="CARROT"/>
        <fields index="4" type="CARROT"/>
        <fields index="5" type="POSITION_1"/>
        <fields index="6" type="HARE"/>
        <fields index="7" type="CARROT"/>
        <fields index="8" type="CARROT"/>
        <fields index="9" type="HARE"/>
        <fields index="10" type="SALAD"/>
        <fields index="11" type="HEDGEHOG"/>
        <fields index="12" type="CARROT"/>
        <fields index="13" type="HARE"/>
        <fields index="14" type="CARROT"/>
        <fields index="15" type="HEDGEHOG"/>
        <fields index="16" type="POSITION_1"/>
        <fields index="17" type="CARROT"/>
        <fields index="18" type="POSITION_2"/>
        <fields index="19" type="HEDGEHOG"/>
        <fields index="20" type="CARROT"/>
        <fields index="21" type="CARROT"/>
        <fields index="22" type="SALAD"/>
        <fields index="23" type="POSITION_2"/>
        <fields index="24" type="HEDGEHOG"/>
        <fields index="25" type="HARE"/>
        <fields index="26" type="CARROT"/>
        <fields index="27" type="POSITION_2"/>
        <fields index="28" type="CARROT"/>
        <fields index="29" type="CARROT"/>
        <fields index="30" type="HEDGEHOG"/>
        <fields index="31" type="HARE"/>
        <fields index="32" type="CARROT"/>
        <fields index="33" type="CARROT"/>
        <fields index="34" type="POSITION_1"/>
        <fields index="35" type="POSITION_2"/>
        <fields index="36" type="HARE"/>
        <fields index="37" type="HEDGEHOG"/>
        <fields index="38" type="POSITION_2"/>
        <fields index="39" type="CARROT"/>
        <fields index="40" type="HARE"/>
        <fields index="41" type="CARROT"/>
        <fields index="42" type="SALAD"/>
        <fields index="43" type="HEDGEHOG"/>
        <fields index="44" type="POSITION_2"/>
        <fields index="45" type="HARE"/>
        <fields index="46" type="CARROT"/>
        <fields index="47" type="CARROT"/>
        <fields index="48" type="POSITION_1"/>
        <fields index="49" type="CARROT"/>
        <fields index="50" type="HEDGEHOG"/>
        <fields index="51" type="CARROT"/>
        <fields index="52" type="POSITION_2"/>
        <fields index="53" type="CARROT"/>
        <fields index="54" type="CARROT"/>
        <fields index="55" type="HARE"/>
        <fields index="56" type="HEDGEHOG"/>
        <fields index="57" type="SALAD"/>
        <fields index="58" type="POSITION_1"/>
        <fields index="59" type="CARROT"/>
        <fields index="60" type="HARE"/>
        <fields index="61" type="CARROT"/>
        <fields index="62" type="CARROT"/>
        <fields index="63" type="HARE"/>
        <fields index="64" type="GOAL"/>
      </board>
      <lastMove>
        <advance order="0" distance="5"/>
      </lastMove>
    </state>
  </data>
</room>
<room roomId="b13ab6a3-9a95-4716-9515-151c9367a070">
  <data class="memento">
    <state class="state" turn="35" startPlayer="RED" currentPlayer="BLUE">
      <red displayName="Mensch Spieler 1" color="RED" index="42" carrots="49" salads="3">
        <cards>
          <type>HURRY_AHEAD</type>
          <type>FALL_BACK</type>
        </cards>
        <lastNonSkipAction class="advance" order="0" distance="5"/>
      </red>
      <blue displayName="Mensch Spieler 2" color="BLUE" index="47" carrots="10" salads="1">
        <cards>
          <type>HURRY_AHEAD</type>
          <type>FALL_BACK</type>
        </cards>
        <lastNonSkipAction class="advance" order="0" distance="5"/>
      </blue>
      <board>
        <fields index="0" type="START"/>
        <fields index="1" type="POSITION_2"/>
        <fields index="2" type="HARE"/>
        <fields index="3" type="CARROT"/>
        <fields index="4" type="CARROT"/>
        <fields index="5" type="POSITION_1"/>
        <fields index="6" type="HARE"/>
        <fields index="7" type="CARROT"/>
        <fields index="8" type="CARROT"/>
        <fields index="9" type="HARE"/>
        <fields index="10" type="SALAD"/>
        <fields index="11" type="HEDGEHOG"/>
        <fields index="12" type="CARROT"/>
        <fields index="13" type="HARE"/>
        <fields index="14" type="CARROT"/>
        <fields index="15" type="HEDGEHOG"/>
        <fields index="16" type="POSITION_1"/>
        <fields index="17" type="CARROT"/>
        <fields index="18" type="POSITION_2"/>
        <fields index="19" type="HEDGEHOG"/>
        <fields index="20" type="CARROT"/>
        <fields index="21" type="CARROT"/>
        <fields index="22" type="SALAD"/>
        <fields index="23" type="POSITION_2"/>
        <fields index="24" type="HEDGEHOG"/>
        <fields index="25" type="HARE"/>
        <fields index="26" type="CARROT"/>
        <fields index="27" type="POSITION_2"/>
        <fields index="28" type="CARROT"/>
        <fields index="29" type="CARROT"/>
        <fields index="30" type="HEDGEHOG"/>
        <fields index="31" type="HARE"/>
        <fields index="32" type="CARROT"/>
        <fields index="33" type="CARROT"/>
        <fields index="34" type="POSITION_1"/>
        <fields index="35" type="POSITION_2"/>
        <fields index="36" type="HARE"/>
        <fields index="37" type="HEDGEHOG"/>
        <fields index="38" type="POSITION_2"/>
        <fields index="39" type="CARROT"/>
        <fields index="40" type="HARE"/>
        <fields index="41" type="CARROT"/>
        <fields index="42" type="SALAD"/>
        <fields index="43" type="HEDGEHOG"/>
        <fields index="44" type="POSITION_2"/>
        <fields index="45" type="HARE"/>
        <fields index="46" type="CARROT"/>
        <fields index="47" type="CARROT"/>
        <fields index="48" type="POSITION_1"/>
        <fields index="49" type="CARROT"/>
        <fields index="50" type="HEDGEHOG"/>
        <fields index="51" type="CARROT"/>
        <fields index="52" type="POSITION_2"/>
        <fields index="53" type="CARROT"/>
        <fields index="54" type="CARROT"/>
        <fields index="55" type="HARE"/>
        <fields index="56" type="HEDGEHOG"/>
        <fields index="57" type="SALAD"/>
        <fields index="58" type="POSITION_1"/>
        <fields index="59" type="CARROT"/>
        <fields index="60" type="HARE"/>
        <fields index="61" type="CARROT"/>
        <fields index="62" type="CARROT"/>
        <fields index="63" type="HARE"/>
        <fields index="64" type="GOAL"/>
      </board>
      <lastMove>
        <advance order="0" distance="5"/>
      </lastMove>
    </state>
  </data>
</room>
<room roomId="b13ab6a3-9a95-4716-9515-151c9367a070">
  <data class="memento">
    <state class="state" turn="36" startPlayer="RED" currentPlayer="RED">
      <red displayName="Mensch Spieler 1" color="RED" index="42" carrots="49" salads="3">
        <cards>
          <type>HURRY_AHEAD</type>
          <type>FALL_BACK</type>
        </cards>
        <lastNonSkipAction class="advance" order="0" distance="5"/>
      </red>
      <blue displayName="Mensch Spieler 2" color="BLUE" index="43" carrots="50" salads="1">
        <cards>
          <type>HURRY_AHEAD</type>
          <type>FALL_BACK</type>
        </cards>
        <lastNonSkipAction class="fallBack" order="0"/>
      </blue>
      <board>
        <fields index="0" type="START"/>
        <fields index="1" type="POSITION_2"/>
        <fields index="2" type="HARE"/>
        <fields index="3" type="CARROT"/>
        <fields index="4" type="CARROT"/>
        <fields index="5" type="POSITION_1"/>
        <fields index="6" type="HARE"/>
        <fields index="7" type="CARROT"/>
        <fields index="8" type="CARROT"/>
        <fields index="9" type="HARE"/>
        <fields index="10" type="SALAD"/>
        <fields index="11" type="HEDGEHOG"/>
        <fields index="12" type="CARROT"/>
        <fields index="13" type="HARE"/>
        <fields index="14" type="CARROT"/>
        <fields index="15" type="HEDGEHOG"/>
        <fields index="16" type="POSITION_1"/>
        <fields index="17" type="CARROT"/>
        <fields index="18" type="POSITION_2"/>
        <fields index="19" type="HEDGEHOG"/>
        <fields index="20" type="CARROT"/>
        <fields index="21" type="CARROT"/>
        <fields index="22" type="SALAD"/>
        <fields index="23" type="POSITION_2"/>
        <fields index="24" type="HEDGEHOG"/>
        <fields index="25" type="HARE"/>
        <fields index="26" type="CARROT"/>
        <fields index="27" type="POSITION_2"/>
        <fields index="28" type="CARROT"/>
        <fields index="29" type="CARROT"/>
        <fields index="30" type="HEDGEHOG"/>
        <fields index="31" type="HARE"/>
        <fields index="32" type="CARROT"/>
        <fields index="33" type="CARROT"/>
        <fields index="34" type="POSITION_1"/>
        <fields index="35" type="POSITION_2"/>
        <fields index="36" type="HARE"/>
        <fields index="37" type="HEDGEHOG"/>
        <fields index="38" type="POSITION_2"/>
        <fields index="39" type="CARROT"/>
        <fields index="40" type="HARE"/>
        <fields index="41" type="CARROT"/>
        <fields index="42" type="SALAD"/>
        <fields index="43" type="HEDGEHOG"/>
        <fields index="44" type="POSITION_2"/>
        <fields index="45" type="HARE"/>
        <fields index="46" type="CARROT"/>
        <fields index="47" type="CARROT"/>
        <fields index="48" type="POSITION_1"/>
        <fields index="49" type="CARROT"/>
        <fields index="50" type="HEDGEHOG"/>
        <fields index="51" type="CARROT"/>
        <fields index="52" type="POSITION_2"/>
        <fields index="53" type="CARROT"/>
        <fields index="54" type="CARROT"/>
        <fields index="55" type="HARE"/>
        <fields index="56" type="HEDGEHOG"/>
        <fields index="57" type="SALAD"/>
        <fields index="58" type="POSITION_1"/>
        <fields index="59" type="CARROT"/>
        <fields index="60" type="HARE"/>
        <fields index="61" type="CARROT"/>
        <fields index="62" type="CARROT"/>
        <fields index="63" type="HARE"/>
        <fields index="64" type="GOAL"/>
      </board>
      <lastMove>
        <fallBack order="0"/>
      </lastMove>
    </state>
  </data>
</room>
<room roomId="b13ab6a3-9a95-4716-9515-151c9367a070">
  <data class="memento">
    <state class="state" turn="37" startPlayer="RED" currentPlayer="BLUE">
      <red displayName="Mensch Spieler 1" color="RED" index="42" carrots="79" salads="2">
        <cards>
          <type>HURRY_AHEAD</type>
          <type>FALL_BACK</type>
        </cards>
        <lastNonSkipAction class="eatSalad" order="0"/>
      </red>
      <blue displayName="Mensch Spieler 2" color="BLUE" index="43" carrots="50" salads="1">
        <cards>
          <type>HURRY_AHEAD</type>
          <type>FALL_BACK</type>
        </cards>
        <lastNonSkipAction class="fallBack" order="0"/>
      </blue>
      <board>
        <fields index="0" type="START"/>
        <fields index="1" type="POSITION_2"/>
        <fields index="2" type="HARE"/>
        <fields index="3" type="CARROT"/>
        <fields index="4" type="CARROT"/>
        <fields index="5" type="POSITION_1"/>
        <fields index="6" type="HARE"/>
        <fields index="7" type="CARROT"/>
        <fields index="8" type="CARROT"/>
        <fields index="9" type="HARE"/>
        <fields index="10" type="SALAD"/>
        <fields index="11" type="HEDGEHOG"/>
        <fields index="12" type="CARROT"/>
        <fields index="13" type="HARE"/>
        <fields index="14" type="CARROT"/>
        <fields index="15" type="HEDGEHOG"/>
        <fields index="16" type="POSITION_1"/>
        <fields index="17" type="CARROT"/>
        <fields index="18" type="POSITION_2"/>
        <fields index="19" type="HEDGEHOG"/>
        <fields index="20" type="CARROT"/>
        <fields index="21" type="CARROT"/>
        <fields index="22" type="SALAD"/>
        <fields index="23" type="POSITION_2"/>
        <fields index="24" type="HEDGEHOG"/>
        <fields index="25" type="HARE"/>
        <fields index="26" type="CARROT"/>
        <fields index="27" type="POSITION_2"/>
        <fields index="28" type="CARROT"/>
        <fields index="29" type="CARROT"/>
        <fields index="30" type="HEDGEHOG"/>
        <fields index="31" type="HARE"/>
        <fields index="32" type="CARROT"/>
        <fields index="33" type="CARROT"/>
        <fields index="34" type="POSITION_1"/>
        <fields index="35" type="POSITION_2"/>
        <fields index="36" type="HARE"/>
        <fields index="37" type="HEDGEHOG"/>
        <fields index="38" type="POSITION_2"/>
        <fields index="39" type="CARROT"/>
        <fields index="40" type="HARE"/>
        <fields index="41" type="CARROT"/>
        <fields index="42" type="SALAD"/>
        <fields index="43" type="HEDGEHOG"/>
        <fields index="44" type="POSITION_2"/>
        <fields index="45" type="HARE"/>
        <fields index="46" type="CARROT"/>
        <fields index="47" type="CARROT"/>
        <fields index="48" type="POSITION_1"/>
        <fields index="49" type="CARROT"/>
        <fields index="50" type="HEDGEHOG"/>
        <fields index="51" type="CARROT"/>
        <fields index="52" type="POSITION_2"/>
        <fields index="53" type="CARROT"/>
        <fields index="54" type="CARROT"/>
        <fields index="55" type="HARE"/>
        <fields index="56" type="HEDGEHOG"/>
        <fields index="57" type="SALAD"/>
        <fields index="58" type="POSITION_1"/>
        <fields index="59" type="CARROT"/>
        <fields index="60" type="HARE"/>
        <fields index="61" type="CARROT"/>
        <fields index="62" type="CARROT"/>
        <fields index="63" type="HARE"/>
        <fields index="64" type="GOAL"/>
      </board>
      <lastMove>
        <eatSalad order="0"/>
      </lastMove>
    </state>
  </data>
</room>
<room roomId="b13ab6a3-9a95-4716-9515-151c9367a070">
  <data class="memento">
    <state class="state" turn="38" startPlayer="RED" currentPlayer="RED">
      <red displayName="Mensch Spieler 1" color="RED" index="42" carrots="79" salads="2">
        <cards>
          <type>HURRY_AHEAD</type>
          <type>FALL_BACK</type>
        </cards>
        <lastNonSkipAction class="eatSalad" order="0"/>
      </red>
      <blue displayName="Mensch Spieler 2" color="BLUE" index="51" carrots="14" salads="1">
        <cards>
          <type>HURRY_AHEAD</type>
          <type>FALL_BACK</type>
        </cards>
        <lastNonSkipAction class="advance" order="0" distance="8"/>
      </blue>
      <board>
        <fields index="0" type="START"/>
        <fields index="1" type="POSITION_2"/>
        <fields index="2" type="HARE"/>
        <fields index="3" type="CARROT"/>
        <fields index="4" type="CARROT"/>
        <fields index="5" type="POSITION_1"/>
        <fields index="6" type="HARE"/>
        <fields index="7" type="CARROT"/>
        <fields index="8" type="CARROT"/>
        <fields index="9" type="HARE"/>
        <fields index="10" type="SALAD"/>
        <fields index="11" type="HEDGEHOG"/>
        <fields index="12" type="CARROT"/>
        <fields index="13" type="HARE"/>
        <fields index="14" type="CARROT"/>
        <fields index="15" type="HEDGEHOG"/>
        <fields index="16" type="POSITION_1"/>
        <fields index="17" type="CARROT"/>
        <fields index="18" type="POSITION_2"/>
        <fields index="19" type="HEDGEHOG"/>
        <fields index="20" type="CARROT"/>
        <fields index="21" type="CARROT"/>
        <fields index="22" type="SALAD"/>
        <fields index="23" type="POSITION_2"/>
        <fields index="24" type="HEDGEHOG"/>
        <fields index="25" type="HARE"/>
        <fields index="26" type="CARROT"/>
        <fields index="27" type="POSITION_2"/>
        <fields index="28" type="CARROT"/>
        <fields index="29" type="CARROT"/>
        <fields index="30" type="HEDGEHOG"/>
        <fields index="31" type="HARE"/>
        <fields index="32" type="CARROT"/>
        <fields index="33" type="CARROT"/>
        <fields index="34" type="POSITION_1"/>
        <fields index="35" type="POSITION_2"/>
        <fields index="36" type="HARE"/>
        <fields index="37" type="HEDGEHOG"/>
        <fields index="38" type="POSITION_2"/>
        <fields index="39" type="CARROT"/>
        <fields index="40" type="HARE"/>
        <fields index="41" type="CARROT"/>
        <fields index="42" type="SALAD"/>
        <fields index="43" type="HEDGEHOG"/>
        <fields index="44" type="POSITION_2"/>
        <fields index="45" type="HARE"/>
        <fields index="46" type="CARROT"/>
        <fields index="47" type="CARROT"/>
        <fields index="48" type="POSITION_1"/>
        <fields index="49" type="CARROT"/>
        <fields index="50" type="HEDGEHOG"/>
        <fields index="51" type="CARROT"/>
        <fields index="52" type="POSITION_2"/>
        <fields index="53" type="CARROT"/>
        <fields index="54" type="CARROT"/>
        <fields index="55" type="HARE"/>
        <fields index="56" type="HEDGEHOG"/>
        <fields index="57" type="SALAD"/>
        <fields index="58" type="POSITION_1"/>
        <fields index="59" type="CARROT"/>
        <fields index="60" type="HARE"/>
        <fields index="61" type="CARROT"/>
        <fields index="62" type="CARROT"/>
        <fields index="63" type="HARE"/>
        <fields index="64" type="GOAL"/>
      </board>
      <lastMove>
        <advance order="0" distance="8"/>
      </lastMove>
    </state>
  </data>
</room>
<room roomId="b13ab6a3-9a95-4716-9515-151c9367a070">
  <data class="memento">
    <state class="state" turn="39" startPlayer="RED" currentPlayer="BLUE">
      <red displayName="Mensch Spieler 1" color="RED" index="46" carrots="69" salads="2">
        <cards>
          <type>HURRY_AHEAD</type>
          <type>FALL_BACK</type>
        </cards>
        <lastNonSkipAction class="advance" order="0" distance="4"/>
      </red>
      <blue displayName="Mensch Spieler 2" color="BLUE" index="51" carrots="14" salads="1">
        <cards>
          <type>HURRY_AHEAD</type>
          <type>FALL_BACK</type>
        </cards>
        <lastNonSkipAction class="advance" order="0" distance="8"/>
      </blue>
      <board>
        <fields index="0" type="START"/>
        <fields index="1" type="POSITION_2"/>
        <fields index="2" type="HARE"/>
        <fields index="3" type="CARROT"/>
        <fields index="4" type="CARROT"/>
        <fields index="5" type="POSITION_1"/>
        <fields index="6" type="HARE"/>
        <fields index="7" type="CARROT"/>
        <fields index="8" type="CARROT"/>
        <fields index="9" type="HARE"/>
        <fields index="10" type="SALAD"/>
        <fields index="11" type="HEDGEHOG"/>
        <fields index="12" type="CARROT"/>
        <fields index="13" type="HARE"/>
        <fields index="14" type="CARROT"/>
        <fields index="15" type="HEDGEHOG"/>
        <fields index="16" type="POSITION_1"/>
        <fields index="17" type="CARROT"/>
        <fields index="18" type="POSITION_2"/>
        <fields index="19" type="HEDGEHOG"/>
        <fields index="20" type="CARROT"/>
        <fields index="21" type="CARROT"/>
        <fields index="22" type="SALAD"/>
        <fields index="23" type="POSITION_2"/>
        <fields index="24" type="HEDGEHOG"/>
        <fields index="25" type="HARE"/>
        <fields index="26" type="CARROT"/>
        <fields index="27" type="POSITION_2"/>
        <fields index="28" type="CARROT"/>
        <fields index="29" type="CARROT"/>
        <fields index="30" type="HEDGEHOG"/>
        <fields index="31" type="HARE"/>
        <fields index="32" type="CARROT"/>
        <fields index="33" type="CARROT"/>
        <fields index="34" type="POSITION_1"/>
        <fields index="35" type="POSITION_2"/>
        <fields index="36" type="HARE"/>
        <fields index="37" type="HEDGEHOG"/>
        <fields index="38" type="POSITION_2"/>
        <fields index="39" type="CARROT"/>
        <fields index="40" type="HARE"/>
        <fields index="41" type="CARROT"/>
        <fields index="42" type="SALAD"/>
        <fields index="43" type="HEDGEHOG"/>
        <fields index="44" type="POSITION_2"/>
        <fields index="45" type="HARE"/>
        <fields index="46" type="CARROT"/>
        <fields index="47" type="CARROT"/>
        <fields index="48" type="POSITION_1"/>
        <fields index="49" type="CARROT"/>
        <fields index="50" type="HEDGEHOG"/>
        <fields index="51" type="CARROT"/>
        <fields index="52" type="POSITION_2"/>
        <fields index="53" type="CARROT"/>
        <fields index="54" type="CARROT"/>
        <fields index="55" type="HARE"/>
        <fields index="56" type="HEDGEHOG"/>
        <fields index="57" type="SALAD"/>
        <fields index="58" type="POSITION_1"/>
        <fields index="59" type="CARROT"/>
        <fields index="60" type="HARE"/>
        <fields index="61" type="CARROT"/>
        <fields index="62" type="CARROT"/>
        <fields index="63" type="HARE"/>
        <fields index="64" type="GOAL"/>
      </board>
      <lastMove>
        <advance order="0" distance="4"/>
      </lastMove>
    </state>
  </data>
</room>
<room roomId="b13ab6a3-9a95-4716-9515-151c9367a070">
  <data class="memento">
    <state class="state" turn="40" startPlayer="RED" currentPlayer="RED">
      <red displayName="Mensch Spieler 1" color="RED" index="46" carrots="69" salads="2">
        <cards>
          <type>HURRY_AHEAD</type>
          <type>FALL_BACK</type>
        </cards>
        <lastNonSkipAction class="advance" order="0" distance="4"/>
      </red>
      <blue displayName="Mensch Spieler 2" color="BLUE" index="54" carrots="8" salads="1">
        <cards>
          <type>HURRY_AHEAD</type>
          <type>FALL_BACK</type>
        </cards>
        <lastNonSkipAction class="advance" order="0" distance="3"/>
      </blue>
      <board>
        <fields index="0" type="START"/>
        <fields index="1" type="POSITION_2"/>
        <fields index="2" type="HARE"/>
        <fields index="3" type="CARROT"/>
        <fields index="4" type="CARROT"/>
        <fields index="5" type="POSITION_1"/>
        <fields index="6" type="HARE"/>
        <fields index="7" type="CARROT"/>
        <fields index="8" type="CARROT"/>
        <fields index="9" type="HARE"/>
        <fields index="10" type="SALAD"/>
        <fields index="11" type="HEDGEHOG"/>
        <fields index="12" type="CARROT"/>
        <fields index="13" type="HARE"/>
        <fields index="14" type="CARROT"/>
        <fields index="15" type="HEDGEHOG"/>
        <fields index="16" type="POSITION_1"/>
        <fields index="17" type="CARROT"/>
        <fields index="18" type="POSITION_2"/>
        <fields index="19" type="HEDGEHOG"/>
        <fields index="20" type="CARROT"/>
        <fields index="21" type="CARROT"/>
        <fields index="22" type="SALAD"/>
        <fields index="23" type="POSITION_2"/>
        <fields index="24" type="HEDGEHOG"/>
        <fields index="25" type="HARE"/>
        <fields index="26" type="CARROT"/>
        <fields index="27" type="POSITION_2"/>
        <fields index="28" type="CARROT"/>
        <fields index="29" type="CARROT"/>
        <fields index="30" type="HEDGEHOG"/>
        <fields index="31" type="HARE"/>
        <fields index="32" type="CARROT"/>
        <fields index="33" type="CARROT"/>
        <fields index="34" type="POSITION_1"/>
        <fields index="35" type="POSITION_2"/>
        <fields index="36" type="HARE"/>
        <fields index="37" type="HEDGEHOG"/>
        <fields index="38" type="POSITION_2"/>
        <fields index="39" type="CARROT"/>
        <fields index="40" type="HARE"/>
        <fields index="41" type="CARROT"/>
        <fields index="42" type="SALAD"/>
        <fields index="43" type="HEDGEHOG"/>
        <fields index="44" type="POSITION_2"/>
        <fields index="45" type="HARE"/>
        <fields index="46" type="CARROT"/>
        <fields index="47" type="CARROT"/>
        <fields index="48" type="POSITION_1"/>
        <fields index="49" type="CARROT"/>
        <fields index="50" type="HEDGEHOG"/>
        <fields index="51" type="CARROT"/>
        <fields index="52" type="POSITION_2"/>
        <fields index="53" type="CARROT"/>
        <fields index="54" type="CARROT"/>
        <fields index="55" type="HARE"/>
        <fields index="56" type="HEDGEHOG"/>
        <fields index="57" type="SALAD"/>
        <fields index="58" type="POSITION_1"/>
        <fields index="59" type="CARROT"/>
        <fields index="60" type="HARE"/>
        <fields index="61" type="CARROT"/>
        <fields index="62" type="CARROT"/>
        <fields index="63" type="HARE"/>
        <fields index="64" type="GOAL"/>
      </board>
      <lastMove>
        <advance order="0" distance="3"/>
      </lastMove>
    </state>
  </data>
</room>
<room roomId="b13ab6a3-9a95-4716-9515-151c9367a070">
  <data class="memento">
    <state class="state" turn="41" startPlayer="RED" currentPlayer="BLUE">
      <red displayName="Mensch Spieler 1" color="RED" index="51" carrots="54" salads="2">
        <cards>
          <type>HURRY_AHEAD</type>
          <type>FALL_BACK</type>
        </cards>
        <lastNonSkipAction class="advance" order="0" distance="5"/>
      </red>
      <blue displayName="Mensch Spieler 2" color="BLUE" index="54" carrots="8" salads="1">
        <cards>
          <type>HURRY_AHEAD</type>
          <type>FALL_BACK</type>
        </cards>
        <lastNonSkipAction class="advance" order="0" distance="3"/>
      </blue>
      <board>
        <fields index="0" type="START"/>
        <fields index="1" type="POSITION_2"/>
        <fields index="2" type="HARE"/>
        <fields index="3" type="CARROT"/>
        <fields index="4" type="CARROT"/>
        <fields index="5" type="POSITION_1"/>
        <fields index="6" type="HARE"/>
        <fields index="7" type="CARROT"/>
        <fields index="8" type="CARROT"/>
        <fields index="9" type="HARE"/>
        <fields index="10" type="SALAD"/>
        <fields index="11" type="HEDGEHOG"/>
        <fields index="12" type="CARROT"/>
        <fields index="13" type="HARE"/>
        <fields index="14" type="CARROT"/>
        <fields index="15" type="HEDGEHOG"/>
        <fields index="16" type="POSITION_1"/>
        <fields index="17" type="CARROT"/>
        <fields index="18" type="POSITION_2"/>
        <fields index="19" type="HEDGEHOG"/>
        <fields index="20" type="CARROT"/>
        <fields index="21" type="CARROT"/>
        <fields index="22" type="SALAD"/>
        <fields index="23" type="POSITION_2"/>
        <fields index="24" type="HEDGEHOG"/>
        <fields index="25" type="HARE"/>
        <fields index="26" type="CARROT"/>
        <fields index="27" type="POSITION_2"/>
        <fields index="28" type="CARROT"/>
        <fields index="29" type="CARROT"/>
        <fields index="30" type="HEDGEHOG"/>
        <fields index="31" type="HARE"/>
        <fields index="32" type="CARROT"/>
        <fields index="33" type="CARROT"/>
        <fields index="34" type="POSITION_1"/>
        <fields index="35" type="POSITION_2"/>
        <fields index="36" type="HARE"/>
        <fields index="37" type="HEDGEHOG"/>
        <fields index="38" type="POSITION_2"/>
        <fields index="39" type="CARROT"/>
        <fields index="40" type="HARE"/>
        <fields index="41" type="CARROT"/>
        <fields index="42" type="SALAD"/>
        <fields index="43" type="HEDGEHOG"/>
        <fields index="44" type="POSITION_2"/>
        <fields index="45" type="HARE"/>
        <fields index="46" type="CARROT"/>
        <fields index="47" type="CARROT"/>
        <fields index="48" type="POSITION_1"/>
        <fields index="49" type="CARROT"/>
        <fields index="50" type="HEDGEHOG"/>
        <fields index="51" type="CARROT"/>
        <fields index="52" type="POSITION_2"/>
        <fields index="53" type="CARROT"/>
        <fields index="54" type="CARROT"/>
        <fields index="55" type="HARE"/>
        <fields index="56" type="HEDGEHOG"/>
        <fields index="57" type="SALAD"/>
        <fields index="58" type="POSITION_1"/>
        <fields index="59" type="CARROT"/>
        <fields index="60" type="HARE"/>
        <fields index="61" type="CARROT"/>
        <fields index="62" type="CARROT"/>
        <fields index="63" type="HARE"/>
        <fields index="64" type="GOAL"/>
      </board>
      <lastMove>
        <advance order="0" distance="5"/>
      </lastMove>
    </state>
  </data>
</room>
<room roomId="b13ab6a3-9a95-4716-9515-151c9367a070">
  <data class="memento">
    <state class="state" turn="42" startPlayer="RED" currentPlayer="RED">
      <red displayName="Mensch Spieler 1" color="RED" index="51" carrots="54" salads="2">
        <cards>
          <type>HURRY_AHEAD</type>
          <type>FALL_BACK</type>
        </cards>
        <lastNonSkipAction class="advance" order="0" distance="5"/>
      </red>
      <blue displayName="Mensch Spieler 2" color="BLUE" index="50" carrots="48" salads="1">
        <cards>
          <type>HURRY_AHEAD</type>
          <type>FALL_BACK</type>
        </cards>
        <lastNonSkipAction class="fallBack" order="0"/>
      </blue>
      <board>
        <fields index="0" type="START"/>
        <fields index="1" type="POSITION_2"/>
        <fields index="2" type="HARE"/>
        <fields index="3" type="CARROT"/>
        <fields index="4" type="CARROT"/>
        <fields index="5" type="POSITION_1"/>
        <fields index="6" type="HARE"/>
        <fields index="7" type="CARROT"/>
        <fields index="8" type="CARROT"/>
        <fields index="9" type="HARE"/>
        <fields index="10" type="SALAD"/>
        <fields index="11" type="HEDGEHOG"/>
        <fields index="12" type="CARROT"/>
        <fields index="13" type="HARE"/>
        <fields index="14" type="CARROT"/>
        <fields index="15" type="HEDGEHOG"/>
        <fields index="16" type="POSITION_1"/>
        <fields index="17" type="CARROT"/>
        <fields index="18" type="POSITION_2"/>
        <fields index="19" type="HEDGEHOG"/>
        <fields index="20" type="CARROT"/>
        <fields index="21" type="CARROT"/>
        <fields index="22" type="SALAD"/>
        <fields index="23" type="POSITION_2"/>
        <fields index="24" type="HEDGEHOG"/>
        <fields index="25" type="HARE"/>
        <fields index="26" type="CARROT"/>
        <fields index="27" type="POSITION_2"/>
        <fields index="28" type="CARROT"/>
        <fields index="29" type="CARROT"/>
        <fields index="30" type="HEDGEHOG"/>
        <fields index="31" type="HARE"/>
        <fields index="32" type="CARROT"/>
        <fields index="33" type="CARROT"/>
        <fields index="34" type="POSITION_1"/>
        <fields index="35" type="POSITION_2"/>
        <fields index="36" type="HARE"/>
        <fields index="37" type="HEDGEHOG"/>
        <fields index="38" type="POSITION_2"/>
        <fields index="39" type="CARROT"/>
        <fields index="40" type="HARE"/>
        <fields index="41" type="CARROT"/>
        <fields index="42" type="SALAD"/>
        <fields index="43" type="HEDGEHOG"/>
        <fields index="44" type="POSITION_2"/>
        <fields index="45" type="HARE"/>
        <fields index="46" type="CARROT"/>
        <fields index="47" type="CARROT"/>
        <fields index="48" type="POSITION_1"/>
        <fields index="49" type="CARROT"/>
        <fields index="50" type="HEDGEHOG"/>
        <fields index="51" type="CARROT"/>
        <fields index="52" type="POSITION_2"/>
        <fields index="53" type="CARROT"/>
        <fields index="54" type="CARROT"/>
        <fields index="55" type="HARE"/>
        <fields index="56" type="HEDGEHOG"/>
        <fields index="57" type="SALAD"/>
        <fields index="58" type="POSITION_1"/>
        <fields index="59" type="CARROT"/>
        <fields index="60" type="HARE"/>
        <fields index="61" type="CARROT"/>
        <fields index="62" type="CARROT"/>
        <fields index="63" type="HARE"/>
        <fields index="64" type="GOAL"/>
      </board>
      <lastMove>
        <fallBack order="0"/>
      </lastMove>
    </state>
  </data>
</room>
<room roomId="b13ab6a3-9a95-4716-9515-151c9367a070">
  <data class="memento">
    <state class="state" turn="43" startPlayer="RED" currentPlayer="BLUE">
      <red displayName="Mensch Spieler 1" color="RED" index="57" carrots="33" salads="2">
        <cards>
          <type>HURRY_AHEAD</type>
          <type>FALL_BACK</type>
        </cards>
        <lastNonSkipAction class="advance" order="0" distance="6"/>
      </red>
      <blue displayName="Mensch Spieler 2" color="BLUE" index="50" carrots="48" salads="1">
        <cards>
          <type>HURRY_AHEAD</type>
          <type>FALL_BACK</type>
        </cards>
        <lastNonSkipAction class="fallBack" order="0"/>
      </blue>
      <board>
        <fields index="0" type="START"/>
        <fields index="1" type="POSITION_2"/>
        <fields index="2" type="HARE"/>
        <fields index="3" type="CARROT"/>
        <fields index="4" type="CARROT"/>
        <fields index="5" type="POSITION_1"/>
        <fields index="6" type="HARE"/>
        <fields index="7" type="CARROT"/>
        <fields index="8" type="CARROT"/>
        <fields index="9" type="HARE"/>
        <fields index="10" type="SALAD"/>
        <fields index="11" type="HEDGEHOG"/>
        <fields index="12" type="CARROT"/>
        <fields index="13" type="HARE"/>
        <fields index="14" type="CARROT"/>
        <fields index="15" type="HEDGEHOG"/>
        <fields index="16" type="POSITION_1"/>
        <fields index="17" type="CARROT"/>
        <fields index="18" type="POSITION_2"/>
        <fields index="19" type="HEDGEHOG"/>
        <fields index="20" type="CARROT"/>
        <fields index="21" type="CARROT"/>
        <fields index="22" type="SALAD"/>
        <fields index="23" type="POSITION_2"/>
        <fields index="24" type="HEDGEHOG"/>
        <fields index="25" type="HARE"/>
        <fields index="26" type="CARROT"/>
        <fields index="27" type="POSITION_2"/>
        <fields index="28" type="CARROT"/>
        <fields index="29" type="CARROT"/>
        <fields index="30" type="HEDGEHOG"/>
        <fields index="31" type="HARE"/>
        <fields index="32" type="CARROT"/>
        <fields index="33" type="CARROT"/>
        <fields index="34" type="POSITION_1"/>
        <fields index="35" type="POSITION_2"/>
        <fields index="36" type="HARE"/>
        <fields index="37" type="HEDGEHOG"/>
        <fields index="38" type="POSITION_2"/>
        <fields index="39" type="CARROT"/>
        <fields index="40" type="HARE"/>
        <fields index="41" type="CARROT"/>
        <fields index="42" type="SALAD"/>
        <fields index="43" type="HEDGEHOG"/>
        <fields index="44" type="POSITION_2"/>
        <fields index="45" type="HARE"/>
        <fields index="46" type="CARROT"/>
        <fields index="47" type="CARROT"/>
        <fields index="48" type="POSITION_1"/>
        <fields index="49" type="CARROT"/>
        <fields index="50" type="HEDGEHOG"/>
        <fields index="51" type="CARROT"/>
        <fields index="52" type="POSITION_2"/>
        <fields index="53" type="CARROT"/>
        <fields index="54" type="CARROT"/>
        <fields index="55" type="HARE"/>
        <fields index="56" type="HEDGEHOG"/>
        <fields index="57" type="SALAD"/>
        <fields index="58" type="POSITION_1"/>
        <fields index="59" type="CARROT"/>
        <fields index="60" type="HARE"/>
        <fields index="61" type="CARROT"/>
        <fields index="62" type="CARROT"/>
        <fields index="63" type="HARE"/>
        <fields index="64" type="GOAL"/>
      </board>
      <lastMove>
        <advance order="0" distance="6"/>
      </lastMove>
    </state>
  </data>
</room>
<room roomId="b13ab6a3-9a95-4716-9515-151c9367a070">
  <data class="memento">
    <state class="state" turn="44" startPlayer="RED" currentPlayer="RED">
      <red displayName="Mensch Spieler 1" color="RED" index="57" carrots="33" salads="2">
        <cards>
          <type>HURRY_AHEAD</type>
          <type>FALL_BACK</type>
        </cards>
        <lastNonSkipAction class="advance" order="0" distance="6"/>
      </red>
      <blue displayName="Mensch Spieler 2" color="BLUE" index="52" carrots="45" salads="1">
        <cards>
          <type>HURRY_AHEAD</type>
          <type>FALL_BACK</type>
        </cards>
        <lastNonSkipAction class="advance" order="0" distance="2"/>
      </blue>
      <board>
        <fields index="0" type="START"/>
        <fields index="1" type="POSITION_2"/>
        <fields index="2" type="HARE"/>
        <fields index="3" type="CARROT"/>
        <fields index="4" type="CARROT"/>
        <fields index="5" type="POSITION_1"/>
        <fields index="6" type="HARE"/>
        <fields index="7" type="CARROT"/>
        <fields index="8" type="CARROT"/>
        <fields index="9" type="HARE"/>
        <fields index="10" type="SALAD"/>
        <fields index="11" type="HEDGEHOG"/>
        <fields index="12" type="CARROT"/>
        <fields index="13" type="HARE"/>
        <fields index="14" type="CARROT"/>
        <fields index="15" type="HEDGEHOG"/>
        <fields index="16" type="POSITION_1"/>
        <fields index="17" type="CARROT"/>
        <fields index="18" type="POSITION_2"/>
        <fields index="19" type="HEDGEHOG"/>
        <fields index="20" type="CARROT"/>
        <fields index="21" type="CARROT"/>
        <fields index="22" type="SALAD"/>
        <fields index="23" type="POSITION_2"/>
        <fields index="24" type="HEDGEHOG"/>
        <fields index="25" type="HARE"/>
        <fields index="26" type="CARROT"/>
        <fields index="27" type="POSITION_2"/>
        <fields index="28" type="CARROT"/>
        <fields index="29" type="CARROT"/>
        <fields index="30" type="HEDGEHOG"/>
        <fields index="31" type="HARE"/>
        <fields index="32" type="CARROT"/>
        <fields index="33" type="CARROT"/>
        <fields index="34" type="POSITION_1"/>
        <fields index="35" type="POSITION_2"/>
        <fields index="36" type="HARE"/>
        <fields index="37" type="HEDGEHOG"/>
        <fields index="38" type="POSITION_2"/>
        <fields index="39" type="CARROT"/>
        <fields index="40" type="HARE"/>
        <fields index="41" type="CARROT"/>
        <fields index="42" type="SALAD"/>
        <fields index="43" type="HEDGEHOG"/>
        <fields index="44" type="POSITION_2"/>
        <fields index="45" type="HARE"/>
        <fields index="46" type="CARROT"/>
        <fields index="47" type="CARROT"/>
        <fields index="48" type="POSITION_1"/>
        <fields index="49" type="CARROT"/>
        <fields index="50" type="HEDGEHOG"/>
        <fields index="51" type="CARROT"/>
        <fields index="52" type="POSITION_2"/>
        <fields index="53" type="CARROT"/>
        <fields index="54" type="CARROT"/>
        <fields index="55" type="HARE"/>
        <fields index="56" type="HEDGEHOG"/>
        <fields index="57" type="SALAD"/>
        <fields index="58" type="POSITION_1"/>
        <fields index="59" type="CARROT"/>
        <fields index="60" type="HARE"/>
        <fields index="61" type="CARROT"/>
        <fields index="62" type="CARROT"/>
        <fields index="63" type="HARE"/>
        <fields index="64" type="GOAL"/>
      </board>
      <lastMove>
        <advance order="0" distance="2"/>
      </lastMove>
    </state>
  </data>
</room>
<room roomId="b13ab6a3-9a95-4716-9515-151c9367a070">
  <data class="memento">
    <state class="state" turn="45" startPlayer="RED" currentPlayer="BLUE">
      <red displayName="Mensch Spieler 1" color="RED" index="57" carrots="43" salads="1">
        <cards>
          <type>HURRY_AHEAD</type>
          <type>FALL_BACK</type>
        </cards>
        <lastNonSkipAction class="eatSalad" order="0"/>
      </red>
      <blue displayName="Mensch Spieler 2" color="BLUE" index="52" carrots="75" salads="1">
        <cards>
          <type>HURRY_AHEAD</type>
          <type>FALL_BACK</type>
        </cards>
        <lastNonSkipAction class="advance" order="0" distance="2"/>
      </blue>
      <board>
        <fields index="0" type="START"/>
        <fields index="1" type="POSITION_2"/>
        <fields index="2" type="HARE"/>
        <fields index="3" type="CARROT"/>
        <fields index="4" type="CARROT"/>
        <fields index="5" type="POSITION_1"/>
        <fields index="6" type="HARE"/>
        <fields index="7" type="CARROT"/>
        <fields index="8" type="CARROT"/>
        <fields index="9" type="HARE"/>
        <fields index="10" type="SALAD"/>
        <fields index="11" type="HEDGEHOG"/>
        <fields index="12" type="CARROT"/>
        <fields index="13" type="HARE"/>
        <fields index="14" type="CARROT"/>
        <fields index="15" type="HEDGEHOG"/>
        <fields index="16" type="POSITION_1"/>
        <fields index="17" type="CARROT"/>
        <fields index="18" type="POSITION_2"/>
        <fields index="19" type="HEDGEHOG"/>
        <fields index="20" type="CARROT"/>
        <fields index="21" type="CARROT"/>
        <fields index="22" type="SALAD"/>
        <fields index="23" type="POSITION_2"/>
        <fields index="24" type="HEDGEHOG"/>
        <fields index="25" type="HARE"/>
        <fields index="26" type="CARROT"/>
        <fields index="27" type="POSITION_2"/>
        <fields index="28" type="CARROT"/>
        <fields index="29" type="CARROT"/>
        <fields index="30" type="HEDGEHOG"/>
        <fields index="31" type="HARE"/>
        <fields index="32" type="CARROT"/>
        <fields index="33" type="CARROT"/>
        <fields index="34" type="POSITION_1"/>
        <fields index="35" type="POSITION_2"/>
        <fields index="36" type="HARE"/>
        <fields index="37" type="HEDGEHOG"/>
        <fields index="38" type="POSITION_2"/>
        <fields index="39" type="CARROT"/>
        <fields index="40" type="HARE"/>
        <fields index="41" type="CARROT"/>
        <fields index="42" type="SALAD"/>
        <fields index="43" type="HEDGEHOG"/>
        <fields index="44" type="POSITION_2"/>
        <fields index="45" type="HARE"/>
        <fields index="46" type="CARROT"/>
        <fields index="47" type="CARROT"/>
        <fields index="48" type="POSITION_1"/>
        <fields index="49" type="CARROT"/>
        <fields index="50" type="HEDGEHOG"/>
        <fields index="51" type="CARROT"/>
        <fields index="52" type="POSITION_2"/>
        <fields index="53" type="CARROT"/>
        <fields index="54" type="CARROT"/>
        <fields index="55" type="HARE"/>
        <fields index="56" type="HEDGEHOG"/>
        <fields index="57" type="SALAD"/>
        <fields index="58" type="POSITION_1"/>
        <fields index="59" type="CARROT"/>
        <fields index="60" type="HARE"/>
        <fields index="61" type="CARROT"/>
        <fields index="62" type="CARROT"/>
        <fields index="63" type="HARE"/>
        <fields index="64" type="GOAL"/>
      </board>
      <lastMove>
        <eatSalad order="0"/>
      </lastMove>
    </state>
  </data>
</room>
<room roomId="b13ab6a3-9a95-4716-9515-151c9367a070">
  <data class="memento">
    <state class="state" turn="46" startPlayer="RED" currentPlayer="RED">
      <red displayName="Mensch Spieler 1" color="RED" index="57" carrots="43" salads="1">
        <cards>
          <type>HURRY_AHEAD</type>
          <type>FALL_BACK</type>
        </cards>
        <lastNonSkipAction class="eatSalad" order="0"/>
      </red>
      <blue displayName="Mensch Spieler 2" color="BLUE" index="61" carrots="30" salads="1">
        <cards>
          <type>HURRY_AHEAD</type>
          <type>FALL_BACK</type>
        </cards>
        <lastNonSkipAction class="advance" order="0" distance="9"/>
      </blue>
      <board>
        <fields index="0" type="START"/>
        <fields index="1" type="POSITION_2"/>
        <fields index="2" type="HARE"/>
        <fields index="3" type="CARROT"/>
        <fields index="4" type="CARROT"/>
        <fields index="5" type="POSITION_1"/>
        <fields index="6" type="HARE"/>
        <fields index="7" type="CARROT"/>
        <fields index="8" type="CARROT"/>
        <fields index="9" type="HARE"/>
        <fields index="10" type="SALAD"/>
        <fields index="11" type="HEDGEHOG"/>
        <fields index="12" type="CARROT"/>
        <fields index="13" type="HARE"/>
        <fields index="14" type="CARROT"/>
        <fields index="15" type="HEDGEHOG"/>
        <fields index="16" type="POSITION_1"/>
        <fields index="17" type="CARROT"/>
        <fields index="18" type="POSITION_2"/>
        <fields index="19" type="HEDGEHOG"/>
        <fields index="20" type="CARROT"/>
        <fields index="21" type="CARROT"/>
        <fields index="22" type="SALAD"/>
        <fields index="23" type="POSITION_2"/>
        <fields index="24" type="HEDGEHOG"/>
        <fields index="25" type="HARE"/>
        <fields index="26" type="CARROT"/>
        <fields index="27" type="POSITION_2"/>
        <fields index="28" type="CARROT"/>
        <fields index="29" type="CARROT"/>
        <fields index="30" type="HEDGEHOG"/>
        <fields index="31" type="HARE"/>
        <fields index="32" type="CARROT"/>
        <fields index="33" type="CARROT"/>
        <fields index="34" type="POSITION_1"/>
        <fields index="35" type="POSITION_2"/>
        <fields index="36" type="HARE"/>
        <fields index="37" type="HEDGEHOG"/>
        <fields index="38" type="POSITION_2"/>
        <fields index="39" type="CARROT"/>
        <fields index="40" type="HARE"/>
        <fields index="41" type="CARROT"/>
        <fields index="42" type="SALAD"/>
        <fields index="43" type="HEDGEHOG"/>
        <fields index="44" type="POSITION_2"/>
        <fields index="45" type="HARE"/>
        <fields index="46" type="CARROT"/>
        <fields index="47" type="CARROT"/>
        <fields index="48" type="POSITION_1"/>
        <fields index="49" type="CARROT"/>
        <fields index="50" type="HEDGEHOG"/>
        <fields index="51" type="CARROT"/>
        <fields index="52" type="POSITION_2"/>
        <fields index="53" type="CARROT"/>
        <fields index="54" type="CARROT"/>
        <fields index="55" type="HARE"/>
        <fields index="56" type="HEDGEHOG"/>
        <fields index="57" type="SALAD"/>
        <fields index="58" type="POSITION_1"/>
        <fields index="59" type="CARROT"/>
        <fields index="60" type="HARE"/>
        <fields index="61" type="CARROT"/>
        <fields index="62" type="CARROT"/>
        <fields index="63" type="HARE"/>
        <fields index="64" type="GOAL"/>
      </board>
      <lastMove>
        <advance order="0" distance="9"/>
      </lastMove>
    </state>
  </data>
</room>
<room roomId="b13ab6a3-9a95-4716-9515-151c9367a070">
  <data class="memento">
    <state class="state" turn="47" startPlayer="RED" currentPlayer="BLUE">
      <red displayName="Mensch Spieler 1" color="RED" index="62" carrots="37" salads="1">
        <cards>
          <type>FALL_BACK</type>
        </cards>
        <lastNonSkipAction class="card" order="1" type="HURRY_AHEAD" value="0"/>
      </red>
      <blue displayName="Mensch Spieler 2" color="BLUE" index="61" carrots="30" salads="1">
        <cards>
          <type>HURRY_AHEAD</type>
          <type>FALL_BACK</type>
        </cards>
        <lastNonSkipAction class="advance" order="0" distance="9"/>
      </blue>
      <board>
        <fields index="0" type="START"/>
        <fields index="1" type="POSITION_2"/>
        <fields index="2" type="HARE"/>
        <fields index="3" type="CARROT"/>
        <fields index="4" type="CARROT"/>
        <fields index="5" type="POSITION_1"/>
        <fields index="6" type="HARE"/>
        <fields index="7" type="CARROT"/>
        <fields index="8" type="CARROT"/>
        <fields index="9" type="HARE"/>
        <fields index="10" type="SALAD"/>
        <fields index="11" type="HEDGEHOG"/>
        <fields index="12" type="CARROT"/>
        <fields index="13" type="HARE"/>
        <fields index="14" type="CARROT"/>
        <fields index="15" type="HEDGEHOG"/>
        <fields index="16" type="POSITION_1"/>
        <fields index="17" type="CARROT"/>
        <fields index="18" type="POSITION_2"/>
        <fields index="19" type="HEDGEHOG"/>
        <fields index="20" type="CARROT"/>
        <fields index="21" type="CARROT"/>
        <fields index="22" type="SALAD"/>
        <fields index="23" type="POSITION_2"/>
        <fields index="24" type="HEDGEHOG"/>
        <fields index="25" type="HARE"/>
        <fields index="26" type="CARROT"/>
        <fields index="27" type="POSITION_2"/>
        <fields index="28" type="CARROT"/>
        <fields index="29" type="CARROT"/>
        <fields index="30" type="HEDGEHOG"/>
        <fields index="31" type="HARE"/>
        <fields index="32" type="CARROT"/>
        <fields index="33" type="CARROT"/>
        <fields index="34" type="POSITION_1"/>
        <fields index="35" type="POSITION_2"/>
        <fields index="36" type="HARE"/>
        <fields index="37" type="HEDGEHOG"/>
        <fields index="38" type="POSITION_2"/>
        <fields index="39" type="CARROT"/>
        <fields index="40" type="HARE"/>
        <fields index="41" type="CARROT"/>
        <fields index="42" type="SALAD"/>
        <fields index="43" type="HEDGEHOG"/>
        <fields index="44" type="POSITION_2"/>
        <fields index="45" type="HARE"/>
        <fields index="46" type="CARROT"/>
        <fields index="47" type="CARROT"/>
        <fields index="48" type="POSITION_1"/>
        <fields index="49" type="CARROT"/>
        <fields index="50" type="HEDGEHOG"/>
        <fields index="51" type="CARROT"/>
        <fields index="52" type="POSITION_2"/>
        <fields index="53" type="CARROT"/>
        <fields index="54" type="CARROT"/>
        <fields index="55" type="HARE"/>
        <fields index="56" type="HEDGEHOG"/>
        <fields index="57" type="SALAD"/>
        <fields index="58" type="POSITION_1"/>
        <fields index="59" type="CARROT"/>
        <fields index="60" type="HARE"/>
        <fields index="61" type="CARROT"/>
        <fields index="62" type="CARROT"/>
        <fields index="63" type="HARE"/>
        <fields index="64" type="GOAL"/>
      </board>
      <lastMove>
        <advance order="0" distance="3"/>
        <card order="1" type="HURRY_AHEAD" value="0"/>
      </lastMove>
    </state>
  </data>
</room>
<room roomId="b13ab6a3-9a95-4716-9515-151c9367a070">
  <data class="memento">
    <state class="state" turn="48" startPlayer="RED" currentPlayer="RED">
      <red displayName="Mensch Spieler 1" color="RED" index="62" carrots="37" salads="1">
        <cards>
          <type>FALL_BACK</type>
        </cards>
        <lastNonSkipAction class="card" order="1" type="HURRY_AHEAD" value="0"/>
      </red>
      <blue displayName="Mensch Spieler 2" color="BLUE" index="56" carrots="80" salads="1">
        <cards>
          <type>HURRY_AHEAD</type>
          <type>FALL_BACK</type>
        </cards>
        <lastNonSkipAction class="fallBack" order="0"/>
      </blue>
      <board>
        <fields index="0" type="START"/>
        <fields index="1" type="POSITION_2"/>
        <fields index="2" type="HARE"/>
        <fields index="3" type="CARROT"/>
        <fields index="4" type="CARROT"/>
        <fields index="5" type="POSITION_1"/>
        <fields index="6" type="HARE"/>
        <fields index="7" type="CARROT"/>
        <fields index="8" type="CARROT"/>
        <fields index="9" type="HARE"/>
        <fields index="10" type="SALAD"/>
        <fields index="11" type="HEDGEHOG"/>
        <fields index="12" type="CARROT"/>
        <fields index="13" type="HARE"/>
        <fields index="14" type="CARROT"/>
        <fields index="15" type="HEDGEHOG"/>
        <fields index="16" type="POSITION_1"/>
        <fields index="17" type="CARROT"/>
        <fields index="18" type="POSITION_2"/>
        <fields index="19" type="HEDGEHOG"/>
        <fields index="20" type="CARROT"/>
        <fields index="21" type="CARROT"/>
        <fields index="22" type="SALAD"/>
        <fields index="23" type="POSITION_2"/>
        <fields index="24" type="HEDGEHOG"/>
        <fields index="25" type="HARE"/>
        <fields index="26" type="CARROT"/>
        <fields index="27" type="POSITION_2"/>
        <fields index="28" type="CARROT"/>
        <fields index="29" type="CARROT"/>
        <fields index="30" type="HEDGEHOG"/>
        <fields index="31" type="HARE"/>
        <fields index="32" type="CARROT"/>
        <fields index="33" type="CARROT"/>
        <fields index="34" type="POSITION_1"/>
        <fields index="35" type="POSITION_2"/>
        <fields index="36" type="HARE"/>
        <fields index="37" type="HEDGEHOG"/>
        <fields index="38" type="POSITION_2"/>
        <fields index="39" type="CARROT"/>
        <fields index="40" type="HARE"/>
        <fields index="41" type="CARROT"/>
        <fields index="42" type="SALAD"/>
        <fields index="43" type="HEDGEHOG"/>
        <fields index="44" type="POSITION_2"/>
        <fields index="45" type="HARE"/>
        <fields index="46" type="CARROT"/>
        <fields index="47" type="CARROT"/>
        <fields index="48" type="POSITION_1"/>
        <fields index="49" type="CARROT"/>
        <fields index="50" type="HEDGEHOG"/>
        <fields index="51" type="CARROT"/>
        <fields index="52" type="POSITION_2"/>
        <fields index="53" type="CARROT"/>
        <fields index="54" type="CARROT"/>
        <fields index="55" type="HARE"/>
        <fields index="56" type="HEDGEHOG"/>
        <fields index="57" type="SALAD"/>
        <fields index="58" type="POSITION_1"/>
        <fields index="59" type="CARROT"/>
        <fields index="60" type="HARE"/>
        <fields index="61" type="CARROT"/>
        <fields index="62" type="CARROT"/>
        <fields index="63" type="HARE"/>
        <fields index="64" type="GOAL"/>
      </board>
      <lastMove>
        <fallBack order="0"/>
      </lastMove>
    </state>
  </data>
</room>
<room roomId="b13ab6a3-9a95-4716-9515-151c9367a070">
  <data class="memento">
    <state class="state" turn="49" startPlayer="RED" currentPlayer="BLUE">
      <red displayName="Mensch Spieler 1" color="RED" index="62" carrots="27" salads="1">
        <cards>
          <type>FALL_BACK</type>
        </cards>
        <lastNonSkipAction class="exchangeCarrots" order="0" value="-10"/>
      </red>
      <blue displayName="Mensch Spieler 2" color="BLUE" index="56" carrots="80" salads="1">
        <cards>
          <type>HURRY_AHEAD</type>
          <type>FALL_BACK</type>
        </cards>
        <lastNonSkipAction class="fallBack" order="0"/>
      </blue>
      <board>
        <fields index="0" type="START"/>
        <fields index="1" type="POSITION_2"/>
        <fields index="2" type="HARE"/>
        <fields index="3" type="CARROT"/>
        <fields index="4" type="CARROT"/>
        <fields index="5" type="POSITION_1"/>
        <fields index="6" type="HARE"/>
        <fields index="7" type="CARROT"/>
        <fields index="8" type="CARROT"/>
        <fields index="9" type="HARE"/>
        <fields index="10" type="SALAD"/>
        <fields index="11" type="HEDGEHOG"/>
        <fields index="12" type="CARROT"/>
        <fields index="13" type="HARE"/>
        <fields index="14" type="CARROT"/>
        <fields index="15" type="HEDGEHOG"/>
        <fields index="16" type="POSITION_1"/>
        <fields index="17" type="CARROT"/>
        <fields index="18" type="POSITION_2"/>
        <fields index="19" type="HEDGEHOG"/>
        <fields index="20" type="CARROT"/>
        <fields index="21" type="CARROT"/>
        <fields index="22" type="SALAD"/>
        <fields index="23" type="POSITION_2"/>
        <fields index="24" type="HEDGEHOG"/>
        <fields index="25" type="HARE"/>
        <fields index="26" type="CARROT"/>
        <fields index="27" type="POSITION_2"/>
        <fields index="28" type="CARROT"/>
        <fields index="29" type="CARROT"/>
        <fields index="30" type="HEDGEHOG"/>
        <fields index="31" type="HARE"/>
        <fields index="32" type="CARROT"/>
        <fields index="33" type="CARROT"/>
        <fields index="34" type="POSITION_1"/>
        <fields index="35" type="POSITION_2"/>
        <fields index="36" type="HARE"/>
        <fields index="37" type="HEDGEHOG"/>
        <fields index="38" type="POSITION_2"/>
        <fields index="39" type="CARROT"/>
        <fields index="40" type="HARE"/>
        <fields index="41" type="CARROT"/>
        <fields index="42" type="SALAD"/>
        <fields index="43" type="HEDGEHOG"/>
        <fields index="44" type="POSITION_2"/>
        <fields index="45" type="HARE"/>
        <fields index="46" type="CARROT"/>
        <fields index="47" type="CARROT"/>
        <fields index="48" type="POSITION_1"/>
        <fields index="49" type="CARROT"/>
        <fields index="50" type="HEDGEHOG"/>
        <fields index="51" type="CARROT"/>
        <fields index="52" type="POSITION_2"/>
        <fields index="53" type="CARROT"/>
        <fields index="54" type="CARROT"/>
        <fields index="55" type="HARE"/>
        <fields index="56" type="HEDGEHOG"/>
        <fields index="57" type="SALAD"/>
        <fields index="58" type="POSITION_1"/>
        <fields index="59" type="CARROT"/>
        <fields index="60" type="HARE"/>
        <fields index="61" type="CARROT"/>
        <fields index="62" type="CARROT"/>
        <fields index="63" type="HARE"/>
        <fields index="64" type="GOAL"/>
      </board>
      <lastMove>
        <exchangeCarrots order="0" value="-10"/>
      </lastMove>
    </state>
  </data>
</room>
<room roomId="b13ab6a3-9a95-4716-9515-151c9367a070">
  <data class="memento">
    <state class="state" turn="50" startPlayer="RED" currentPlayer="RED">
      <red displayName="Mensch Spieler 1" color="RED" index="62" carrots="27" salads="1">
        <cards>
          <type>FALL_BACK</type>
        </cards>
        <lastNonSkipAction class="exchangeCarrots" order="0" value="-10"/>
      </red>
      <blue displayName="Mensch Spieler 2" color="BLUE" index="57" carrots="79" salads="1">
        <cards>
          <type>HURRY_AHEAD</type>
          <type>FALL_BACK</type>
        </cards>
        <lastNonSkipAction class="advance" order="0" distance="1"/>
      </blue>
      <board>
        <fields index="0" type="START"/>
        <fields index="1" type="POSITION_2"/>
        <fields index="2" type="HARE"/>
        <fields index="3" type="CARROT"/>
        <fields index="4" type="CARROT"/>
        <fields index="5" type="POSITION_1"/>
        <fields index="6" type="HARE"/>
        <fields index="7" type="CARROT"/>
        <fields index="8" type="CARROT"/>
        <fields index="9" type="HARE"/>
        <fields index="10" type="SALAD"/>
        <fields index="11" type="HEDGEHOG"/>
        <fields index="12" type="CARROT"/>
        <fields index="13" type="HARE"/>
        <fields index="14" type="CARROT"/>
        <fields index="15" type="HEDGEHOG"/>
        <fields index="16" type="POSITION_1"/>
        <fields index="17" type="CARROT"/>
        <fields index="18" type="POSITION_2"/>
        <fields index="19" type="HEDGEHOG"/>
        <fields index="20" type="CARROT"/>
        <fields index="21" type="CARROT"/>
        <fields index="22" type="SALAD"/>
        <fields index="23" type="POSITION_2"/>
        <fields index="24" type="HEDGEHOG"/>
        <fields index="25" type="HARE"/>
        <fields index="26" type="CARROT"/>
        <fields index="27" type="POSITION_2"/>
        <fields index="28" type="CARROT"/>
        <fields index="29" type="CARROT"/>
        <fields index="30" type="HEDGEHOG"/>
        <fields index="31" type="HARE"/>
        <fields index="32" type="CARROT"/>
        <fields index="33" type="CARROT"/>
        <fields index="34" type="POSITION_1"/>
        <fields index="35" type="POSITION_2"/>
        <fields index="36" type="HARE"/>
        <fields index="37" type="HEDGEHOG"/>
        <fields index="38" type="POSITION_2"/>
        <fields index="39" type="CARROT"/>
        <fields index="40" type="HARE"/>
        <fields index="41" type="CARROT"/>
        <fields index="42" type="SALAD"/>
        <fields index="43" type="HEDGEHOG"/>
        <fields index="44" type="POSITION_2"/>
        <fields index="45" type="HARE"/>
        <fields index="46" type="CARROT"/>
        <fields index="47" type="CARROT"/>
        <fields index="48" type="POSITION_1"/>
        <fields index="49" type="CARROT"/>
        <fields index="50" type="HEDGEHOG"/>
        <fields index="51" type="CARROT"/>
        <fields index="52" type="POSITION_2"/>
        <fields index="53" type="CARROT"/>
        <fields index="54" type="CARROT"/>
        <fields index="55" type="HARE"/>
        <fields index="56" type="HEDGEHOG"/>
        <fields index="57" type="SALAD"/>
        <fields index="58" type="POSITION_1"/>
        <fields index="59" type="CARROT"/>
        <fields index="60" type="HARE"/>
        <fields index="61" type="CARROT"/>
        <fields index="62" type="CARROT"/>
        <fields index="63" type="HARE"/>
        <fields index="64" type="GOAL"/>
      </board>
      <lastMove>
        <advance order="0" distance="1"/>
      </lastMove>
    </state>
  </data>
</room>
<room roomId="b13ab6a3-9a95-4716-9515-151c9367a070">
  <data class="memento">
    <state class="state" turn="51" startPlayer="RED" currentPlayer="BLUE">
      <red displayName="Mensch Spieler 1" color="RED" index="56" carrots="87" salads="1">
        <cards>
          <type>FALL_BACK</type>
        </cards>
        <lastNonSkipAction class="fallBack" order="0"/>
      </red>
      <blue displayName="Mensch Spieler 2" color="BLUE" index="57" carrots="79" salads="1">
        <cards>
          <type>HURRY_AHEAD</type>
          <type>FALL_BACK</type>
        </cards>
        <lastNonSkipAction class="advance" order="0" distance="1"/>
      </blue>
      <board>
        <fields index="0" type="START"/>
        <fields index="1" type="POSITION_2"/>
        <fields index="2" type="HARE"/>
        <fields index="3" type="CARROT"/>
        <fields index="4" type="CARROT"/>
        <fields index="5" type="POSITION_1"/>
        <fields index="6" type="HARE"/>
        <fields index="7" type="CARROT"/>
        <fields index="8" type="CARROT"/>
        <fields index="9" type="HARE"/>
        <fields index="10" type="SALAD"/>
        <fields index="11" type="HEDGEHOG"/>
        <fields index="12" type="CARROT"/>
        <fields index="13" type="HARE"/>
        <fields index="14" type="CARROT"/>
        <fields index="15" type="HEDGEHOG"/>
        <fields index="16" type="POSITION_1"/>
        <fields index="17" type="CARROT"/>
        <fields index="18" type="POSITION_2"/>
        <fields index="19" type="HEDGEHOG"/>
        <fields index="20" type="CARROT"/>
        <fields index="21" type="CARROT"/>
        <fields index="22" type="SALAD"/>
        <fields index="23" type="POSITION_2"/>
        <fields index="24" type="HEDGEHOG"/>
        <fields index="25" type="HARE"/>
        <fields index="26" type="CARROT"/>
        <fields index="27" type="POSITION_2"/>
        <fields index="28" type="CARROT"/>
        <fields index="29" type="CARROT"/>
        <fields index="30" type="HEDGEHOG"/>
        <fields index="31" type="HARE"/>
        <fields index="32" type="CARROT"/>
        <fields index="33" type="CARROT"/>
        <fields index="34" type="POSITION_1"/>
        <fields index="35" type="POSITION_2"/>
        <fields index="36" type="HARE"/>
        <fields index="37" type="HEDGEHOG"/>
        <fields index="38" type="POSITION_2"/>
        <fields index="39" type="CARROT"/>
        <fields index="40" type="HARE"/>
        <fields index="41" type="CARROT"/>
        <fields index="42" type="SALAD"/>
        <fields index="43" type="HEDGEHOG"/>
        <fields index="44" type="POSITION_2"/>
        <fields index="45" type="HARE"/>
        <fields index="46" type="CARROT"/>
        <fields index="47" type="CARROT"/>
        <fields index="48" type="POSITION_1"/>
        <fields index="49" type="CARROT"/>
        <fields index="50" type="HEDGEHOG"/>
        <fields index="51" type="CARROT"/>
        <fields index="52" type="POSITION_2"/>
        <fields index="53" type="CARROT"/>
        <fields index="54" type="CARROT"/>
        <fields index="55" type="HARE"/>
        <fields index="56" type="HEDGEHOG"/>
        <fields index="57" type="SALAD"/>
        <fields index="58" type="POSITION_1"/>
        <fields index="59" type="CARROT"/>
        <fields index="60" type="HARE"/>
        <fields index="61" type="CARROT"/>
        <fields index="62" type="CARROT"/>
        <fields index="63" type="HARE"/>
        <fields index="64" type="GOAL"/>
      </board>
      <lastMove>
        <fallBack order="0"/>
      </lastMove>
    </state>
  </data>
</room>
<room roomId="b13ab6a3-9a95-4716-9515-151c9367a070">
  <data class="memento">
    <state class="state" turn="52" startPlayer="RED" currentPlayer="RED">
      <red displayName="Mensch Spieler 1" color="RED" index="56" carrots="87" salads="1">
        <cards>
          <type>FALL_BACK</type>
        </cards>
        <lastNonSkipAction class="fallBack" order="0"/>
      </red>
      <blue displayName="Mensch Spieler 2" color="BLUE" index="57" carrots="89" salads="0">
        <cards>
          <type>HURRY_AHEAD</type>
          <type>FALL_BACK</type>
        </cards>
        <lastNonSkipAction class="eatSalad" order="0"/>
      </blue>
      <board>
        <fields index="0" type="START"/>
        <fields index="1" type="POSITION_2"/>
        <fields index="2" type="HARE"/>
        <fields index="3" type="CARROT"/>
        <fields index="4" type="CARROT"/>
        <fields index="5" type="POSITION_1"/>
        <fields index="6" type="HARE"/>
        <fields index="7" type="CARROT"/>
        <fields index="8" type="CARROT"/>
        <fields index="9" type="HARE"/>
        <fields index="10" type="SALAD"/>
        <fields index="11" type="HEDGEHOG"/>
        <fields index="12" type="CARROT"/>
        <fields index="13" type="HARE"/>
        <fields index="14" type="CARROT"/>
        <fields index="15" type="HEDGEHOG"/>
        <fields index="16" type="POSITION_1"/>
        <fields index="17" type="CARROT"/>
        <fields index="18" type="POSITION_2"/>
        <fields index="19" type="HEDGEHOG"/>
        <fields index="20" type="CARROT"/>
        <fields index="21" type="CARROT"/>
        <fields index="22" type="SALAD"/>
        <fields index="23" type="POSITION_2"/>
        <fields index="24" type="HEDGEHOG"/>
        <fields index="25" type="HARE"/>
        <fields index="26" type="CARROT"/>
        <fields index="27" type="POSITION_2"/>
        <fields index="28" type="CARROT"/>
        <fields index="29" type="CARROT"/>
        <fields index="30" type="HEDGEHOG"/>
        <fields index="31" type="HARE"/>
        <fields index="32" type="CARROT"/>
        <fields index="33" type="CARROT"/>
        <fields index="34" type="POSITION_1"/>
        <fields index="35" type="POSITION_2"/>
        <fields index="36" type="HARE"/>
        <fields index="37" type="HEDGEHOG"/>
        <fields index="38" type="POSITION_2"/>
        <fields index="39" type="CARROT"/>
        <fields index="40" type="HARE"/>
        <fields index="41" type="CARROT"/>
        <fields index="42" type="SALAD"/>
        <fields index="43" type="HEDGEHOG"/>
        <fields index="44" type="POSITION_2"/>
        <fields index="45" type="HARE"/>
        <fields index="46" type="CARROT"/>
        <fields index="47" type="CARROT"/>
        <fields index="48" type="POSITION_1"/>
        <fields index="49" type="CARROT"/>
        <fields index="50" type="HEDGEHOG"/>
        <fields index="51" type="CARROT"/>
        <fields index="52" type="POSITION_2"/>
        <fields index="53" type="CARROT"/>
        <fields index="54" type="CARROT"/>
        <fields index="55" type="HARE"/>
        <fields index="56" type="HEDGEHOG"/>
        <fields index="57" type="SALAD"/>
        <fields index="58" type="POSITION_1"/>
        <fields index="59" type="CARROT"/>
        <fields index="60" type="HARE"/>
        <fields index="61" type="CARROT"/>
        <fields index="62" type="CARROT"/>
        <fields index="63" type="HARE"/>
        <fields index="64" type="GOAL"/>
      </board>
      <lastMove>
        <eatSalad order="0"/>
      </lastMove>
    </state>
  </data>
</room>
<room roomId="b13ab6a3-9a95-4716-9515-151c9367a070">
  <data class="memento">
    <state class="state" turn="53" startPlayer="RED" currentPlayer="BLUE">
      <red displayName="Mensch Spieler 1" color="RED" index="62" carrots="66" salads="1">
        <cards>
          <type>FALL_BACK</type>
        </cards>
        <lastNonSkipAction class="advance" order="0" distance="6"/>
      </red>
      <blue displayName="Mensch Spieler 2" color="BLUE" index="57" carrots="89" salads="0">
        <cards>
          <type>HURRY_AHEAD</type>
          <type>FALL_BACK</type>
        </cards>
        <lastNonSkipAction class="eatSalad" order="0"/>
      </blue>
      <board>
        <fields index="0" type="START"/>
        <fields index="1" type="POSITION_2"/>
        <fields index="2" type="HARE"/>
        <fields index="3" type="CARROT"/>
        <fields index="4" type="CARROT"/>
        <fields index="5" type="POSITION_1"/>
        <fields index="6" type="HARE"/>
        <fields index="7" type="CARROT"/>
        <fields index="8" type="CARROT"/>
        <fields index="9" type="HARE"/>
        <fields index="10" type="SALAD"/>
        <fields index="11" type="HEDGEHOG"/>
        <fields index="12" type="CARROT"/>
        <fields index="13" type="HARE"/>
        <fields index="14" type="CARROT"/>
        <fields index="15" type="HEDGEHOG"/>
        <fields index="16" type="POSITION_1"/>
        <fields index="17" type="CARROT"/>
        <fields index="18" type="POSITION_2"/>
        <fields index="19" type="HEDGEHOG"/>
        <fields index="20" type="CARROT"/>
        <fields index="21" type="CARROT"/>
        <fields index="22" type="SALAD"/>
        <fields index="23" type="POSITION_2"/>
        <fields index="24" type="HEDGEHOG"/>
        <fields index="25" type="HARE"/>
        <fields index="26" type="CARROT"/>
        <fields index="27" type="POSITION_2"/>
        <fields index="28" type="CARROT"/>
        <fields index="29" type="CARROT"/>
        <fields index="30" type="HEDGEHOG"/>
        <fields index="31" type="HARE"/>
        <fields index="32" type="CARROT"/>
        <fields index="33" type="CARROT"/>
        <fields index="34" type="POSITION_1"/>
        <fields index="35" type="POSITION_2"/>
        <fields index="36" type="HARE"/>
        <fields index="37" type="HEDGEHOG"/>
        <fields index="38" type="POSITION_2"/>
        <fields index="39" type="CARROT"/>
        <fields index="40" type="HARE"/>
        <fields index="41" type="CARROT"/>
        <fields index="42" type="SALAD"/>
        <fields index="43" type="HEDGEHOG"/>
        <fields index="44" type="POSITION_2"/>
        <fields index="45" type="HARE"/>
        <fields index="46" type="CARROT"/>
        <fields index="47" type="CARROT"/>
        <fields index="48" type="POSITION_1"/>
        <fields index="49" type="CARROT"/>
        <fields index="50" type="HEDGEHOG"/>
        <fields index="51" type="CARROT"/>
        <fields index="52" type="POSITION_2"/>
        <fields index="53" type="CARROT"/>
        <fields index="54" type="CARROT"/>
        <fields index="55" type="HARE"/>
        <fields index="56" type="HEDGEHOG"/>
        <fields index="57" type="SALAD"/>
        <fields index="58" type="POSITION_1"/>
        <fields index="59" type="CARROT"/>
        <fields index="60" type="HARE"/>
        <fields index="61" type="CARROT"/>
        <fields index="62" type="CARROT"/>
        <fields index="63" type="HARE"/>
        <fields index="64" type="GOAL"/>
      </board>
      <lastMove>
        <advance order="0" distance="6"/>
      </lastMove>
    </state>
  </data>
</room>
<room roomId="b13ab6a3-9a95-4716-9515-151c9367a070">
  <data class="memento">
    <state class="state" turn="54" startPlayer="RED" currentPlayer="RED">
      <red displayName="Mensch Spieler 1" color="RED" index="62" carrots="66" salads="1">
        <cards>
          <type>FALL_BACK</type>
        </cards>
        <lastNonSkipAction class="advance" order="0" distance="6"/>
      </red>
      <blue displayName="Mensch Spieler 2" color="BLUE" index="58" carrots="88" salads="0">
        <cards>
          <type>HURRY_AHEAD</type>
          <type>FALL_BACK</type>
        </cards>
        <lastNonSkipAction class="advance" order="0" distance="1"/>
      </blue>
      <board>
        <fields index="0" type="START"/>
        <fields index="1" type="POSITION_2"/>
        <fields index="2" type="HARE"/>
        <fields index="3" type="CARROT"/>
        <fields index="4" type="CARROT"/>
        <fields index="5" type="POSITION_1"/>
        <fields index="6" type="HARE"/>
        <fields index="7" type="CARROT"/>
        <fields index="8" type="CARROT"/>
        <fields index="9" type="HARE"/>
        <fields index="10" type="SALAD"/>
        <fields index="11" type="HEDGEHOG"/>
        <fields index="12" type="CARROT"/>
        <fields index="13" type="HARE"/>
        <fields index="14" type="CARROT"/>
        <fields index="15" type="HEDGEHOG"/>
        <fields index="16" type="POSITION_1"/>
        <fields index="17" type="CARROT"/>
        <fields index="18" type="POSITION_2"/>
        <fields index="19" type="HEDGEHOG"/>
        <fields index="20" type="CARROT"/>
        <fields index="21" type="CARROT"/>
        <fields index="22" type="SALAD"/>
        <fields index="23" type="POSITION_2"/>
        <fields index="24" type="HEDGEHOG"/>
        <fields index="25" type="HARE"/>
        <fields index="26" type="CARROT"/>
        <fields index="27" type="POSITION_2"/>
        <fields index="28" type="CARROT"/>
        <fields index="29" type="CARROT"/>
        <fields index="30" type="HEDGEHOG"/>
        <fields index="31" type="HARE"/>
        <fields index="32" type="CARROT"/>
        <fields index="33" type="CARROT"/>
        <fields index="34" type="POSITION_1"/>
        <fields index="35" type="POSITION_2"/>
        <fields index="36" type="HARE"/>
        <fields index="37" type="HEDGEHOG"/>
        <fields index="38" type="POSITION_2"/>
        <fields index="39" type="CARROT"/>
        <fields index="40" type="HARE"/>
        <fields index="41" type="CARROT"/>
        <fields index="42" type="SALAD"/>
        <fields index="43" type="HEDGEHOG"/>
        <fields index="44" type="POSITION_2"/>
        <fields index="45" type="HARE"/>
        <fields index="46" type="CARROT"/>
        <fields index="47" type="CARROT"/>
        <fields index="48" type="POSITION_1"/>
        <fields index="49" type="CARROT"/>
        <fields index="50" type="HEDGEHOG"/>
        <fields index="51" type="CARROT"/>
        <fields index="52" type="POSITION_2"/>
        <fields index="53" type="CARROT"/>
        <fields index="54" type="CARROT"/>
        <fields index="55" type="HARE"/>
        <fields index="56" type="HEDGEHOG"/>
        <fields index="57" type="SALAD"/>
        <fields index="58" type="POSITION_1"/>
        <fields index="59" type="CARROT"/>
        <fields index="60" type="HARE"/>
        <fields index="61" type="CARROT"/>
        <fields index="62" type="CARROT"/>
        <fields index="63" type="HARE"/>
        <fields index="64" type="GOAL"/>
      </board>
      <lastMove>
        <advance order="0" distance="1"/>
      </lastMove>
    </state>
  </data>
</room>
<room roomId="b13ab6a3-9a95-4716-9515-151c9367a070">
  <data class="memento">
    <state class="state" turn="55" startPlayer="RED" currentPlayer="BLUE">
      <red displayName="Mensch Spieler 1" color="RED" index="56" carrots="126" salads="1">
        <cards>
          <type>FALL_BACK</type>
        </cards>
        <lastNonSkipAction class="fallBack" order="0"/>
      </red>
      <blue displayName="Mensch Spieler 2" color="BLUE" index="58" carrots="98" salads="0">
        <cards>
          <type>HURRY_AHEAD</type>
          <type>FALL_BACK</type>
        </cards>
        <lastNonSkipAction class="advance" order="0" distance="1"/>
      </blue>
      <board>
        <fields index="0" type="START"/>
        <fields index="1" type="POSITION_2"/>
        <fields index="2" type="HARE"/>
        <fields index="3" type="CARROT"/>
        <fields index="4" type="CARROT"/>
        <fields index="5" type="POSITION_1"/>
        <fields index="6" type="HARE"/>
        <fields index="7" type="CARROT"/>
        <fields index="8" type="CARROT"/>
        <fields index="9" type="HARE"/>
        <fields index="10" type="SALAD"/>
        <fields index="11" type="HEDGEHOG"/>
        <fields index="12" type="CARROT"/>
        <fields index="13" type="HARE"/>
        <fields index="14" type="CARROT"/>
        <fields index="15" type="HEDGEHOG"/>
        <fields index="16" type="POSITION_1"/>
        <fields index="17" type="CARROT"/>
        <fields index="18" type="POSITION_2"/>
        <fields index="19" type="HEDGEHOG"/>
        <fields index="20" type="CARROT"/>
        <fields index="21" type="CARROT"/>
        <fields index="22" type="SALAD"/>
        <fields index="23" type="POSITION_2"/>
        <fields index="24" type="HEDGEHOG"/>
        <fields index="25" type="HARE"/>
        <fields index="26" type="CARROT"/>
        <fields index="27" type="POSITION_2"/>
        <fields index="28" type="CARROT"/>
        <fields index="29" type="CARROT"/>
        <fields index="30" type="HEDGEHOG"/>
        <fields index="31" type="HARE"/>
        <fields index="32" type="CARROT"/>
        <fields index="33" type="CARROT"/>
        <fields index="34" type="POSITION_1"/>
        <fields index="35" type="POSITION_2"/>
        <fields index="36" type="HARE"/>
        <fields index="37" type="HEDGEHOG"/>
        <fields index="38" type="POSITION_2"/>
        <fields index="39" type="CARROT"/>
        <fields index="40" type="HARE"/>
        <fields index="41" type="CARROT"/>
        <fields index="42" type="SALAD"/>
        <fields index="43" type="HEDGEHOG"/>
        <fields index="44" type="POSITION_2"/>
        <fields index="45" type="HARE"/>
        <fields index="46" type="CARROT"/>
        <fields index="47" type="CARROT"/>
        <fields index="48" type="POSITION_1"/>
        <fields index="49" type="CARROT"/>
        <fields index="50" type="HEDGEHOG"/>
        <fields index="51" type="CARROT"/>
        <fields index="52" type="POSITION_2"/>
        <fields index="53" type="CARROT"/>
        <fields index="54" type="CARROT"/>
        <fields index="55" type="HARE"/>
        <fields index="56" type="HEDGEHOG"/>
        <fields index="57" type="SALAD"/>
        <fields index="58" type="POSITION_1"/>
        <fields index="59" type="CARROT"/>
        <fields index="60" type="HARE"/>
        <fields index="61" type="CARROT"/>
        <fields index="62" type="CARROT"/>
        <fields index="63" type="HARE"/>
        <fields index="64" type="GOAL"/>
      </board>
      <lastMove>
        <fallBack order="0"/>
      </lastMove>
    </state>
  </data>
</room>
<room roomId="b13ab6a3-9a95-4716-9515-151c9367a070">
  <data class="memento">
    <state class="state" turn="56" startPlayer="RED" currentPlayer="RED">
      <red displayName="Mensch Spieler 1" color="RED" index="56" carrots="126" salads="1">
        <cards>
          <type>FALL_BACK</type>
        </cards>
        <lastNonSkipAction class="fallBack" order="0"/>
      </red>
      <blue displayName="Mensch Spieler 2" color="BLUE" index="59" carrots="97" salads="0">
        <cards>
          <type>HURRY_AHEAD</type>
          <type>FALL_BACK</type>
        </cards>
        <lastNonSkipAction class="advance" order="0" distance="1"/>
      </blue>
      <board>
        <fields index="0" type="START"/>
        <fields index="1" type="POSITION_2"/>
        <fields index="2" type="HARE"/>
        <fields index="3" type="CARROT"/>
        <fields index="4" type="CARROT"/>
        <fields index="5" type="POSITION_1"/>
        <fields index="6" type="HARE"/>
        <fields index="7" type="CARROT"/>
        <fields index="8" type="CARROT"/>
        <fields index="9" type="HARE"/>
        <fields index="10" type="SALAD"/>
        <fields index="11" type="HEDGEHOG"/>
        <fields index="12" type="CARROT"/>
        <fields index="13" type="HARE"/>
        <fields index="14" type="CARROT"/>
        <fields index="15" type="HEDGEHOG"/>
        <fields index="16" type="POSITION_1"/>
        <fields index="17" type="CARROT"/>
        <fields index="18" type="POSITION_2"/>
        <fields index="19" type="HEDGEHOG"/>
        <fields index="20" type="CARROT"/>
        <fields index="21" type="CARROT"/>
        <fields index="22" type="SALAD"/>
        <fields index="23" type="POSITION_2"/>
        <fields index="24" type="HEDGEHOG"/>
        <fields index="25" type="HARE"/>
        <fields index="26" type="CARROT"/>
        <fields index="27" type="POSITION_2"/>
        <fields index="28" type="CARROT"/>
        <fields index="29" type="CARROT"/>
        <fields index="30" type="HEDGEHOG"/>
        <fields index="31" type="HARE"/>
        <fields index="32" type="CARROT"/>
        <fields index="33" type="CARROT"/>
        <fields index="34" type="POSITION_1"/>
        <fields index="35" type="POSITION_2"/>
        <fields index="36" type="HARE"/>
        <fields index="37" type="HEDGEHOG"/>
        <fields index="38" type="POSITION_2"/>
        <fields index="39" type="CARROT"/>
        <fields index="40" type="HARE"/>
        <fields index="41" type="CARROT"/>
        <fields index="42" type="SALAD"/>
        <fields index="43" type="HEDGEHOG"/>
        <fields index="44" type="POSITION_2"/>
        <fields index="45" type="HARE"/>
        <fields index="46" type="CARROT"/>
        <fields index="47" type="CARROT"/>
        <fields index="48" type="POSITION_1"/>
        <fields index="49" type="CARROT"/>
        <fields index="50" type="HEDGEHOG"/>
        <fields index="51" type="CARROT"/>
        <fields index="52" type="POSITION_2"/>
        <fields index="53" type="CARROT"/>
        <fields index="54" type="CARROT"/>
        <fields index="55" type="HARE"/>
        <fields index="56" type="HEDGEHOG"/>
        <fields index="57" type="SALAD"/>
        <fields index="58" type="POSITION_1"/>
        <fields index="59" type="CARROT"/>
        <fields index="60" type="HARE"/>
        <fields index="61" type="CARROT"/>
        <fields index="62" type="CARROT"/>
        <fields index="63" type="HARE"/>
        <fields index="64" type="GOAL"/>
      </board>
      <lastMove>
        <advance order="0" distance="1"/>
      </lastMove>
    </state>
  </data>
</room>
<room roomId="b13ab6a3-9a95-4716-9515-151c9367a070">
  <data class="memento">
    <state class="state" turn="57" startPlayer="RED" currentPlayer="BLUE">
      <red displayName="Mensch Spieler 1" color="RED" index="57" carrots="125" salads="1">
        <cards>
          <type>FALL_BACK</type>
        </cards>
        <lastNonSkipAction class="advance" order="0" distance="1"/>
      </red>
      <blue displayName="Mensch Spieler 2" color="BLUE" index="59" carrots="97" salads="0">
        <cards>
          <type>HURRY_AHEAD</type>
          <type>FALL_BACK</type>
        </cards>
        <lastNonSkipAction class="advance" order="0" distance="1"/>
      </blue>
      <board>
        <fields index="0" type="START"/>
        <fields index="1" type="POSITION_2"/>
        <fields index="2" type="HARE"/>
        <fields index="3" type="CARROT"/>
        <fields index="4" type="CARROT"/>
        <fields index="5" type="POSITION_1"/>
        <fields index="6" type="HARE"/>
        <fields index="7" type="CARROT"/>
        <fields index="8" type="CARROT"/>
        <fields index="9" type="HARE"/>
        <fields index="10" type="SALAD"/>
        <fields index="11" type="HEDGEHOG"/>
        <fields index="12" type="CARROT"/>
        <fields index="13" type="HARE"/>
        <fields index="14" type="CARROT"/>
        <fields index="15" type="HEDGEHOG"/>
        <fields index="16" type="POSITION_1"/>
        <fields index="17" type="CARROT"/>
        <fields index="18" type="POSITION_2"/>
        <fields index="19" type="HEDGEHOG"/>
        <fields index="20" type="CARROT"/>
        <fields index="21" type="CARROT"/>
        <fields index="22" type="SALAD"/>
        <fields index="23" type="POSITION_2"/>
        <fields index="24" type="HEDGEHOG"/>
        <fields index="25" type="HARE"/>
        <fields index="26" type="CARROT"/>
        <fields index="27" type="POSITION_2"/>
        <fields index="28" type="CARROT"/>
        <fields index="29" type="CARROT"/>
        <fields index="30" type="HEDGEHOG"/>
        <fields index="31" type="HARE"/>
        <fields index="32" type="CARROT"/>
        <fields index="33" type="CARROT"/>
        <fields index="34" type="POSITION_1"/>
        <fields index="35" type="POSITION_2"/>
        <fields index="36" type="HARE"/>
        <fields index="37" type="HEDGEHOG"/>
        <fields index="38" type="POSITION_2"/>
        <fields index="39" type="CARROT"/>
        <fields index="40" type="HARE"/>
        <fields index="41" type="CARROT"/>
        <fields index="42" type="SALAD"/>
        <fields index="43" type="HEDGEHOG"/>
        <fields index="44" type="POSITION_2"/>
        <fields index="45" type="HARE"/>
        <fields index="46" type="CARROT"/>
        <fields index="47" type="CARROT"/>
        <fields index="48" type="POSITION_1"/>
        <fields index="49" type="CARROT"/>
        <fields index="50" type="HEDGEHOG"/>
        <fields index="51" type="CARROT"/>
        <fields index="52" type="POSITION_2"/>
        <fields index="53" type="CARROT"/>
        <fields index="54" type="CARROT"/>
        <fields index="55" type="HARE"/>
        <fields index="56" type="HEDGEHOG"/>
        <fields index="57" type="SALAD"/>
        <fields index="58" type="POSITION_1"/>
        <fields index="59" type="CARROT"/>
        <fields index="60" type="HARE"/>
        <fields index="61" type="CARROT"/>
        <fields index="62" type="CARROT"/>
        <fields index="63" type="HARE"/>
        <fields index="64" type="GOAL"/>
      </board>
      <lastMove>
        <advance order="0" distance="1"/>
      </lastMove>
    </state>
  </data>
</room>
<room roomId="b13ab6a3-9a95-4716-9515-151c9367a070">
  <data class="memento">
    <state class="state" turn="58" startPlayer="RED" currentPlayer="RED">
      <red displayName="Mensch Spieler 1" color="RED" index="57" carrots="125" salads="1">
        <cards>
          <type>FALL_BACK</type>
        </cards>
        <lastNonSkipAction class="advance" order="0" distance="1"/>
      </red>
      <blue displayName="Mensch Spieler 2" color="BLUE" index="59" carrots="87" salads="0">
        <cards>
          <type>HURRY_AHEAD</type>
          <type>FALL_BACK</type>
        </cards>
        <lastNonSkipAction class="exchangeCarrots" order="0" value="-10"/>
      </blue>
      <board>
        <fields index="0" type="START"/>
        <fields index="1" type="POSITION_2"/>
        <fields index="2" type="HARE"/>
        <fields index="3" type="CARROT"/>
        <fields index="4" type="CARROT"/>
        <fields index="5" type="POSITION_1"/>
        <fields index="6" type="HARE"/>
        <fields index="7" type="CARROT"/>
        <fields index="8" type="CARROT"/>
        <fields index="9" type="HARE"/>
        <fields index="10" type="SALAD"/>
        <fields index="11" type="HEDGEHOG"/>
        <fields index="12" type="CARROT"/>
        <fields index="13" type="HARE"/>
        <fields index="14" type="CARROT"/>
        <fields index="15" type="HEDGEHOG"/>
        <fields index="16" type="POSITION_1"/>
        <fields index="17" type="CARROT"/>
        <fields index="18" type="POSITION_2"/>
        <fields index="19" type="HEDGEHOG"/>
        <fields index="20" type="CARROT"/>
        <fields index="21" type="CARROT"/>
        <fields index="22" type="SALAD"/>
        <fields index="23" type="POSITION_2"/>
        <fields index="24" type="HEDGEHOG"/>
        <fields index="25" type="HARE"/>
        <fields index="26" type="CARROT"/>
        <fields index="27" type="POSITION_2"/>
        <fields index="28" type="CARROT"/>
        <fields index="29" type="CARROT"/>
        <fields index="30" type="HEDGEHOG"/>
        <fields index="31" type="HARE"/>
        <fields index="32" type="CARROT"/>
        <fields index="33" type="CARROT"/>
        <fields index="34" type="POSITION_1"/>
        <fields index="35" type="POSITION_2"/>
        <fields index="36" type="HARE"/>
        <fields index="37" type="HEDGEHOG"/>
        <fields index="38" type="POSITION_2"/>
        <fields index="39" type="CARROT"/>
        <fields index="40" type="HARE"/>
        <fields index="41" type="CARROT"/>
        <fields index="42" type="SALAD"/>
        <fields index="43" type="HEDGEHOG"/>
        <fields index="44" type="POSITION_2"/>
        <fields index="45" type="HARE"/>
        <fields index="46" type="CARROT"/>
        <fields index="47" type="CARROT"/>
        <fields index="48" type="POSITION_1"/>
        <fields index="49" type="CARROT"/>
        <fields index="50" type="HEDGEHOG"/>
        <fields index="51" type="CARROT"/>
        <fields index="52" type="POSITION_2"/>
        <fields index="53" type="CARROT"/>
        <fields index="54" type="CARROT"/>
        <fields index="55" type="HARE"/>
        <fields index="56" type="HEDGEHOG"/>
        <fields index="57" type="SALAD"/>
        <fields index="58" type="POSITION_1"/>
        <fields index="59" type="CARROT"/>
        <fields index="60" type="HARE"/>
        <fields index="61" type="CARROT"/>
        <fields index="62" type="CARROT"/>
        <fields index="63" type="HARE"/>
        <fields index="64" type="GOAL"/>
      </board>
      <lastMove>
        <exchangeCarrots order="0" value="-10"/>
      </lastMove>
    </state>
  </data>
</room>
<room roomId="b13ab6a3-9a95-4716-9515-151c9367a070">
  <data class="memento">
    <state class="state" turn="59" startPlayer="RED" currentPlayer="BLUE">
      <red displayName="Mensch Spieler 1" color="RED" index="57" carrots="155" salads="0">
        <cards>
          <type>FALL_BACK</type>
        </cards>
        <lastNonSkipAction class="eatSalad" order="0"/>
      </red>
      <blue displayName="Mensch Spieler 2" color="BLUE" index="59" carrots="87" salads="0">
        <cards>
          <type>HURRY_AHEAD</type>
          <type>FALL_BACK</type>
        </cards>
        <lastNonSkipAction class="exchangeCarrots" order="0" value="-10"/>
      </blue>
      <board>
        <fields index="0" type="START"/>
        <fields index="1" type="POSITION_2"/>
        <fields index="2" type="HARE"/>
        <fields index="3" type="CARROT"/>
        <fields index="4" type="CARROT"/>
        <fields index="5" type="POSITION_1"/>
        <fields index="6" type="HARE"/>
        <fields index="7" type="CARROT"/>
        <fields index="8" type="CARROT"/>
        <fields index="9" type="HARE"/>
        <fields index="10" type="SALAD"/>
        <fields index="11" type="HEDGEHOG"/>
        <fields index="12" type="CARROT"/>
        <fields index="13" type="HARE"/>
        <fields index="14" type="CARROT"/>
        <fields index="15" type="HEDGEHOG"/>
        <fields index="16" type="POSITION_1"/>
        <fields index="17" type="CARROT"/>
        <fields index="18" type="POSITION_2"/>
        <fields index="19" type="HEDGEHOG"/>
        <fields index="20" type="CARROT"/>
        <fields index="21" type="CARROT"/>
        <fields index="22" type="SALAD"/>
        <fields index="23" type="POSITION_2"/>
        <fields index="24" type="HEDGEHOG"/>
        <fields index="25" type="HARE"/>
        <fields index="26" type="CARROT"/>
        <fields index="27" type="POSITION_2"/>
        <fields index="28" type="CARROT"/>
        <fields index="29" type="CARROT"/>
        <fields index="30" type="HEDGEHOG"/>
        <fields index="31" type="HARE"/>
        <fields index="32" type="CARROT"/>
        <fields index="33" type="CARROT"/>
        <fields index="34" type="POSITION_1"/>
        <fields index="35" type="POSITION_2"/>
        <fields index="36" type="HARE"/>
        <fields index="37" type="HEDGEHOG"/>
        <fields index="38" type="POSITION_2"/>
        <fields index="39" type="CARROT"/>
        <fields index="40" type="HARE"/>
        <fields index="41" type="CARROT"/>
        <fields index="42" type="SALAD"/>
        <fields index="43" type="HEDGEHOG"/>
        <fields index="44" type="POSITION_2"/>
        <fields index="45" type="HARE"/>
        <fields index="46" type="CARROT"/>
        <fields index="47" type="CARROT"/>
        <fields index="48" type="POSITION_1"/>
        <fields index="49" type="CARROT"/>
        <fields index="50" type="HEDGEHOG"/>
        <fields index="51" type="CARROT"/>
        <fields index="52" type="POSITION_2"/>
        <fields index="53" type="CARROT"/>
        <fields index="54" type="CARROT"/>
        <fields index="55" type="HARE"/>
        <fields index="56" type="HEDGEHOG"/>
        <fields index="57" type="SALAD"/>
        <fields index="58" type="POSITION_1"/>
        <fields index="59" type="CARROT"/>
        <fields index="60" type="HARE"/>
        <fields index="61" type="CARROT"/>
        <fields index="62" type="CARROT"/>
        <fields index="63" type="HARE"/>
        <fields index="64" type="GOAL"/>
      </board>
      <lastMove>
        <eatSalad order="0"/>
      </lastMove>
    </state>
  </data>
</room>
<room roomId="b13ab6a3-9a95-4716-9515-151c9367a070">
  <data class="memento">
    <state class="state" turn="60" startPlayer="RED" currentPlayer="RED">
      <red displayName="Mensch Spieler 1" color="RED" index="57" carrots="155" salads="0">
        <cards>
          <type>FALL_BACK</type>
        </cards>
        <lastNonSkipAction class="eatSalad" order="0"/>
      </red>
      <blue displayName="Mensch Spieler 2" color="BLUE" index="62" carrots="81" salads="0">
        <cards>
          <type>HURRY_AHEAD</type>
          <type>FALL_BACK</type>
        </cards>
        <lastNonSkipAction class="advance" order="0" distance="3"/>
      </blue>
      <board>
        <fields index="0" type="START"/>
        <fields index="1" type="POSITION_2"/>
        <fields index="2" type="HARE"/>
        <fields index="3" type="CARROT"/>
        <fields index="4" type="CARROT"/>
        <fields index="5" type="POSITION_1"/>
        <fields index="6" type="HARE"/>
        <fields index="7" type="CARROT"/>
        <fields index="8" type="CARROT"/>
        <fields index="9" type="HARE"/>
        <fields index="10" type="SALAD"/>
        <fields index="11" type="HEDGEHOG"/>
        <fields index="12" type="CARROT"/>
        <fields index="13" type="HARE"/>
        <fields index="14" type="CARROT"/>
        <fields index="15" type="HEDGEHOG"/>
        <fields index="16" type="POSITION_1"/>
        <fields index="17" type="CARROT"/>
        <fields index="18" type="POSITION_2"/>
        <fields index="19" type="HEDGEHOG"/>
        <fields index="20" type="CARROT"/>
        <fields index="21" type="CARROT"/>
        <fields index="22" type="SALAD"/>
        <fields index="23" type="POSITION_2"/>
        <fields index="24" type="HEDGEHOG"/>
        <fields index="25" type="HARE"/>
        <fields index="26" type="CARROT"/>
        <fields index="27" type="POSITION_2"/>
        <fields index="28" type="CARROT"/>
        <fields index="29" type="CARROT"/>
        <fields index="30" type="HEDGEHOG"/>
        <fields index="31" type="HARE"/>
        <fields index="32" type="CARROT"/>
        <fields index="33" type="CARROT"/>
        <fields index="34" type="POSITION_1"/>
        <fields index="35" type="POSITION_2"/>
        <fields index="36" type="HARE"/>
        <fields index="37" type="HEDGEHOG"/>
        <fields index="38" type="POSITION_2"/>
        <fields index="39" type="CARROT"/>
        <fields index="40" type="HARE"/>
        <fields index="41" type="CARROT"/>
        <fields index="42" type="SALAD"/>
        <fields index="43" type="HEDGEHOG"/>
        <fields index="44" type="POSITION_2"/>
        <fields index="45" type="HARE"/>
        <fields index="46" type="CARROT"/>
        <fields index="47" type="CARROT"/>
        <fields index="48" type="POSITION_1"/>
        <fields index="49" type="CARROT"/>
        <fields index="50" type="HEDGEHOG"/>
        <fields index="51" type="CARROT"/>
        <fields index="52" type="POSITION_2"/>
        <fields index="53" type="CARROT"/>
        <fields index="54" type="CARROT"/>
        <fields index="55" type="HARE"/>
        <fields index="56" type="HEDGEHOG"/>
        <fields index="57" type="SALAD"/>
        <fields index="58" type="POSITION_1"/>
        <fields index="59" type="CARROT"/>
        <fields index="60" type="HARE"/>
        <fields index="61" type="CARROT"/>
        <fields index="62" type="CARROT"/>
        <fields index="63" type="HARE"/>
        <fields index="64" type="GOAL"/>
      </board>
      <lastMove>
        <advance order="0" distance="3"/>
      </lastMove>
    </state>
  </data>
</room>
<room roomId="b13ab6a3-9a95-4716-9515-151c9367a070">
  <data class="memento">
    <state class="state" turn="61" startPlayer="RED" currentPlayer="BLUE">
      <red displayName="Mensch Spieler 1" color="RED" index="61" carrots="145" salads="0">
        <cards>
          <type>FALL_BACK</type>
        </cards>
        <lastNonSkipAction class="advance" order="0" distance="4"/>
      </red>
      <blue displayName="Mensch Spieler 2" color="BLUE" index="62" carrots="81" salads="0">
        <cards>
          <type>HURRY_AHEAD</type>
          <type>FALL_BACK</type>
        </cards>
        <lastNonSkipAction class="advance" order="0" distance="3"/>
      </blue>
      <board>
        <fields index="0" type="START"/>
        <fields index="1" type="POSITION_2"/>
        <fields index="2" type="HARE"/>
        <fields index="3" type="CARROT"/>
        <fields index="4" type="CARROT"/>
        <fields index="5" type="POSITION_1"/>
        <fields index="6" type="HARE"/>
        <fields index="7" type="CARROT"/>
        <fields index="8" type="CARROT"/>
        <fields index="9" type="HARE"/>
        <fields index="10" type="SALAD"/>
        <fields index="11" type="HEDGEHOG"/>
        <fields index="12" type="CARROT"/>
        <fields index="13" type="HARE"/>
        <fields index="14" type="CARROT"/>
        <fields index="15" type="HEDGEHOG"/>
        <fields index="16" type="POSITION_1"/>
        <fields index="17" type="CARROT"/>
        <fields index="18" type="POSITION_2"/>
        <fields index="19" type="HEDGEHOG"/>
        <fields index="20" type="CARROT"/>
        <fields index="21" type="CARROT"/>
        <fields index="22" type="SALAD"/>
        <fields index="23" type="POSITION_2"/>
        <fields index="24" type="HEDGEHOG"/>
        <fields index="25" type="HARE"/>
        <fields index="26" type="CARROT"/>
        <fields index="27" type="POSITION_2"/>
        <fields index="28" type="CARROT"/>
        <fields index="29" type="CARROT"/>
        <fields index="30" type="HEDGEHOG"/>
        <fields index="31" type="HARE"/>
        <fields index="32" type="CARROT"/>
        <fields index="33" type="CARROT"/>
        <fields index="34" type="POSITION_1"/>
        <fields index="35" type="POSITION_2"/>
        <fields index="36" type="HARE"/>
        <fields index="37" type="HEDGEHOG"/>
        <fields index="38" type="POSITION_2"/>
        <fields index="39" type="CARROT"/>
        <fields index="40" type="HARE"/>
        <fields index="41" type="CARROT"/>
        <fields index="42" type="SALAD"/>
        <fields index="43" type="HEDGEHOG"/>
        <fields index="44" type="POSITION_2"/>
        <fields index="45" type="HARE"/>
        <fields index="46" type="CARROT"/>
        <fields index="47" type="CARROT"/>
        <fields index="48" type="POSITION_1"/>
        <fields index="49" type="CARROT"/>
        <fields index="50" type="HEDGEHOG"/>
        <fields index="51" type="CARROT"/>
        <fields index="52" type="POSITION_2"/>
        <fields index="53" type="CARROT"/>
        <fields index="54" type="CARROT"/>
        <fields index="55" type="HARE"/>
        <fields index="56" type="HEDGEHOG"/>
        <fields index="57" type="SALAD"/>
        <fields index="58" type="POSITION_1"/>
        <fields index="59" type="CARROT"/>
        <fields index="60" type="HARE"/>
        <fields index="61" type="CARROT"/>
        <fields index="62" type="CARROT"/>
        <fields index="63" type="HARE"/>
        <fields index="64" type="GOAL"/>
      </board>
      <lastMove>
        <advance order="0" distance="4"/>
      </lastMove>
    </state>
  </data>
</room>
<room roomId="b13ab6a3-9a95-4716-9515-151c9367a070">
  <data class="result">
    <definition>
      <fragment name="Gewinner">
        <aggregation>SUM</aggregation>
        <relevantForRanking>true</relevantForRanking>
      </fragment>
      <fragment name="∅ Feldnummer">
        <aggregation>AVERAGE</aggregation>
        <relevantForRanking>true</relevantForRanking>
      </fragment>
      <fragment name="∅ Karotten">
        <aggregation>AVERAGE</aggregation>
        <relevantForRanking>true</relevantForRanking>
      </fragment>
    </definition>
    <score cause="REGULAR" reason="Das Rundenlimit wurde erreicht.">
      <part>0</part>
      <part>61</part>
      <part>145</part>
    </score>
    <score cause="REGULAR" reason="Das Rundenlimit wurde erreicht.">
      <part>2</part>
      <part>62</part>
      <part>81</part>
    </score>
    <winner class="player" displayName="Mensch Spieler 2" color="BLUE" index="62" carrots="81" salads="0">
      <cards>
        <type>HURRY_AHEAD</type>
        <type>FALL_BACK</type>
      </cards>
      <lastNonSkipAction class="advance" order="0" distance="3"/>
    </winner>
  </data>
</room>
<left roomId="b13ab6a3-9a95-4716-9515-151c9367a070"/>
</protocol>
